time="2019-06-03T17:01:06+08:00" level=info msg="[imooc.com/resk/infra.(*starterRegister).Register(infra/starer.go:78)] Register starter: *base.PropsStarter" func="imooc.com/resk/infra.(*starterRegister).Register" file="infra/starer.go:78"
time="2019-06-03T17:01:06+08:00" level=info msg="[imooc.com/resk/infra.(*starterRegister).Register(infra/starer.go:78)] Register starter: *base.DbxDatabaseStarter" func="imooc.com/resk/infra.(*starterRegister).Register" file="infra/starer.go:78"
time="2019-06-03T17:01:06+08:00" level=info msg="[imooc.com/resk/infra.(*starterRegister).Register(infra/starer.go:78)] Register starter: *base.ValidatorStarter" func="imooc.com/resk/infra.(*starterRegister).Register" file="infra/starer.go:78"
time="2019-06-03T17:01:06+08:00" level=info msg="[imooc.com/resk/infra.(*BootApplication).init(infra/boot.go:34)] Initializing starters..." func="imooc.com/resk/infra.(*BootApplication).init" file="infra/boot.go:34"
time="2019-06-03T17:01:06+08:00" level=debug msg="[imooc.com/resk/infra.(*BootApplication).init(infra/boot.go:37)] Initializing: PriorityGroup=20,Priority=10000,type=*base.PropsStarter" func="imooc.com/resk/infra.(*BootApplication).init" file="infra/boot.go:37"
time="2019-06-03T17:01:06+08:00" level=info msg="[imooc.com/resk/infra/base.(*PropsStarter).Init(base/props.go:23)] 初始化配置." func="imooc.com/resk/infra/base.(*PropsStarter).Init" file="base/props.go:23"
time="2019-06-03T17:01:06+08:00" level=debug msg="[imooc.com/resk/infra.(*BootApplication).init(infra/boot.go:37)] Initializing: PriorityGroup=20,Priority=10000,type=*base.DbxDatabaseStarter" func="imooc.com/resk/infra.(*BootApplication).init" file="infra/boot.go:37"
time="2019-06-03T17:01:06+08:00" level=debug msg="[imooc.com/resk/infra.(*BootApplication).init(infra/boot.go:37)] Initializing: PriorityGroup=20,Priority=10000,type=*base.ValidatorStarter" func="imooc.com/resk/infra.(*BootApplication).init" file="infra/boot.go:37"
time="2019-06-03T17:01:06+08:00" level=info msg="[imooc.com/resk/infra.(*BootApplication).setup(infra/boot.go:45)] Setup starters..." func="imooc.com/resk/infra.(*BootApplication).setup" file="infra/boot.go:45"
time="2019-06-03T17:01:06+08:00" level=debug msg="[imooc.com/resk/infra.(*BootApplication).setup(infra/boot.go:48)] Setup: *base.PropsStarter" func="imooc.com/resk/infra.(*BootApplication).setup" file="infra/boot.go:48"
time="2019-06-03T17:01:06+08:00" level=debug msg="[imooc.com/resk/infra.(*BootApplication).setup(infra/boot.go:48)] Setup: *base.DbxDatabaseStarter" func="imooc.com/resk/infra.(*BootApplication).setup" file="infra/boot.go:48"
time="2019-06-03T17:01:06+08:00" level=info msg="[imooc.com/resk/infra/base.(*DbxDatabaseStarter).Setup(base/dbx.go:33)] mysql.conn url:po:***@tcp(192.168.232.175:3306)/po?loc=Local&charset=utf8&parseTime=true&" func="imooc.com/resk/infra/base.(*DbxDatabaseStarter).Setup" file="base/dbx.go:33"
time="2019-06-03T17:01:27+08:00" level=info msg="[imooc.com/resk/infra.(*starterRegister).Register(infra/starer.go:78)] Register starter: *base.PropsStarter" func="imooc.com/resk/infra.(*starterRegister).Register" file="infra/starer.go:78"
time="2019-06-03T17:01:27+08:00" level=info msg="[imooc.com/resk/infra.(*starterRegister).Register(infra/starer.go:78)] Register starter: *base.DbxDatabaseStarter" func="imooc.com/resk/infra.(*starterRegister).Register" file="infra/starer.go:78"
time="2019-06-03T17:01:27+08:00" level=info msg="[imooc.com/resk/infra.(*starterRegister).Register(infra/starer.go:78)] Register starter: *base.ValidatorStarter" func="imooc.com/resk/infra.(*starterRegister).Register" file="infra/starer.go:78"
time="2019-06-03T17:01:27+08:00" level=info msg="[imooc.com/resk/infra.(*BootApplication).init(infra/boot.go:34)] Initializing starters..." func="imooc.com/resk/infra.(*BootApplication).init" file="infra/boot.go:34"
time="2019-06-03T17:01:27+08:00" level=debug msg="[imooc.com/resk/infra.(*BootApplication).init(infra/boot.go:37)] Initializing: PriorityGroup=20,Priority=10000,type=*base.PropsStarter" func="imooc.com/resk/infra.(*BootApplication).init" file="infra/boot.go:37"
time="2019-06-03T17:01:27+08:00" level=info msg="[imooc.com/resk/infra/base.(*PropsStarter).Init(base/props.go:23)] 初始化配置." func="imooc.com/resk/infra/base.(*PropsStarter).Init" file="base/props.go:23"
time="2019-06-03T17:01:27+08:00" level=debug msg="[imooc.com/resk/infra.(*BootApplication).init(infra/boot.go:37)] Initializing: PriorityGroup=20,Priority=10000,type=*base.DbxDatabaseStarter" func="imooc.com/resk/infra.(*BootApplication).init" file="infra/boot.go:37"
time="2019-06-03T17:01:27+08:00" level=debug msg="[imooc.com/resk/infra.(*BootApplication).init(infra/boot.go:37)] Initializing: PriorityGroup=20,Priority=10000,type=*base.ValidatorStarter" func="imooc.com/resk/infra.(*BootApplication).init" file="infra/boot.go:37"
time="2019-06-03T17:01:27+08:00" level=info msg="[imooc.com/resk/infra.(*BootApplication).setup(infra/boot.go:45)] Setup starters..." func="imooc.com/resk/infra.(*BootApplication).setup" file="infra/boot.go:45"
time="2019-06-03T17:01:27+08:00" level=debug msg="[imooc.com/resk/infra.(*BootApplication).setup(infra/boot.go:48)] Setup: *base.PropsStarter" func="imooc.com/resk/infra.(*BootApplication).setup" file="infra/boot.go:48"
time="2019-06-03T17:01:27+08:00" level=debug msg="[imooc.com/resk/infra.(*BootApplication).setup(infra/boot.go:48)] Setup: *base.DbxDatabaseStarter" func="imooc.com/resk/infra.(*BootApplication).setup" file="infra/boot.go:48"
time="2019-06-03T17:01:27+08:00" level=info msg="[imooc.com/resk/infra/base.(*DbxDatabaseStarter).Setup(base/dbx.go:33)] mysql.conn url:po:***@tcp(127.0.0.1:3306)/po?parseTime=true&charset=utf8&loc=Local&" func="imooc.com/resk/infra/base.(*DbxDatabaseStarter).Setup" file="base/dbx.go:33"
time="2019-06-03T17:01:27+08:00" level=info msg="[imooc.com/resk/infra/base.(*DbxDatabaseStarter).Setup(base/dbx.go:38)] <nil>" func="imooc.com/resk/infra/base.(*DbxDatabaseStarter).Setup" file="base/dbx.go:38"
time="2019-06-03T17:01:27+08:00" level=debug msg="[imooc.com/resk/infra.(*BootApplication).setup(infra/boot.go:48)] Setup: *base.ValidatorStarter" func="imooc.com/resk/infra.(*BootApplication).setup" file="infra/boot.go:48"
time="2019-06-03T17:01:27+08:00" level=info msg="[imooc.com/resk/infra.(*BootApplication).start(infra/boot.go:57)] Starting starters..." func="imooc.com/resk/infra.(*BootApplication).start" file="infra/boot.go:57"
time="2019-06-03T17:01:27+08:00" level=debug msg="[imooc.com/resk/infra.(*BootApplication).start(infra/boot.go:61)] Starting: *base.PropsStarter" func="imooc.com/resk/infra.(*BootApplication).start" file="infra/boot.go:61"
time="2019-06-03T17:01:27+08:00" level=debug msg="[imooc.com/resk/infra.(*BootApplication).start(infra/boot.go:61)] Starting: *base.DbxDatabaseStarter" func="imooc.com/resk/infra.(*BootApplication).start" file="infra/boot.go:61"
time="2019-06-03T17:01:27+08:00" level=debug msg="[imooc.com/resk/infra.(*BootApplication).start(infra/boot.go:61)] Starting: *base.ValidatorStarter" func="imooc.com/resk/infra.(*BootApplication).start" file="infra/boot.go:61"
time="2019-06-03T17:02:42+08:00" level=info msg="[imooc.com/resk/infra.(*starterRegister).Register(infra/starer.go:78)] Register starter: *base.PropsStarter" func="imooc.com/resk/infra.(*starterRegister).Register" file="infra/starer.go:78"
time="2019-06-03T17:02:42+08:00" level=info msg="[imooc.com/resk/infra.(*starterRegister).Register(infra/starer.go:78)] Register starter: *base.DbxDatabaseStarter" func="imooc.com/resk/infra.(*starterRegister).Register" file="infra/starer.go:78"
time="2019-06-03T17:02:42+08:00" level=info msg="[imooc.com/resk/infra.(*starterRegister).Register(infra/starer.go:78)] Register starter: *base.ValidatorStarter" func="imooc.com/resk/infra.(*starterRegister).Register" file="infra/starer.go:78"
time="2019-06-03T17:02:42+08:00" level=info msg="[imooc.com/resk/infra.(*BootApplication).init(infra/boot.go:34)] Initializing starters..." func="imooc.com/resk/infra.(*BootApplication).init" file="infra/boot.go:34"
time="2019-06-03T17:02:42+08:00" level=debug msg="[imooc.com/resk/infra.(*BootApplication).init(infra/boot.go:37)] Initializing: PriorityGroup=20,Priority=10000,type=*base.PropsStarter" func="imooc.com/resk/infra.(*BootApplication).init" file="infra/boot.go:37"
time="2019-06-03T17:02:42+08:00" level=info msg="[imooc.com/resk/infra/base.(*PropsStarter).Init(base/props.go:23)] 初始化配置." func="imooc.com/resk/infra/base.(*PropsStarter).Init" file="base/props.go:23"
time="2019-06-03T17:02:42+08:00" level=debug msg="[imooc.com/resk/infra.(*BootApplication).init(infra/boot.go:37)] Initializing: PriorityGroup=20,Priority=10000,type=*base.DbxDatabaseStarter" func="imooc.com/resk/infra.(*BootApplication).init" file="infra/boot.go:37"
time="2019-06-03T17:02:42+08:00" level=debug msg="[imooc.com/resk/infra.(*BootApplication).init(infra/boot.go:37)] Initializing: PriorityGroup=20,Priority=10000,type=*base.ValidatorStarter" func="imooc.com/resk/infra.(*BootApplication).init" file="infra/boot.go:37"
time="2019-06-03T17:02:42+08:00" level=info msg="[imooc.com/resk/infra.(*BootApplication).setup(infra/boot.go:45)] Setup starters..." func="imooc.com/resk/infra.(*BootApplication).setup" file="infra/boot.go:45"
time="2019-06-03T17:02:42+08:00" level=debug msg="[imooc.com/resk/infra.(*BootApplication).setup(infra/boot.go:48)] Setup: *base.PropsStarter" func="imooc.com/resk/infra.(*BootApplication).setup" file="infra/boot.go:48"
time="2019-06-03T17:02:42+08:00" level=debug msg="[imooc.com/resk/infra.(*BootApplication).setup(infra/boot.go:48)] Setup: *base.DbxDatabaseStarter" func="imooc.com/resk/infra.(*BootApplication).setup" file="infra/boot.go:48"
time="2019-06-03T17:02:42+08:00" level=info msg="[imooc.com/resk/infra/base.(*DbxDatabaseStarter).Setup(base/dbx.go:33)] mysql.conn url:po:***@tcp(127.0.0.1:3306)/po?loc=Local&charset=utf8&parseTime=true&" func="imooc.com/resk/infra/base.(*DbxDatabaseStarter).Setup" file="base/dbx.go:33"
time="2019-06-03T17:02:42+08:00" level=info msg="[imooc.com/resk/infra/base.(*DbxDatabaseStarter).Setup(base/dbx.go:38)] <nil>" func="imooc.com/resk/infra/base.(*DbxDatabaseStarter).Setup" file="base/dbx.go:38"
time="2019-06-03T17:02:42+08:00" level=debug msg="[imooc.com/resk/infra.(*BootApplication).setup(infra/boot.go:48)] Setup: *base.ValidatorStarter" func="imooc.com/resk/infra.(*BootApplication).setup" file="infra/boot.go:48"
time="2019-06-03T17:02:42+08:00" level=info msg="[imooc.com/resk/infra.(*BootApplication).start(infra/boot.go:57)] Starting starters..." func="imooc.com/resk/infra.(*BootApplication).start" file="infra/boot.go:57"
time="2019-06-03T17:02:42+08:00" level=debug msg="[imooc.com/resk/infra.(*BootApplication).start(infra/boot.go:61)] Starting: *base.PropsStarter" func="imooc.com/resk/infra.(*BootApplication).start" file="infra/boot.go:61"
time="2019-06-03T17:02:42+08:00" level=debug msg="[imooc.com/resk/infra.(*BootApplication).start(infra/boot.go:61)] Starting: *base.DbxDatabaseStarter" func="imooc.com/resk/infra.(*BootApplication).start" file="infra/boot.go:61"
time="2019-06-03T17:02:42+08:00" level=debug msg="[imooc.com/resk/infra.(*BootApplication).start(infra/boot.go:61)] Starting: *base.ValidatorStarter" func="imooc.com/resk/infra.(*BootApplication).start" file="infra/boot.go:61"
