
 â–„â–„â–„â–„â–„â–„â–„â–„â–„â–„â–„  â–„â–„â–„â–„â–„â–„â–„â–„â–„â–„â–„  â–„â–„â–„â–„â–„â–„â–„â–„â–„â–„â–„  â–„    â–„ 
â–â–‘â–‘â–‘â–‘â–‘â–‘â–‘â–‘â–‘â–‘â–‘â–Œâ–â–‘â–‘â–‘â–‘â–‘â–‘â–‘â–‘â–‘â–‘â–‘â–Œâ–â–‘â–‘â–‘â–‘â–‘â–‘â–‘â–‘â–‘â–‘â–‘â–Œâ–â–‘â–Œ  â–â–‘â–Œ
â–â–‘â–ˆâ–€â–€â–€â–€â–€â–€â–€â–ˆâ–‘â–Œâ–â–‘â–ˆâ–€â–€â–€â–€â–€â–€â–€â–€â–€ â–â–‘â–ˆâ–€â–€â–€â–€â–€â–€â–€â–€â–€ â–â–‘â–Œ â–â–‘â–Œ 
â–â–‘â–Œ       â–â–‘â–Œâ–â–‘â–Œ          â–â–‘â–Œ          â–â–‘â–Œâ–â–‘â–Œ  
â–â–‘â–ˆâ–„â–„â–„â–„â–„â–„â–„â–ˆâ–‘â–Œâ–â–‘â–ˆâ–„â–„â–„â–„â–„â–„â–„â–„â–„ â–â–‘â–ˆâ–„â–„â–„â–„â–„â–„â–„â–„â–„ â–â–‘â–Œâ–‘â–Œ   
â–â–‘â–‘â–‘â–‘â–‘â–‘â–‘â–‘â–‘â–‘â–‘â–Œâ–â–‘â–‘â–‘â–‘â–‘â–‘â–‘â–‘â–‘â–‘â–‘â–Œâ–â–‘â–‘â–‘â–‘â–‘â–‘â–‘â–‘â–‘â–‘â–‘â–Œâ–â–‘â–‘â–Œ    
â–â–‘â–ˆâ–€â–€â–€â–€â–ˆâ–‘â–ˆâ–€â–€ â–â–‘â–ˆâ–€â–€â–€â–€â–€â–€â–€â–€â–€  â–€â–€â–€â–€â–€â–€â–€â–€â–€â–ˆâ–‘â–Œâ–â–‘â–Œâ–‘â–Œ   
â–â–‘â–Œ     â–â–‘â–Œ  â–â–‘â–Œ                    â–â–‘â–Œâ–â–‘â–Œâ–â–‘â–Œ  
â–â–‘â–Œ      â–â–‘â–Œ â–â–‘â–ˆâ–„â–„â–„â–„â–„â–„â–„â–„â–„  â–„â–„â–„â–„â–„â–„â–„â–„â–„â–ˆâ–‘â–Œâ–â–‘â–Œ â–â–‘â–Œ 
â–â–‘â–Œ       â–â–‘â–Œâ–â–‘â–‘â–‘â–‘â–‘â–‘â–‘â–‘â–‘â–‘â–‘â–Œâ–â–‘â–‘â–‘â–‘â–‘â–‘â–‘â–‘â–‘â–‘â–‘â–Œâ–â–‘â–Œ  â–â–‘â–Œ
   
                         

[38;5;37m[2019-06-05.15:14:05.882582][0m [32m INFO[0m[36m imooc.com/resk/infra.(*starterRegister).Register(infra/starer.go:78):[0m Register starter: *base.PropsStarter
[38;5;37m[2019-06-05.15:14:05.882859][0m [32m INFO[0m[36m imooc.com/resk/infra.(*starterRegister).Register(infra/starer.go:78):[0m Register starter: *base.DbxDatabaseStarter
[38;5;37m[2019-06-05.15:14:05.882940][0m [32m INFO[0m[36m imooc.com/resk/infra.(*starterRegister).Register(infra/starer.go:78):[0m Register starter: *base.ValidatorStarter
[38;5;37m[2019-06-05.15:14:05.882969][0m [32m INFO[0m[36m imooc.com/resk/infra.(*starterRegister).Register(infra/starer.go:78):[0m Register starter: *base.GoRPCStarter
[38;5;37m[2019-06-05.15:14:05.882998][0m [32m INFO[0m[36m imooc.com/resk/infra.(*starterRegister).Register(infra/starer.go:78):[0m Register starter: *gorpc.GoRpcApiStarter
[38;5;37m[2019-06-05.15:14:05.883027][0m [32m INFO[0m[36m imooc.com/resk/infra.(*starterRegister).Register(infra/starer.go:78):[0m Register starter: *jobs.RefundExpiredJobStarter
[38;5;37m[2019-06-05.15:14:05.883056][0m [32m INFO[0m[36m imooc.com/resk/infra.(*starterRegister).Register(infra/starer.go:78):[0m Register starter: *base.IrisServerStarter
[38;5;37m[2019-06-05.15:14:05.883082][0m [32m INFO[0m[36m imooc.com/resk/infra.(*starterRegister).Register(infra/starer.go:78):[0m Register starter: *infra.WebApiStarter
[38;5;37m[2019-06-05.15:14:05.883322][0m [32m INFO[0m[36m imooc.com/resk/infra/base.InitLog(base/log.go:95):[0m log dir: /Users/tietang/my/gitcode/resk-projects/src/imooc.com/resk/brun/logs
[38;5;37m[2019-06-05.15:14:05.883421][0m [32m INFO[0m[36m imooc.com/resk/infra.(*BootApplication).init(infra/boot.go:34):[0m Initializing starters...
[38;5;37m[2019-06-05.15:14:05.883952][0m [34mDEBUG[0m[36m imooc.com/resk/infra.(*BootApplication).init(infra/boot.go:37):[0m Initializing: PriorityGroup=20,Priority=10000,type=*base.PropsStarter
[38;5;37m[2019-06-05.15:14:05.885075][0m [32m INFO[0m[36m imooc.com/resk/infra/base.(*PropsStarter).Init(base/props.go:23):[0m åˆå§‹åŒ–é…ç½®.
[38;5;37m[2019-06-05.15:14:05.885444][0m [34mDEBUG[0m[36m imooc.com/resk/infra.(*BootApplication).init(infra/boot.go:37):[0m Initializing: PriorityGroup=20,Priority=10000,type=*base.DbxDatabaseStarter
[38;5;37m[2019-06-05.15:14:05.885503][0m [34mDEBUG[0m[36m imooc.com/resk/infra.(*BootApplication).init(infra/boot.go:37):[0m Initializing: PriorityGroup=20,Priority=10000,type=*base.ValidatorStarter
[38;5;37m[2019-06-05.15:14:05.885798][0m [34mDEBUG[0m[36m imooc.com/resk/infra.(*BootApplication).init(infra/boot.go:37):[0m Initializing: PriorityGroup=20,Priority=10000,type=*base.GoRPCStarter
[38;5;37m[2019-06-05.15:14:05.885914][0m [34mDEBUG[0m[36m imooc.com/resk/infra.(*BootApplication).init(infra/boot.go:37):[0m Initializing: PriorityGroup=20,Priority=10000,type=*gorpc.GoRpcApiStarter
[38;5;37m[2019-06-05.15:14:05.886002][0m [32m INFO[0m[36m imooc.com/resk/infra/base.RpcRegister(base/rpc.go:19):[0m goRPC Register: *gorpc.EnvelopeRpc
[38;5;37m[2019-06-05.15:14:05.886126][0m [34mDEBUG[0m[36m imooc.com/resk/infra.(*BootApplication).init(infra/boot.go:37):[0m Initializing: PriorityGroup=20,Priority=10000,type=*jobs.RefundExpiredJobStarter
[38;5;37m[2019-06-05.15:14:05.886410][0m [34mDEBUG[0m[36m imooc.com/resk/infra.(*BootApplication).init(infra/boot.go:37):[0m Initializing: PriorityGroup=20,Priority=10000,type=*infra.WebApiStarter
[38;5;37m[2019-06-05.15:14:05.886474][0m [34mDEBUG[0m[36m imooc.com/resk/infra.(*BootApplication).init(infra/boot.go:37):[0m Initializing: PriorityGroup=20,Priority=10000,type=*base.IrisServerStarter
[38;5;37m[2019-06-05.15:14:05.886550][0m [32m INFO[0m[36m imooc.com/resk/infra.(*BootApplication).setup(infra/boot.go:45):[0m Setup starters...
[38;5;37m[2019-06-05.15:14:05.886596][0m [34mDEBUG[0m[36m imooc.com/resk/infra.(*BootApplication).setup(infra/boot.go:48):[0m Setup: *base.PropsStarter
[38;5;37m[2019-06-05.15:14:05.886645][0m [34mDEBUG[0m[36m imooc.com/resk/infra.(*BootApplication).setup(infra/boot.go:48):[0m Setup: *base.DbxDatabaseStarter
[38;5;37m[2019-06-05.15:14:05.886752][0m [32m INFO[0m[36m imooc.com/resk/infra/base.(*DbxDatabaseStarter).Setup(base/dbx.go:33):[0m mysql.conn url:po:***@tcp(127.0.0.1:3306)/po?loc=Local&parseTime=true&charset=utf8&

	up

[38;5;37m[2019-06-05.15:14:05.888399][0m [32m INFO[0m[36m imooc.com/resk/infra/base.(*DbxDatabaseStarter).Setup(base/dbx.go:38):[0m <nil>
[38;5;37m[2019-06-05.15:14:05.888497][0m [34mDEBUG[0m[36m imooc.com/resk/infra.(*BootApplication).setup(infra/boot.go:48):[0m Setup: *base.ValidatorStarter
[38;5;37m[2019-06-05.15:14:05.888538][0m [34mDEBUG[0m[36m imooc.com/resk/infra.(*BootApplication).setup(infra/boot.go:48):[0m Setup: *base.GoRPCStarter
[38;5;37m[2019-06-05.15:14:05.888576][0m [34mDEBUG[0m[36m imooc.com/resk/infra.(*BootApplication).setup(infra/boot.go:48):[0m Setup: *gorpc.GoRpcApiStarter
[38;5;37m[2019-06-05.15:14:05.888608][0m [34mDEBUG[0m[36m imooc.com/resk/infra.(*BootApplication).setup(infra/boot.go:48):[0m Setup: *jobs.RefundExpiredJobStarter
[38;5;37m[2019-06-05.15:14:05.888639][0m [34mDEBUG[0m[36m imooc.com/resk/infra.(*BootApplication).setup(infra/boot.go:48):[0m Setup: *infra.WebApiStarter
[38;5;37m[2019-06-05.15:14:05.889036][0m [34mDEBUG[0m[36m imooc.com/resk/infra.(*BootApplication).setup(infra/boot.go:48):[0m Setup: *base.IrisServerStarter
[38;5;37m[2019-06-05.15:14:05.889077][0m [32m INFO[0m[36m imooc.com/resk/infra.(*BootApplication).start(infra/boot.go:57):[0m Starting starters...
[38;5;37m[2019-06-05.15:14:05.889135][0m [34mDEBUG[0m[36m imooc.com/resk/infra.(*BootApplication).start(infra/boot.go:61):[0m Starting: *base.PropsStarter
[38;5;37m[2019-06-05.15:14:05.889185][0m [34mDEBUG[0m[36m imooc.com/resk/infra.(*BootApplication).start(infra/boot.go:61):[0m Starting: *base.DbxDatabaseStarter
[38;5;37m[2019-06-05.15:14:05.889222][0m [34mDEBUG[0m[36m imooc.com/resk/infra.(*BootApplication).start(infra/boot.go:61):[0m Starting: *base.ValidatorStarter
[38;5;37m[2019-06-05.15:14:05.889254][0m [34mDEBUG[0m[36m imooc.com/resk/infra.(*BootApplication).start(infra/boot.go:61):[0m Starting: *base.GoRPCStarter
[38;5;37m[2019-06-05.15:14:05.889392][0m [32m INFO[0m[36m imooc.com/resk/infra/base.(*GoRPCStarter).Start(base/rpc.go:40):[0m tcp port listened for rpc:18082
[38;5;37m[2019-06-05.15:14:05.889466][0m [34mDEBUG[0m[36m imooc.com/resk/infra.(*BootApplication).start(infra/boot.go:61):[0m Starting: *gorpc.GoRpcApiStarter
[38;5;37m[2019-06-05.15:14:05.889554][0m [34mDEBUG[0m[36m imooc.com/resk/infra.(*BootApplication).start(infra/boot.go:61):[0m Starting: *jobs.RefundExpiredJobStarter
[38;5;37m[2019-06-05.15:14:05.889675][0m [34mDEBUG[0m[36m imooc.com/resk/infra.(*BootApplication).start(infra/boot.go:61):[0m Starting: *infra.WebApiStarter
[38;5;37m[2019-06-05.15:14:05.889828][0m [34mDEBUG[0m[36m imooc.com/resk/infra.(*BootApplication).start(infra/boot.go:61):[0m Starting: *base.IrisServerStarter
[38;5;37m[2019-06-05.15:14:05.889902][0m [32m INFO[0m[36m imooc.com/resk/infra/base.(*IrisServerStarter).Start(base/iris_server.go:42):[0m POST: /v1/account/create -> imooc.com/resk/apis/web.(*AccountApi).createHandler-fm() and 2 more
[38;5;37m[2019-06-05.15:14:05.889960][0m [32m INFO[0m[36m imooc.com/resk/infra/base.(*IrisServerStarter).Start(base/iris_server.go:42):[0m POST: /v1/account/transfer -> imooc.com/resk/apis/web.(*AccountApi).transferHandler-fm() and 2 more
[38;5;37m[2019-06-05.15:14:05.890012][0m [32m INFO[0m[36m imooc.com/resk/infra/base.(*IrisServerStarter).Start(base/iris_server.go:42):[0m GET: /v1/account/envelope/get -> imooc.com/resk/apis/web.(*AccountApi).getEnvelopeAccountHandler-fm() and 2 more
[38;5;37m[2019-06-05.15:14:05.890062][0m [32m INFO[0m[36m imooc.com/resk/infra/base.(*IrisServerStarter).Start(base/iris_server.go:42):[0m GET: /v1/account/get -> imooc.com/resk/apis/web.(*AccountApi).getAccountHandler-fm() and 2 more
[38;5;37m[2019-06-05.15:14:05.890109][0m [32m INFO[0m[36m imooc.com/resk/infra/base.(*IrisServerStarter).Start(base/iris_server.go:42):[0m POST: /v1/envelope/sendout -> imooc.com/resk/apis/web.(*EnvelopeApi).sendOutHandler-fm() and 2 more
[38;5;37m[2019-06-05.15:14:05.890154][0m [32m INFO[0m[36m imooc.com/resk/infra/base.(*IrisServerStarter).Start(base/iris_server.go:42):[0m POST: /v1/envelope/receive -> imooc.com/resk/apis/web.(*EnvelopeApi).receiveHandler-fm() and 2 more
[38;5;37m[2019-06-05.15:14:05.890198][0m [32m INFO[0m[36m imooc.com/resk/infra/base.(*IrisServerStarter).Start(base/iris_server.go:42):[0m HEAD: /favicon.ico -> github.com/kataras/iris/core/router.(*APIBuilder).Favicon.func1() and 2 more
[38;5;37m[2019-06-05.15:14:05.890243][0m [32m INFO[0m[36m imooc.com/resk/infra/base.(*IrisServerStarter).Start(base/iris_server.go:42):[0m GET: /favicon.ico -> github.com/kataras/iris/core/router.(*APIBuilder).Favicon.func1() and 2 more
[38;5;37m[2019-06-05.15:14:05.890291][0m [32m INFO[0m[36m imooc.com/resk/infra/base.(*IrisServerStarter).Start(base/iris_server.go:42):[0m HEAD: /public/static/*file -> github.com/kataras/iris/core/router.StripPrefix.func1() and 2 more
[38;5;37m[2019-06-05.15:14:05.890343][0m [32m INFO[0m[36m imooc.com/resk/infra/base.(*IrisServerStarter).Start(base/iris_server.go:42):[0m GET: /public/static/*file -> github.com/kataras/iris/core/router.StripPrefix.func1() and 2 more
[38;5;37m[2019-06-05.15:14:05.890390][0m [32m INFO[0m[36m imooc.com/resk/infra/base.(*IrisServerStarter).Start(base/iris_server.go:42):[0m HEAD: /public/ui/*file -> github.com/kataras/iris/core/router.StripPrefix.func1() and 2 more
[38;5;37m[2019-06-05.15:14:05.890435][0m [32m INFO[0m[36m imooc.com/resk/infra/base.(*IrisServerStarter).Start(base/iris_server.go:42):[0m GET: /public/ui/*file -> github.com/kataras/iris/core/router.StripPrefix.func1() and 2 more
[38;5;37m[2019-06-05.15:14:05.890483][0m [32m INFO[0m[36m imooc.com/resk/infra/base.(*IrisServerStarter).Start(base/iris_server.go:42):[0m GET: / -> imooc.com/resk/public/ui.(*MobileView).indexHandler-fm() and 2 more
[38;5;37m[2019-06-05.15:14:05.890529][0m [32m INFO[0m[36m imooc.com/resk/infra/base.(*IrisServerStarter).Start(base/iris_server.go:42):[0m POST: / -> imooc.com/resk/public/ui.(*MobileView).indexHandler-fm() and 2 more
[38;5;37m[2019-06-05.15:14:05.890576][0m [32m INFO[0m[36m imooc.com/resk/infra/base.(*IrisServerStarter).Start(base/iris_server.go:42):[0m PUT: / -> imooc.com/resk/public/ui.(*MobileView).indexHandler-fm() and 2 more
[38;5;37m[2019-06-05.15:14:05.890619][0m [32m INFO[0m[36m imooc.com/resk/infra/base.(*IrisServerStarter).Start(base/iris_server.go:42):[0m DELETE: / -> imooc.com/resk/public/ui.(*MobileView).indexHandler-fm() and 2 more
[38;5;37m[2019-06-05.15:14:05.890664][0m [32m INFO[0m[36m imooc.com/resk/infra/base.(*IrisServerStarter).Start(base/iris_server.go:42):[0m CONNECT: / -> imooc.com/resk/public/ui.(*MobileView).indexHandler-fm() and 2 more
[38;5;37m[2019-06-05.15:14:05.890725][0m [32m INFO[0m[36m imooc.com/resk/infra/base.(*IrisServerStarter).Start(base/iris_server.go:42):[0m HEAD: / -> imooc.com/resk/public/ui.(*MobileView).indexHandler-fm() and 2 more
[38;5;37m[2019-06-05.15:14:05.890777][0m [32m INFO[0m[36m imooc.com/resk/infra/base.(*IrisServerStarter).Start(base/iris_server.go:42):[0m PATCH: / -> imooc.com/resk/public/ui.(*MobileView).indexHandler-fm() and 2 more
[38;5;37m[2019-06-05.15:14:05.890820][0m [32m INFO[0m[36m imooc.com/resk/infra/base.(*IrisServerStarter).Start(base/iris_server.go:42):[0m OPTIONS: / -> imooc.com/resk/public/ui.(*MobileView).indexHandler-fm() and 2 more
[38;5;37m[2019-06-05.15:14:05.890865][0m [32m INFO[0m[36m imooc.com/resk/infra/base.(*IrisServerStarter).Start(base/iris_server.go:42):[0m TRACE: / -> imooc.com/resk/public/ui.(*MobileView).indexHandler-fm() and 2 more
[38;5;37m[2019-06-05.15:14:05.890912][0m [32m INFO[0m[36m imooc.com/resk/infra/base.(*IrisServerStarter).Start(base/iris_server.go:42):[0m GET: /login -> imooc.com/resk/public/ui.(*MobileView).loginHandler-fm() and 2 more
[38;5;37m[2019-06-05.15:14:05.890967][0m [32m INFO[0m[36m imooc.com/resk/infra/base.(*IrisServerStarter).Start(base/iris_server.go:42):[0m POST: /login -> imooc.com/resk/public/ui.(*MobileView).loginSubmitHandler-fm() and 2 more
[38;5;37m[2019-06-05.15:14:05.891015][0m [32m INFO[0m[36m imooc.com/resk/infra/base.(*IrisServerStarter).Start(base/iris_server.go:42):[0m GET: /logout -> imooc.com/resk/public/ui.(*MobileView).logoutHandler-fm() and 2 more
[38;5;37m[2019-06-05.15:14:05.891064][0m [32m INFO[0m[36m imooc.com/resk/infra/base.(*IrisServerStarter).Start(base/iris_server.go:42):[0m GET: /envelope/home -> imooc.com/resk/public/ui.(*MobileView).homeHandler-fm() and 3 more
[38;5;37m[2019-06-05.15:14:05.891108][0m [32m INFO[0m[36m imooc.com/resk/infra/base.(*IrisServerStarter).Start(base/iris_server.go:42):[0m GET: /envelope/recvd/list -> imooc.com/resk/public/ui.(*MobileView).receivedListHandler-fm() and 3 more
[38;5;37m[2019-06-05.15:14:05.891153][0m [32m INFO[0m[36m imooc.com/resk/infra/base.(*IrisServerStarter).Start(base/iris_server.go:42):[0m GET: /envelope/list -> imooc.com/resk/public/ui.(*MobileView).listHandler-fm() and 3 more
[38;5;37m[2019-06-05.15:14:05.891203][0m [32m INFO[0m[36m imooc.com/resk/infra/base.(*IrisServerStarter).Start(base/iris_server.go:42):[0m GET: /envelope/details -> imooc.com/resk/public/ui.(*MobileView).detailsHandler-fm() and 3 more
[38;5;37m[2019-06-05.15:14:05.891248][0m [32m INFO[0m[36m imooc.com/resk/infra/base.(*IrisServerStarter).Start(base/iris_server.go:42):[0m GET: /envelope/rev/home -> imooc.com/resk/public/ui.(*MobileView).receiveHomeHandler-fm() and 3 more
[38;5;37m[2019-06-05.15:14:05.891294][0m [32m INFO[0m[36m imooc.com/resk/infra/base.(*IrisServerStarter).Start(base/iris_server.go:42):[0m GET: /envelope/recd -> imooc.com/resk/public/ui.(*MobileView).receiveSubmitHandler-fm() and 3 more
[38;5;37m[2019-06-05.15:14:05.891340][0m [32m INFO[0m[36m imooc.com/resk/infra/base.(*IrisServerStarter).Start(base/iris_server.go:42):[0m GET: /envelope/sending -> imooc.com/resk/public/ui.(*MobileView).sendingHandler-fm() and 3 more
[38;5;37m[2019-06-05.15:14:05.891384][0m [32m INFO[0m[36m imooc.com/resk/infra/base.(*IrisServerStarter).Start(base/iris_server.go:42):[0m POST: /envelope/sending -> imooc.com/resk/public/ui.(*MobileView).sendingSubmitHandler-fm() and 3 more
[38;5;37m[2019-06-05.15:14:05.891464][0m [34mDEBUG[0m[36m github.com/kataras/golog.integrateExternalLogger.func1(golog@v0.0.0-20180321173939-03be10146386/integration.go:28):[0m POST: /v1/account/create -> imooc.com/resk/apis/web.(*AccountApi).createHandler-fm() and 2 more
[38;5;37m[2019-06-05.15:14:05.891554][0m [34mDEBUG[0m[36m github.com/kataras/golog.integrateExternalLogger.func1(golog@v0.0.0-20180321173939-03be10146386/integration.go:28):[0m POST: /v1/account/transfer -> imooc.com/resk/apis/web.(*AccountApi).transferHandler-fm() and 2 more
[38;5;37m[2019-06-05.15:14:05.891627][0m [34mDEBUG[0m[36m github.com/kataras/golog.integrateExternalLogger.func1(golog@v0.0.0-20180321173939-03be10146386/integration.go:28):[0m GET: /v1/account/envelope/get -> imooc.com/resk/apis/web.(*AccountApi).getEnvelopeAccountHandler-fm() and 2 more
[38;5;37m[2019-06-05.15:14:05.891724][0m [34mDEBUG[0m[36m github.com/kataras/golog.integrateExternalLogger.func1(golog@v0.0.0-20180321173939-03be10146386/integration.go:28):[0m GET: /v1/account/get -> imooc.com/resk/apis/web.(*AccountApi).getAccountHandler-fm() and 2 more
[38;5;37m[2019-06-05.15:14:05.891803][0m [34mDEBUG[0m[36m github.com/kataras/golog.integrateExternalLogger.func1(golog@v0.0.0-20180321173939-03be10146386/integration.go:28):[0m POST: /v1/envelope/sendout -> imooc.com/resk/apis/web.(*EnvelopeApi).sendOutHandler-fm() and 2 more
[38;5;37m[2019-06-05.15:14:05.891877][0m [34mDEBUG[0m[36m github.com/kataras/golog.integrateExternalLogger.func1(golog@v0.0.0-20180321173939-03be10146386/integration.go:28):[0m POST: /v1/envelope/receive -> imooc.com/resk/apis/web.(*EnvelopeApi).receiveHandler-fm() and 2 more
[38;5;37m[2019-06-05.15:14:05.891953][0m [34mDEBUG[0m[36m github.com/kataras/golog.integrateExternalLogger.func1(golog@v0.0.0-20180321173939-03be10146386/integration.go:28):[0m HEAD: /favicon.ico -> github.com/kataras/iris/core/router.(*APIBuilder).Favicon.func1() and 2 more
[38;5;37m[2019-06-05.15:14:05.892021][0m [34mDEBUG[0m[36m github.com/kataras/golog.integrateExternalLogger.func1(golog@v0.0.0-20180321173939-03be10146386/integration.go:28):[0m GET: /favicon.ico -> github.com/kataras/iris/core/router.(*APIBuilder).Favicon.func1() and 2 more
[38;5;37m[2019-06-05.15:14:05.892129][0m [34mDEBUG[0m[36m github.com/kataras/golog.integrateExternalLogger.func1(golog@v0.0.0-20180321173939-03be10146386/integration.go:28):[0m HEAD: /public/static/*file -> github.com/kataras/iris/core/router.StripPrefix.func1() and 2 more
[38;5;37m[2019-06-05.15:14:05.892226][0m [34mDEBUG[0m[36m github.com/kataras/golog.integrateExternalLogger.func1(golog@v0.0.0-20180321173939-03be10146386/integration.go:28):[0m GET: /public/static/*file -> github.com/kataras/iris/core/router.StripPrefix.func1() and 2 more
[38;5;37m[2019-06-05.15:14:05.892292][0m [34mDEBUG[0m[36m github.com/kataras/golog.integrateExternalLogger.func1(golog@v0.0.0-20180321173939-03be10146386/integration.go:28):[0m HEAD: /public/ui/*file -> github.com/kataras/iris/core/router.StripPrefix.func1() and 2 more
[38;5;37m[2019-06-05.15:14:05.892434][0m [34mDEBUG[0m[36m github.com/kataras/golog.integrateExternalLogger.func1(golog@v0.0.0-20180321173939-03be10146386/integration.go:28):[0m GET: /public/ui/*file -> github.com/kataras/iris/core/router.StripPrefix.func1() and 2 more
[38;5;37m[2019-06-05.15:14:05.892531][0m [34mDEBUG[0m[36m github.com/kataras/golog.integrateExternalLogger.func1(golog@v0.0.0-20180321173939-03be10146386/integration.go:28):[0m GET: / -> imooc.com/resk/public/ui.(*MobileView).indexHandler-fm() and 2 more
[38;5;37m[2019-06-05.15:14:05.892601][0m [34mDEBUG[0m[36m github.com/kataras/golog.integrateExternalLogger.func1(golog@v0.0.0-20180321173939-03be10146386/integration.go:28):[0m GET: /envelope/sending -> imooc.com/resk/public/ui.(*MobileView).sendingHandler-fm() and 3 more
[38;5;37m[2019-06-05.15:14:05.892735][0m [34mDEBUG[0m[36m github.com/kataras/golog.integrateExternalLogger.func1(golog@v0.0.0-20180321173939-03be10146386/integration.go:28):[0m PUT: / -> imooc.com/resk/public/ui.(*MobileView).indexHandler-fm() and 2 more
[38;5;37m[2019-06-05.15:14:05.892804][0m [34mDEBUG[0m[36m github.com/kataras/golog.integrateExternalLogger.func1(golog@v0.0.0-20180321173939-03be10146386/integration.go:28):[0m DELETE: / -> imooc.com/resk/public/ui.(*MobileView).indexHandler-fm() and 2 more
[38;5;37m[2019-06-05.15:14:05.892872][0m [34mDEBUG[0m[36m github.com/kataras/golog.integrateExternalLogger.func1(golog@v0.0.0-20180321173939-03be10146386/integration.go:28):[0m CONNECT: / -> imooc.com/resk/public/ui.(*MobileView).indexHandler-fm() and 2 more
[38;5;37m[2019-06-05.15:14:05.892983][0m [34mDEBUG[0m[36m github.com/kataras/golog.integrateExternalLogger.func1(golog@v0.0.0-20180321173939-03be10146386/integration.go:28):[0m HEAD: / -> imooc.com/resk/public/ui.(*MobileView).indexHandler-fm() and 2 more
[38;5;37m[2019-06-05.15:14:05.893061][0m [34mDEBUG[0m[36m github.com/kataras/golog.integrateExternalLogger.func1(golog@v0.0.0-20180321173939-03be10146386/integration.go:28):[0m PATCH: / -> imooc.com/resk/public/ui.(*MobileView).indexHandler-fm() and 2 more
[38;5;37m[2019-06-05.15:14:05.893245][0m [34mDEBUG[0m[36m github.com/kataras/golog.integrateExternalLogger.func1(golog@v0.0.0-20180321173939-03be10146386/integration.go:28):[0m OPTIONS: / -> imooc.com/resk/public/ui.(*MobileView).indexHandler-fm() and 2 more
[38;5;37m[2019-06-05.15:14:05.893320][0m [34mDEBUG[0m[36m github.com/kataras/golog.integrateExternalLogger.func1(golog@v0.0.0-20180321173939-03be10146386/integration.go:28):[0m TRACE: / -> imooc.com/resk/public/ui.(*MobileView).indexHandler-fm() and 2 more
[38;5;37m[2019-06-05.15:14:05.893590][0m [34mDEBUG[0m[36m github.com/kataras/golog.integrateExternalLogger.func1(golog@v0.0.0-20180321173939-03be10146386/integration.go:28):[0m GET: /login -> imooc.com/resk/public/ui.(*MobileView).loginHandler-fm() and 2 more
[38;5;37m[2019-06-05.15:14:05.893925][0m [34mDEBUG[0m[36m github.com/kataras/golog.integrateExternalLogger.func1(golog@v0.0.0-20180321173939-03be10146386/integration.go:28):[0m GET: /envelope/recd -> imooc.com/resk/public/ui.(*MobileView).receiveSubmitHandler-fm() and 3 more
[38;5;37m[2019-06-05.15:14:05.894077][0m [34mDEBUG[0m[36m github.com/kataras/golog.integrateExternalLogger.func1(golog@v0.0.0-20180321173939-03be10146386/integration.go:28):[0m GET: /logout -> imooc.com/resk/public/ui.(*MobileView).logoutHandler-fm() and 2 more
[38;5;37m[2019-06-05.15:14:05.894182][0m [34mDEBUG[0m[36m github.com/kataras/golog.integrateExternalLogger.func1(golog@v0.0.0-20180321173939-03be10146386/integration.go:28):[0m GET: /envelope/home -> imooc.com/resk/public/ui.(*MobileView).homeHandler-fm() and 3 more
[38;5;37m[2019-06-05.15:14:05.894306][0m [34mDEBUG[0m[36m github.com/kataras/golog.integrateExternalLogger.func1(golog@v0.0.0-20180321173939-03be10146386/integration.go:28):[0m GET: /envelope/recvd/list -> imooc.com/resk/public/ui.(*MobileView).receivedListHandler-fm() and 3 more
[38;5;37m[2019-06-05.15:14:05.894475][0m [34mDEBUG[0m[36m github.com/kataras/golog.integrateExternalLogger.func1(golog@v0.0.0-20180321173939-03be10146386/integration.go:28):[0m GET: /envelope/list -> imooc.com/resk/public/ui.(*MobileView).listHandler-fm() and 3 more
[38;5;37m[2019-06-05.15:14:05.894648][0m [34mDEBUG[0m[36m github.com/kataras/golog.integrateExternalLogger.func1(golog@v0.0.0-20180321173939-03be10146386/integration.go:28):[0m GET: /envelope/details -> imooc.com/resk/public/ui.(*MobileView).detailsHandler-fm() and 3 more
[38;5;37m[2019-06-05.15:14:05.894706][0m [34mDEBUG[0m[36m github.com/kataras/golog.integrateExternalLogger.func1(golog@v0.0.0-20180321173939-03be10146386/integration.go:28):[0m GET: /envelope/rev/home -> imooc.com/resk/public/ui.(*MobileView).receiveHomeHandler-fm() and 3 more
[38;5;37m[2019-06-05.15:14:05.894757][0m [34mDEBUG[0m[36m github.com/kataras/golog.integrateExternalLogger.func1(golog@v0.0.0-20180321173939-03be10146386/integration.go:28):[0m POST: /envelope/sending -> imooc.com/resk/public/ui.(*MobileView).sendingSubmitHandler-fm() and 3 more
[38;5;37m[2019-06-05.15:14:05.894804][0m [34mDEBUG[0m[36m github.com/kataras/golog.integrateExternalLogger.func1(golog@v0.0.0-20180321173939-03be10146386/integration.go:28):[0m POST: /login -> imooc.com/resk/public/ui.(*MobileView).loginSubmitHandler-fm() and 2 more
[38;5;37m[2019-06-05.15:14:05.894850][0m [34mDEBUG[0m[36m github.com/kataras/golog.integrateExternalLogger.func1(golog@v0.0.0-20180321173939-03be10146386/integration.go:28):[0m POST: / -> imooc.com/resk/public/ui.(*MobileView).indexHandler-fm() and 2 more
[38;5;37m[2019-06-05.15:14:05.894924][0m [34mDEBUG[0m[36m github.com/kataras/golog.integrateExternalLogger.func1(golog@v0.0.0-20180321173939-03be10146386/integration.go:28):[0m Application: 1 registered view engine(s)
[38;5;37m[2019-06-05.15:14:05.899017][0m [34mDEBUG[0m[36m github.com/kataras/golog.integrateExternalLogger.func1(golog@v0.0.0-20180321173939-03be10146386/integration.go:28):[0m Application: running using 1 host(s)
[38;5;37m[2019-06-05.15:14:05.899217][0m [34mDEBUG[0m[36m github.com/kataras/golog.integrateExternalLogger.func1(golog@v0.0.0-20180321173939-03be10146386/integration.go:28):[0m Host: addr is :18080
[38;5;37m[2019-06-05.15:14:05.899297][0m [34mDEBUG[0m[36m github.com/kataras/golog.integrateExternalLogger.func1(golog@v0.0.0-20180321173939-03be10146386/integration.go:28):[0m Host: virtual host is localhost:18080
[38;5;37m[2019-06-05.15:14:05.899375][0m [34mDEBUG[0m[36m github.com/kataras/golog.integrateExternalLogger.func1(golog@v0.0.0-20180321173939-03be10146386/integration.go:28):[0m Host: register startup notifier
[38;5;37m[2019-06-05.15:14:05.899465][0m [34mDEBUG[0m[36m github.com/kataras/golog.integrateExternalLogger.func1(golog@v0.0.0-20180321173939-03be10146386/integration.go:28):[0m Host: register server shutdown on interrupt(CTRL+C/CMD+C)
Now listening on: http://localhost:18080
Application started. Press CMD+C to shut down.
[38;5;37m[2019-06-05.15:14:08.141101][0m [31mERROR[0m[36m github.com/kataras/golog.integrateExternalLogger.func1(golog@v0.0.0-20180321173939-03be10146386/integration.go:28):[0m http: Server closed
