time="2019-11-06T15:44:40+08:00" level=error msg="[github.com/kataras/golog.integrateExternalLogger.func1(golog@v0.0.0-20180321173939-03be10146386/integration.go:28)] http: Server closed" func=github.com/kataras/golog.integrateExternalLogger.func1 file="golog@v0.0.0-20180321173939-03be10146386/integration.go:28"
time="2019-11-06T15:44:49+08:00" level=info msg="[resk-5/infra.(*BootApplication).init(infra/boot.go:37)] Initializing starters..." func="resk-5/infra.(*BootApplication).init" file="infra/boot.go:37"
time="2019-11-06T15:44:52+08:00" level=debug msg="[resk-5/infra.(*BootApplication).init(infra/boot.go:40)] Initializing: PriorityGroup=20,Priority=10000,type=*base.PropsStarter" func="resk-5/infra.(*BootApplication).init" file="infra/boot.go:40"
time="2019-11-06T15:53:14+08:00" level=info msg="[resk-5/infra.(*BootApplication).init(infra/boot.go:34)] Initializing starters..." func="resk-5/infra.(*BootApplication).init" file="infra/boot.go:34"
time="2019-11-06T15:53:17+08:00" level=debug msg="[resk-5/infra.(*BootApplication).init(infra/boot.go:37)] Initializing: PriorityGroup=20,Priority=10000,type=*base.PropsStarter" func="resk-5/infra.(*BootApplication).init" file="infra/boot.go:37"
time="2019-11-06T15:53:17+08:00" level=info msg="[resk-5/infra/base.(*PropsStarter).Init(base/props.go:23)] 初始化配置." func="resk-5/infra/base.(*PropsStarter).Init" file="base/props.go:23"
time="2019-11-06T15:53:17+08:00" level=debug msg="[resk-5/infra.(*BootApplication).init(infra/boot.go:37)] Initializing: PriorityGroup=20,Priority=10000,type=*base.DbxDatabaseStarter" func="resk-5/infra.(*BootApplication).init" file="infra/boot.go:37"
time="2019-11-06T15:53:17+08:00" level=debug msg="[resk-5/infra.(*BootApplication).init(infra/boot.go:37)] Initializing: PriorityGroup=20,Priority=10000,type=*base.ValidatorStarter" func="resk-5/infra.(*BootApplication).init" file="infra/boot.go:37"
time="2019-11-06T15:53:17+08:00" level=debug msg="[resk-5/infra.(*BootApplication).init(infra/boot.go:37)] Initializing: PriorityGroup=20,Priority=10000,type=*infra.WebApiStarter" func="resk-5/infra.(*BootApplication).init" file="infra/boot.go:37"
time="2019-11-06T15:53:17+08:00" level=debug msg="[resk-5/infra.(*BootApplication).init(infra/boot.go:37)] Initializing: PriorityGroup=20,Priority=10000,type=*base.IrisServerStarter" func="resk-5/infra.(*BootApplication).init" file="infra/boot.go:37"
time="2019-11-06T15:53:17+08:00" level=info msg="[resk-5/infra.(*BootApplication).setup(infra/boot.go:45)] Setup starters..." func="resk-5/infra.(*BootApplication).setup" file="infra/boot.go:45"
time="2019-11-06T15:53:17+08:00" level=debug msg="[resk-5/infra.(*BootApplication).setup(infra/boot.go:48)] Setup: *base.PropsStarter" func="resk-5/infra.(*BootApplication).setup" file="infra/boot.go:48"
time="2019-11-06T15:53:17+08:00" level=debug msg="[resk-5/infra.(*BootApplication).setup(infra/boot.go:48)] Setup: *base.DbxDatabaseStarter" func="resk-5/infra.(*BootApplication).setup" file="infra/boot.go:48"
time="2019-11-06T15:53:17+08:00" level=info msg="[resk-5/infra/base.(*DbxDatabaseStarter).Setup(base/dbx.go:33)] mysql.conn url:root:***@tcp(127.0.0.1:3306)/mcn?charset=utf8&parseTime=true&loc=Local&" func="resk-5/infra/base.(*DbxDatabaseStarter).Setup" file="base/dbx.go:33"
time="2019-11-06T15:53:17+08:00" level=info msg="[resk-5/infra/base.(*DbxDatabaseStarter).Setup(base/dbx.go:38)] <nil>" func="resk-5/infra/base.(*DbxDatabaseStarter).Setup" file="base/dbx.go:38"
time="2019-11-06T15:53:17+08:00" level=debug msg="[resk-5/infra.(*BootApplication).setup(infra/boot.go:48)] Setup: *base.ValidatorStarter" func="resk-5/infra.(*BootApplication).setup" file="infra/boot.go:48"
time="2019-11-06T15:53:17+08:00" level=debug msg="[resk-5/infra.(*BootApplication).setup(infra/boot.go:48)] Setup: *infra.WebApiStarter" func="resk-5/infra.(*BootApplication).setup" file="infra/boot.go:48"
time="2019-11-06T15:53:17+08:00" level=debug msg="[resk-5/infra.(*BootApplication).setup(infra/boot.go:48)] Setup: *base.IrisServerStarter" func="resk-5/infra.(*BootApplication).setup" file="infra/boot.go:48"
time="2019-11-06T15:53:17+08:00" level=info msg="[resk-5/infra.(*BootApplication).start(infra/boot.go:56)] Starting starters..." func="resk-5/infra.(*BootApplication).start" file="infra/boot.go:56"
time="2019-11-06T15:53:17+08:00" level=debug msg="[resk-5/infra.(*BootApplication).start(infra/boot.go:60)] Starting: *base.PropsStarter" func="resk-5/infra.(*BootApplication).start" file="infra/boot.go:60"
time="2019-11-06T15:53:17+08:00" level=debug msg="[resk-5/infra.(*BootApplication).start(infra/boot.go:60)] Starting: *base.DbxDatabaseStarter" func="resk-5/infra.(*BootApplication).start" file="infra/boot.go:60"
time="2019-11-06T15:53:17+08:00" level=debug msg="[resk-5/infra.(*BootApplication).start(infra/boot.go:60)] Starting: *base.ValidatorStarter" func="resk-5/infra.(*BootApplication).start" file="infra/boot.go:60"
time="2019-11-06T15:53:17+08:00" level=debug msg="[resk-5/infra.(*BootApplication).start(infra/boot.go:60)] Starting: *infra.WebApiStarter" func="resk-5/infra.(*BootApplication).start" file="infra/boot.go:60"
time="2019-11-06T15:53:17+08:00" level=debug msg="[resk-5/infra.(*BootApplication).start(infra/boot.go:60)] Starting: *base.IrisServerStarter" func="resk-5/infra.(*BootApplication).start" file="infra/boot.go:60"
time="2019-11-06T15:53:17+08:00" level=info msg="[resk-5/infra/base.(*IrisServerStarter).Start(base/iris_server.go:42)] POST: /v1/account/create -> resk-5/apis/web.createHandler() and 2 more" func="resk-5/infra/base.(*IrisServerStarter).Start" file="base/iris_server.go:42"
time="2019-11-06T15:53:17+08:00" level=info msg="[resk-5/infra/base.(*IrisServerStarter).Start(base/iris_server.go:42)] POST: /v1/account/transfer -> resk-5/apis/web.transferHandler() and 2 more" func="resk-5/infra/base.(*IrisServerStarter).Start" file="base/iris_server.go:42"
time="2019-11-06T15:53:17+08:00" level=info msg="[resk-5/infra/base.(*IrisServerStarter).Start(base/iris_server.go:42)] GET: /v1/account/envelope/get -> resk-5/apis/web.getEnvelopeAccountHandler() and 2 more" func="resk-5/infra/base.(*IrisServerStarter).Start" file="base/iris_server.go:42"
time="2019-11-06T15:53:17+08:00" level=info msg="[resk-5/infra/base.(*IrisServerStarter).Start(base/iris_server.go:42)] GET: /v1/account/get -> resk-5/apis/web.getAccountHandler() and 2 more" func="resk-5/infra/base.(*IrisServerStarter).Start" file="base/iris_server.go:42"
time="2019-11-06T15:53:17+08:00" level=debug msg="[github.com/kataras/golog.integrateExternalLogger.func1(golog@v0.0.0-20180321173939-03be10146386/integration.go:28)] POST: /v1/account/create -> resk-5/apis/web.createHandler() and 2 more" func=github.com/kataras/golog.integrateExternalLogger.func1 file="golog@v0.0.0-20180321173939-03be10146386/integration.go:28"
time="2019-11-06T15:53:17+08:00" level=debug msg="[github.com/kataras/golog.integrateExternalLogger.func1(golog@v0.0.0-20180321173939-03be10146386/integration.go:28)] POST: /v1/account/transfer -> resk-5/apis/web.transferHandler() and 2 more" func=github.com/kataras/golog.integrateExternalLogger.func1 file="golog@v0.0.0-20180321173939-03be10146386/integration.go:28"
time="2019-11-06T15:53:17+08:00" level=debug msg="[github.com/kataras/golog.integrateExternalLogger.func1(golog@v0.0.0-20180321173939-03be10146386/integration.go:28)] GET: /v1/account/envelope/get -> resk-5/apis/web.getEnvelopeAccountHandler() and 2 more" func=github.com/kataras/golog.integrateExternalLogger.func1 file="golog@v0.0.0-20180321173939-03be10146386/integration.go:28"
time="2019-11-06T15:53:17+08:00" level=debug msg="[github.com/kataras/golog.integrateExternalLogger.func1(golog@v0.0.0-20180321173939-03be10146386/integration.go:28)] GET: /v1/account/get -> resk-5/apis/web.getAccountHandler() and 2 more" func=github.com/kataras/golog.integrateExternalLogger.func1 file="golog@v0.0.0-20180321173939-03be10146386/integration.go:28"
time="2019-11-06T15:53:17+08:00" level=debug msg="[github.com/kataras/golog.integrateExternalLogger.func1(golog@v0.0.0-20180321173939-03be10146386/integration.go:28)] Application: running using 1 host(s)" func=github.com/kataras/golog.integrateExternalLogger.func1 file="golog@v0.0.0-20180321173939-03be10146386/integration.go:28"
time="2019-11-06T15:53:17+08:00" level=debug msg="[github.com/kataras/golog.integrateExternalLogger.func1(golog@v0.0.0-20180321173939-03be10146386/integration.go:28)] Host: addr is :18080" func=github.com/kataras/golog.integrateExternalLogger.func1 file="golog@v0.0.0-20180321173939-03be10146386/integration.go:28"
time="2019-11-06T15:53:17+08:00" level=debug msg="[github.com/kataras/golog.integrateExternalLogger.func1(golog@v0.0.0-20180321173939-03be10146386/integration.go:28)] Host: virtual host is localhost:18080" func=github.com/kataras/golog.integrateExternalLogger.func1 file="golog@v0.0.0-20180321173939-03be10146386/integration.go:28"
time="2019-11-06T15:53:17+08:00" level=debug msg="[github.com/kataras/golog.integrateExternalLogger.func1(golog@v0.0.0-20180321173939-03be10146386/integration.go:28)] Host: register startup notifier" func=github.com/kataras/golog.integrateExternalLogger.func1 file="golog@v0.0.0-20180321173939-03be10146386/integration.go:28"
time="2019-11-06T15:53:17+08:00" level=debug msg="[github.com/kataras/golog.integrateExternalLogger.func1(golog@v0.0.0-20180321173939-03be10146386/integration.go:28)] Host: register server shutdown on interrupt(CTRL+C/CMD+C)" func=github.com/kataras/golog.integrateExternalLogger.func1 file="golog@v0.0.0-20180321173939-03be10146386/integration.go:28"
