time="2019-04-07T17:03:52+08:00" level=info msg="[resk-5/infra.(*starterRegister).Register(infra/starer.go:78)] Register starter: *base.PropsStarter" func="resk-5/infra.(*starterRegister).Register" file="infra/starer.go:78"
time="2019-04-07T17:03:52+08:00" level=info msg="[resk-5/infra.(*starterRegister).Register(infra/starer.go:78)] Register starter: *base.DbxDatabaseStarter" func="resk-5/infra.(*starterRegister).Register" file="infra/starer.go:78"
time="2019-04-07T17:03:52+08:00" level=info msg="[resk-5/infra.(*starterRegister).Register(infra/starer.go:78)] Register starter: *base.ValidatorStarter" func="resk-5/infra.(*starterRegister).Register" file="infra/starer.go:78"
time="2019-04-07T17:03:52+08:00" level=info msg="[resk-5/infra.(*BootApplication).init(infra/boot.go:34)] Initializing starters..." func="resk-5/infra.(*BootApplication).init" file="infra/boot.go:34"
time="2019-04-07T17:03:52+08:00" level=debug msg="[resk-5/infra.(*BootApplication).init(infra/boot.go:37)] Initializing: PriorityGroup=20,Priority=10000,type=*base.PropsStarter" func="resk-5/infra.(*BootApplication).init" file="infra/boot.go:37"
time="2019-04-07T17:03:52+08:00" level=info msg="[resk-5/infra/base.(*PropsStarter).Init(base/props.go:22)] 初始化配置." func="resk-5/infra/base.(*PropsStarter).Init" file="base/props.go:22"
time="2019-04-07T17:03:52+08:00" level=debug msg="[resk-5/infra.(*BootApplication).init(infra/boot.go:37)] Initializing: PriorityGroup=20,Priority=10000,type=*base.DbxDatabaseStarter" func="resk-5/infra.(*BootApplication).init" file="infra/boot.go:37"
time="2019-04-07T17:03:52+08:00" level=debug msg="[resk-5/infra.(*BootApplication).init(infra/boot.go:37)] Initializing: PriorityGroup=20,Priority=10000,type=*base.ValidatorStarter" func="resk-5/infra.(*BootApplication).init" file="infra/boot.go:37"
time="2019-04-07T17:03:52+08:00" level=info msg="[resk-5/infra.(*BootApplication).setup(infra/boot.go:45)] Setup starters..." func="resk-5/infra.(*BootApplication).setup" file="infra/boot.go:45"
time="2019-04-07T17:03:52+08:00" level=debug msg="[resk-5/infra.(*BootApplication).setup(infra/boot.go:48)] Setup: *base.PropsStarter" func="resk-5/infra.(*BootApplication).setup" file="infra/boot.go:48"
time="2019-04-07T17:03:52+08:00" level=debug msg="[resk-5/infra.(*BootApplication).setup(infra/boot.go:48)] Setup: *base.DbxDatabaseStarter" func="resk-5/infra.(*BootApplication).setup" file="infra/boot.go:48"
time="2019-04-07T17:03:52+08:00" level=info msg="[resk-5/infra/base.(*DbxDatabaseStarter).Setup(base/dbx.go:33)] mysql.conn url:po:***@tcp(192.168.232.175:3306)/po?charset=utf8&loc=Local&parseTime=true&" func="resk-5/infra/base.(*DbxDatabaseStarter).Setup" file="base/dbx.go:33"
time="2019-04-07T17:04:11+08:00" level=info msg="[resk-5/infra/base.(*DbxDatabaseStarter).Setup(base/dbx.go:38)] <nil>" func="resk-5/infra/base.(*DbxDatabaseStarter).Setup" file="base/dbx.go:38"
time="2019-04-07T17:04:11+08:00" level=debug msg="[resk-5/infra.(*BootApplication).setup(infra/boot.go:48)] Setup: *base.ValidatorStarter" func="resk-5/infra.(*BootApplication).setup" file="infra/boot.go:48"
time="2019-04-07T17:04:11+08:00" level=info msg="[resk-5/infra.(*BootApplication).start(infra/boot.go:57)] Starting starters..." func="resk-5/infra.(*BootApplication).start" file="infra/boot.go:57"
time="2019-04-07T17:04:11+08:00" level=debug msg="[resk-5/infra.(*BootApplication).start(infra/boot.go:61)] Starting: *base.PropsStarter" func="resk-5/infra.(*BootApplication).start" file="infra/boot.go:61"
time="2019-04-07T17:04:11+08:00" level=debug msg="[resk-5/infra.(*BootApplication).start(infra/boot.go:61)] Starting: *base.DbxDatabaseStarter" func="resk-5/infra.(*BootApplication).start" file="infra/boot.go:61"
time="2019-04-07T17:04:11+08:00" level=debug msg="[resk-5/infra.(*BootApplication).start(infra/boot.go:61)] Starting: *base.ValidatorStarter" func="resk-5/infra.(*BootApplication).start" file="infra/boot.go:61"
time="2019-04-07T17:04:40+08:00" level=info msg="[resk-5/infra.(*starterRegister).Register(infra/starer.go:78)] Register starter: *base.PropsStarter" func="resk-5/infra.(*starterRegister).Register" file="infra/starer.go:78"
time="2019-04-07T17:04:40+08:00" level=info msg="[resk-5/infra.(*starterRegister).Register(infra/starer.go:78)] Register starter: *base.DbxDatabaseStarter" func="resk-5/infra.(*starterRegister).Register" file="infra/starer.go:78"
time="2019-04-07T17:04:40+08:00" level=info msg="[resk-5/infra.(*starterRegister).Register(infra/starer.go:78)] Register starter: *base.ValidatorStarter" func="resk-5/infra.(*starterRegister).Register" file="infra/starer.go:78"
time="2019-04-07T17:04:40+08:00" level=info msg="[resk-5/infra.(*BootApplication).init(infra/boot.go:34)] Initializing starters..." func="resk-5/infra.(*BootApplication).init" file="infra/boot.go:34"
time="2019-04-07T17:04:40+08:00" level=debug msg="[resk-5/infra.(*BootApplication).init(infra/boot.go:37)] Initializing: PriorityGroup=20,Priority=10000,type=*base.PropsStarter" func="resk-5/infra.(*BootApplication).init" file="infra/boot.go:37"
time="2019-04-07T17:04:40+08:00" level=info msg="[resk-5/infra/base.(*PropsStarter).Init(base/props.go:22)] 初始化配置." func="resk-5/infra/base.(*PropsStarter).Init" file="base/props.go:22"
time="2019-04-07T17:04:40+08:00" level=debug msg="[resk-5/infra.(*BootApplication).init(infra/boot.go:37)] Initializing: PriorityGroup=20,Priority=10000,type=*base.DbxDatabaseStarter" func="resk-5/infra.(*BootApplication).init" file="infra/boot.go:37"
time="2019-04-07T17:04:40+08:00" level=debug msg="[resk-5/infra.(*BootApplication).init(infra/boot.go:37)] Initializing: PriorityGroup=20,Priority=10000,type=*base.ValidatorStarter" func="resk-5/infra.(*BootApplication).init" file="infra/boot.go:37"
time="2019-04-07T17:04:40+08:00" level=info msg="[resk-5/infra.(*BootApplication).setup(infra/boot.go:45)] Setup starters..." func="resk-5/infra.(*BootApplication).setup" file="infra/boot.go:45"
time="2019-04-07T17:04:40+08:00" level=debug msg="[resk-5/infra.(*BootApplication).setup(infra/boot.go:48)] Setup: *base.PropsStarter" func="resk-5/infra.(*BootApplication).setup" file="infra/boot.go:48"
time="2019-04-07T17:04:40+08:00" level=debug msg="[resk-5/infra.(*BootApplication).setup(infra/boot.go:48)] Setup: *base.DbxDatabaseStarter" func="resk-5/infra.(*BootApplication).setup" file="infra/boot.go:48"
time="2019-04-07T17:04:40+08:00" level=info msg="[resk-5/infra/base.(*DbxDatabaseStarter).Setup(base/dbx.go:33)] mysql.conn url:po:***@tcp(192.168.232.175:3306)/po?charset=utf8&parseTime=true&loc=Local&" func="resk-5/infra/base.(*DbxDatabaseStarter).Setup" file="base/dbx.go:33"
time="2019-04-07T17:04:40+08:00" level=info msg="[resk-5/infra/base.(*DbxDatabaseStarter).Setup(base/dbx.go:38)] <nil>" func="resk-5/infra/base.(*DbxDatabaseStarter).Setup" file="base/dbx.go:38"
time="2019-04-07T17:04:40+08:00" level=debug msg="[resk-5/infra.(*BootApplication).setup(infra/boot.go:48)] Setup: *base.ValidatorStarter" func="resk-5/infra.(*BootApplication).setup" file="infra/boot.go:48"
time="2019-04-07T17:04:40+08:00" level=info msg="[resk-5/infra.(*BootApplication).start(infra/boot.go:57)] Starting starters..." func="resk-5/infra.(*BootApplication).start" file="infra/boot.go:57"
time="2019-04-07T17:04:40+08:00" level=debug msg="[resk-5/infra.(*BootApplication).start(infra/boot.go:61)] Starting: *base.PropsStarter" func="resk-5/infra.(*BootApplication).start" file="infra/boot.go:61"
time="2019-04-07T17:04:40+08:00" level=debug msg="[resk-5/infra.(*BootApplication).start(infra/boot.go:61)] Starting: *base.DbxDatabaseStarter" func="resk-5/infra.(*BootApplication).start" file="infra/boot.go:61"
time="2019-04-07T17:04:40+08:00" level=debug msg="[resk-5/infra.(*BootApplication).start(infra/boot.go:61)] Starting: *base.ValidatorStarter" func="resk-5/infra.(*BootApplication).start" file="infra/boot.go:61"
time="2019-04-07T17:53:23+08:00" level=info msg="[resk-5/infra.(*starterRegister).Register(infra/starer.go:78)] Register starter: *base.PropsStarter" func="resk-5/infra.(*starterRegister).Register" file="infra/starer.go:78"
time="2019-04-07T17:53:23+08:00" level=info msg="[resk-5/infra.(*starterRegister).Register(infra/starer.go:78)] Register starter: *base.DbxDatabaseStarter" func="resk-5/infra.(*starterRegister).Register" file="infra/starer.go:78"
time="2019-04-07T17:53:23+08:00" level=info msg="[resk-5/infra.(*starterRegister).Register(infra/starer.go:78)] Register starter: *base.ValidatorStarter" func="resk-5/infra.(*starterRegister).Register" file="infra/starer.go:78"
time="2019-04-07T17:53:23+08:00" level=info msg="[resk-5/infra.(*BootApplication).init(infra/boot.go:34)] Initializing starters..." func="resk-5/infra.(*BootApplication).init" file="infra/boot.go:34"
time="2019-04-07T17:53:23+08:00" level=debug msg="[resk-5/infra.(*BootApplication).init(infra/boot.go:37)] Initializing: PriorityGroup=20,Priority=10000,type=*base.PropsStarter" func="resk-5/infra.(*BootApplication).init" file="infra/boot.go:37"
time="2019-04-07T17:53:23+08:00" level=info msg="[resk-5/infra/base.(*PropsStarter).Init(base/props.go:22)] 初始化配置." func="resk-5/infra/base.(*PropsStarter).Init" file="base/props.go:22"
time="2019-04-07T17:53:23+08:00" level=debug msg="[resk-5/infra.(*BootApplication).init(infra/boot.go:37)] Initializing: PriorityGroup=20,Priority=10000,type=*base.DbxDatabaseStarter" func="resk-5/infra.(*BootApplication).init" file="infra/boot.go:37"
time="2019-04-07T17:53:23+08:00" level=debug msg="[resk-5/infra.(*BootApplication).init(infra/boot.go:37)] Initializing: PriorityGroup=20,Priority=10000,type=*base.ValidatorStarter" func="resk-5/infra.(*BootApplication).init" file="infra/boot.go:37"
time="2019-04-07T17:53:23+08:00" level=info msg="[resk-5/infra.(*BootApplication).setup(infra/boot.go:45)] Setup starters..." func="resk-5/infra.(*BootApplication).setup" file="infra/boot.go:45"
time="2019-04-07T17:53:23+08:00" level=debug msg="[resk-5/infra.(*BootApplication).setup(infra/boot.go:48)] Setup: *base.PropsStarter" func="resk-5/infra.(*BootApplication).setup" file="infra/boot.go:48"
time="2019-04-07T17:53:23+08:00" level=debug msg="[resk-5/infra.(*BootApplication).setup(infra/boot.go:48)] Setup: *base.DbxDatabaseStarter" func="resk-5/infra.(*BootApplication).setup" file="infra/boot.go:48"
time="2019-04-07T17:53:23+08:00" level=info msg="[resk-5/infra/base.(*DbxDatabaseStarter).Setup(base/dbx.go:33)] mysql.conn url:po:***@tcp(192.168.232.175:3306)/po?charset=utf8&parseTime=true&loc=Local&" func="resk-5/infra/base.(*DbxDatabaseStarter).Setup" file="base/dbx.go:33"
time="2019-04-07T17:53:23+08:00" level=info msg="[resk-5/infra/base.(*DbxDatabaseStarter).Setup(base/dbx.go:38)] <nil>" func="resk-5/infra/base.(*DbxDatabaseStarter).Setup" file="base/dbx.go:38"
time="2019-04-07T17:53:23+08:00" level=debug msg="[resk-5/infra.(*BootApplication).setup(infra/boot.go:48)] Setup: *base.ValidatorStarter" func="resk-5/infra.(*BootApplication).setup" file="infra/boot.go:48"
time="2019-04-07T17:53:23+08:00" level=info msg="[resk-5/infra.(*BootApplication).start(infra/boot.go:57)] Starting starters..." func="resk-5/infra.(*BootApplication).start" file="infra/boot.go:57"
time="2019-04-07T17:53:23+08:00" level=debug msg="[resk-5/infra.(*BootApplication).start(infra/boot.go:61)] Starting: *base.PropsStarter" func="resk-5/infra.(*BootApplication).start" file="infra/boot.go:61"
time="2019-04-07T17:53:23+08:00" level=debug msg="[resk-5/infra.(*BootApplication).start(infra/boot.go:61)] Starting: *base.DbxDatabaseStarter" func="resk-5/infra.(*BootApplication).start" file="infra/boot.go:61"
time="2019-04-07T17:53:23+08:00" level=debug msg="[resk-5/infra.(*BootApplication).start(infra/boot.go:61)] Starting: *base.ValidatorStarter" func="resk-5/infra.(*BootApplication).start" file="infra/boot.go:61"
time="2019-04-07T17:53:23+08:00" level=error msg="[resk-5/core/accounts.(*accountDomain).Transfer(accounts/domain_account.go:136)] 余额不足" func="resk-5/core/accounts.(*accountDomain).Transfer" file="accounts/domain_account.go:136"
time="2019-04-07T17:54:36+08:00" level=info msg="[resk-5/infra.(*starterRegister).Register(infra/starer.go:78)] Register starter: *base.PropsStarter" func="resk-5/infra.(*starterRegister).Register" file="infra/starer.go:78"
time="2019-04-07T17:54:36+08:00" level=info msg="[resk-5/infra.(*starterRegister).Register(infra/starer.go:78)] Register starter: *base.DbxDatabaseStarter" func="resk-5/infra.(*starterRegister).Register" file="infra/starer.go:78"
time="2019-04-07T17:54:36+08:00" level=info msg="[resk-5/infra.(*starterRegister).Register(infra/starer.go:78)] Register starter: *base.ValidatorStarter" func="resk-5/infra.(*starterRegister).Register" file="infra/starer.go:78"
time="2019-04-07T17:54:36+08:00" level=info msg="[resk-5/infra.(*BootApplication).init(infra/boot.go:34)] Initializing starters..." func="resk-5/infra.(*BootApplication).init" file="infra/boot.go:34"
time="2019-04-07T17:54:36+08:00" level=debug msg="[resk-5/infra.(*BootApplication).init(infra/boot.go:37)] Initializing: PriorityGroup=20,Priority=10000,type=*base.PropsStarter" func="resk-5/infra.(*BootApplication).init" file="infra/boot.go:37"
time="2019-04-07T17:54:36+08:00" level=info msg="[resk-5/infra/base.(*PropsStarter).Init(base/props.go:22)] 初始化配置." func="resk-5/infra/base.(*PropsStarter).Init" file="base/props.go:22"
time="2019-04-07T17:54:36+08:00" level=debug msg="[resk-5/infra.(*BootApplication).init(infra/boot.go:37)] Initializing: PriorityGroup=20,Priority=10000,type=*base.DbxDatabaseStarter" func="resk-5/infra.(*BootApplication).init" file="infra/boot.go:37"
time="2019-04-07T17:54:36+08:00" level=debug msg="[resk-5/infra.(*BootApplication).init(infra/boot.go:37)] Initializing: PriorityGroup=20,Priority=10000,type=*base.ValidatorStarter" func="resk-5/infra.(*BootApplication).init" file="infra/boot.go:37"
time="2019-04-07T17:54:36+08:00" level=info msg="[resk-5/infra.(*BootApplication).setup(infra/boot.go:45)] Setup starters..." func="resk-5/infra.(*BootApplication).setup" file="infra/boot.go:45"
time="2019-04-07T17:54:36+08:00" level=debug msg="[resk-5/infra.(*BootApplication).setup(infra/boot.go:48)] Setup: *base.PropsStarter" func="resk-5/infra.(*BootApplication).setup" file="infra/boot.go:48"
time="2019-04-07T17:54:36+08:00" level=debug msg="[resk-5/infra.(*BootApplication).setup(infra/boot.go:48)] Setup: *base.DbxDatabaseStarter" func="resk-5/infra.(*BootApplication).setup" file="infra/boot.go:48"
time="2019-04-07T17:54:36+08:00" level=info msg="[resk-5/infra/base.(*DbxDatabaseStarter).Setup(base/dbx.go:33)] mysql.conn url:po:***@tcp(192.168.232.175:3306)/po?parseTime=true&charset=utf8&loc=Local&" func="resk-5/infra/base.(*DbxDatabaseStarter).Setup" file="base/dbx.go:33"
time="2019-04-07T17:54:36+08:00" level=info msg="[resk-5/infra/base.(*DbxDatabaseStarter).Setup(base/dbx.go:38)] <nil>" func="resk-5/infra/base.(*DbxDatabaseStarter).Setup" file="base/dbx.go:38"
time="2019-04-07T17:54:36+08:00" level=debug msg="[resk-5/infra.(*BootApplication).setup(infra/boot.go:48)] Setup: *base.ValidatorStarter" func="resk-5/infra.(*BootApplication).setup" file="infra/boot.go:48"
time="2019-04-07T17:54:36+08:00" level=info msg="[resk-5/infra.(*BootApplication).start(infra/boot.go:57)] Starting starters..." func="resk-5/infra.(*BootApplication).start" file="infra/boot.go:57"
time="2019-04-07T17:54:36+08:00" level=debug msg="[resk-5/infra.(*BootApplication).start(infra/boot.go:61)] Starting: *base.PropsStarter" func="resk-5/infra.(*BootApplication).start" file="infra/boot.go:61"
time="2019-04-07T17:54:36+08:00" level=debug msg="[resk-5/infra.(*BootApplication).start(infra/boot.go:61)] Starting: *base.DbxDatabaseStarter" func="resk-5/infra.(*BootApplication).start" file="infra/boot.go:61"
time="2019-04-07T17:54:36+08:00" level=debug msg="[resk-5/infra.(*BootApplication).start(infra/boot.go:61)] Starting: *base.ValidatorStarter" func="resk-5/infra.(*BootApplication).start" file="infra/boot.go:61"
time="2019-04-07T17:54:45+08:00" level=error msg="[resk-5/core/accounts.(*accountDomain).Transfer(accounts/domain_account.go:136)] 余额不足" func="resk-5/core/accounts.(*accountDomain).Transfer" file="accounts/domain_account.go:136"
time="2019-04-07T17:55:03+08:00" level=info msg="[resk-5/infra.(*starterRegister).Register(infra/starer.go:78)] Register starter: *base.PropsStarter" func="resk-5/infra.(*starterRegister).Register" file="infra/starer.go:78"
time="2019-04-07T17:55:03+08:00" level=info msg="[resk-5/infra.(*starterRegister).Register(infra/starer.go:78)] Register starter: *base.DbxDatabaseStarter" func="resk-5/infra.(*starterRegister).Register" file="infra/starer.go:78"
time="2019-04-07T17:55:03+08:00" level=info msg="[resk-5/infra.(*starterRegister).Register(infra/starer.go:78)] Register starter: *base.ValidatorStarter" func="resk-5/infra.(*starterRegister).Register" file="infra/starer.go:78"
time="2019-04-07T17:55:03+08:00" level=info msg="[resk-5/infra.(*BootApplication).init(infra/boot.go:34)] Initializing starters..." func="resk-5/infra.(*BootApplication).init" file="infra/boot.go:34"
time="2019-04-07T17:55:03+08:00" level=debug msg="[resk-5/infra.(*BootApplication).init(infra/boot.go:37)] Initializing: PriorityGroup=20,Priority=10000,type=*base.PropsStarter" func="resk-5/infra.(*BootApplication).init" file="infra/boot.go:37"
time="2019-04-07T17:55:03+08:00" level=info msg="[resk-5/infra/base.(*PropsStarter).Init(base/props.go:22)] 初始化配置." func="resk-5/infra/base.(*PropsStarter).Init" file="base/props.go:22"
time="2019-04-07T17:55:03+08:00" level=debug msg="[resk-5/infra.(*BootApplication).init(infra/boot.go:37)] Initializing: PriorityGroup=20,Priority=10000,type=*base.DbxDatabaseStarter" func="resk-5/infra.(*BootApplication).init" file="infra/boot.go:37"
time="2019-04-07T17:55:03+08:00" level=debug msg="[resk-5/infra.(*BootApplication).init(infra/boot.go:37)] Initializing: PriorityGroup=20,Priority=10000,type=*base.ValidatorStarter" func="resk-5/infra.(*BootApplication).init" file="infra/boot.go:37"
time="2019-04-07T17:55:03+08:00" level=info msg="[resk-5/infra.(*BootApplication).setup(infra/boot.go:45)] Setup starters..." func="resk-5/infra.(*BootApplication).setup" file="infra/boot.go:45"
time="2019-04-07T17:55:03+08:00" level=debug msg="[resk-5/infra.(*BootApplication).setup(infra/boot.go:48)] Setup: *base.PropsStarter" func="resk-5/infra.(*BootApplication).setup" file="infra/boot.go:48"
time="2019-04-07T17:55:03+08:00" level=debug msg="[resk-5/infra.(*BootApplication).setup(infra/boot.go:48)] Setup: *base.DbxDatabaseStarter" func="resk-5/infra.(*BootApplication).setup" file="infra/boot.go:48"
time="2019-04-07T17:55:03+08:00" level=info msg="[resk-5/infra/base.(*DbxDatabaseStarter).Setup(base/dbx.go:33)] mysql.conn url:po:***@tcp(192.168.232.175:3306)/po?parseTime=true&loc=Local&charset=utf8&" func="resk-5/infra/base.(*DbxDatabaseStarter).Setup" file="base/dbx.go:33"
time="2019-04-07T17:55:03+08:00" level=info msg="[resk-5/infra/base.(*DbxDatabaseStarter).Setup(base/dbx.go:38)] <nil>" func="resk-5/infra/base.(*DbxDatabaseStarter).Setup" file="base/dbx.go:38"
time="2019-04-07T17:55:03+08:00" level=debug msg="[resk-5/infra.(*BootApplication).setup(infra/boot.go:48)] Setup: *base.ValidatorStarter" func="resk-5/infra.(*BootApplication).setup" file="infra/boot.go:48"
time="2019-04-07T17:55:03+08:00" level=info msg="[resk-5/infra.(*BootApplication).start(infra/boot.go:57)] Starting starters..." func="resk-5/infra.(*BootApplication).start" file="infra/boot.go:57"
time="2019-04-07T17:55:03+08:00" level=debug msg="[resk-5/infra.(*BootApplication).start(infra/boot.go:61)] Starting: *base.PropsStarter" func="resk-5/infra.(*BootApplication).start" file="infra/boot.go:61"
time="2019-04-07T17:55:03+08:00" level=debug msg="[resk-5/infra.(*BootApplication).start(infra/boot.go:61)] Starting: *base.DbxDatabaseStarter" func="resk-5/infra.(*BootApplication).start" file="infra/boot.go:61"
time="2019-04-07T17:55:03+08:00" level=debug msg="[resk-5/infra.(*BootApplication).start(infra/boot.go:61)] Starting: *base.ValidatorStarter" func="resk-5/infra.(*BootApplication).start" file="infra/boot.go:61"
time="2019-04-07T17:57:53+08:00" level=info msg="[resk-5/infra.(*starterRegister).Register(infra/starer.go:78)] Register starter: *base.PropsStarter" func="resk-5/infra.(*starterRegister).Register" file="infra/starer.go:78"
time="2019-04-07T17:57:53+08:00" level=info msg="[resk-5/infra.(*starterRegister).Register(infra/starer.go:78)] Register starter: *base.DbxDatabaseStarter" func="resk-5/infra.(*starterRegister).Register" file="infra/starer.go:78"
time="2019-04-07T17:57:53+08:00" level=info msg="[resk-5/infra.(*starterRegister).Register(infra/starer.go:78)] Register starter: *base.ValidatorStarter" func="resk-5/infra.(*starterRegister).Register" file="infra/starer.go:78"
time="2019-04-07T17:57:53+08:00" level=info msg="[resk-5/infra.(*BootApplication).init(infra/boot.go:34)] Initializing starters..." func="resk-5/infra.(*BootApplication).init" file="infra/boot.go:34"
time="2019-04-07T17:57:53+08:00" level=debug msg="[resk-5/infra.(*BootApplication).init(infra/boot.go:37)] Initializing: PriorityGroup=20,Priority=10000,type=*base.PropsStarter" func="resk-5/infra.(*BootApplication).init" file="infra/boot.go:37"
time="2019-04-07T17:57:53+08:00" level=info msg="[resk-5/infra/base.(*PropsStarter).Init(base/props.go:22)] 初始化配置." func="resk-5/infra/base.(*PropsStarter).Init" file="base/props.go:22"
time="2019-04-07T17:57:53+08:00" level=debug msg="[resk-5/infra.(*BootApplication).init(infra/boot.go:37)] Initializing: PriorityGroup=20,Priority=10000,type=*base.DbxDatabaseStarter" func="resk-5/infra.(*BootApplication).init" file="infra/boot.go:37"
time="2019-04-07T17:57:53+08:00" level=debug msg="[resk-5/infra.(*BootApplication).init(infra/boot.go:37)] Initializing: PriorityGroup=20,Priority=10000,type=*base.ValidatorStarter" func="resk-5/infra.(*BootApplication).init" file="infra/boot.go:37"
time="2019-04-07T17:57:53+08:00" level=info msg="[resk-5/infra.(*BootApplication).setup(infra/boot.go:45)] Setup starters..." func="resk-5/infra.(*BootApplication).setup" file="infra/boot.go:45"
time="2019-04-07T17:57:53+08:00" level=debug msg="[resk-5/infra.(*BootApplication).setup(infra/boot.go:48)] Setup: *base.PropsStarter" func="resk-5/infra.(*BootApplication).setup" file="infra/boot.go:48"
time="2019-04-07T17:57:53+08:00" level=debug msg="[resk-5/infra.(*BootApplication).setup(infra/boot.go:48)] Setup: *base.DbxDatabaseStarter" func="resk-5/infra.(*BootApplication).setup" file="infra/boot.go:48"
time="2019-04-07T17:57:53+08:00" level=info msg="[resk-5/infra/base.(*DbxDatabaseStarter).Setup(base/dbx.go:33)] mysql.conn url:po:***@tcp(192.168.232.175:3306)/po?charset=utf8&loc=Local&parseTime=true&" func="resk-5/infra/base.(*DbxDatabaseStarter).Setup" file="base/dbx.go:33"
time="2019-04-07T17:57:53+08:00" level=info msg="[resk-5/infra/base.(*DbxDatabaseStarter).Setup(base/dbx.go:38)] <nil>" func="resk-5/infra/base.(*DbxDatabaseStarter).Setup" file="base/dbx.go:38"
time="2019-04-07T17:57:53+08:00" level=debug msg="[resk-5/infra.(*BootApplication).setup(infra/boot.go:48)] Setup: *base.ValidatorStarter" func="resk-5/infra.(*BootApplication).setup" file="infra/boot.go:48"
time="2019-04-07T17:57:53+08:00" level=info msg="[resk-5/infra.(*BootApplication).start(infra/boot.go:57)] Starting starters..." func="resk-5/infra.(*BootApplication).start" file="infra/boot.go:57"
time="2019-04-07T17:57:53+08:00" level=debug msg="[resk-5/infra.(*BootApplication).start(infra/boot.go:61)] Starting: *base.PropsStarter" func="resk-5/infra.(*BootApplication).start" file="infra/boot.go:61"
time="2019-04-07T17:57:53+08:00" level=debug msg="[resk-5/infra.(*BootApplication).start(infra/boot.go:61)] Starting: *base.DbxDatabaseStarter" func="resk-5/infra.(*BootApplication).start" file="infra/boot.go:61"
time="2019-04-07T17:57:53+08:00" level=debug msg="[resk-5/infra.(*BootApplication).start(infra/boot.go:61)] Starting: *base.ValidatorStarter" func="resk-5/infra.(*BootApplication).start" file="infra/boot.go:61"
time="2019-04-07T17:57:53+08:00" level=error msg="[resk-5/core/accounts.(*accountDomain).Transfer(accounts/domain_account.go:136)] 账户出错" func="resk-5/core/accounts.(*accountDomain).Transfer" file="accounts/domain_account.go:136"
time="2019-04-07T17:58:16+08:00" level=info msg="[resk-5/infra.(*starterRegister).Register(infra/starer.go:78)] Register starter: *base.PropsStarter" func="resk-5/infra.(*starterRegister).Register" file="infra/starer.go:78"
time="2019-04-07T17:58:16+08:00" level=info msg="[resk-5/infra.(*starterRegister).Register(infra/starer.go:78)] Register starter: *base.DbxDatabaseStarter" func="resk-5/infra.(*starterRegister).Register" file="infra/starer.go:78"
time="2019-04-07T17:58:16+08:00" level=info msg="[resk-5/infra.(*starterRegister).Register(infra/starer.go:78)] Register starter: *base.ValidatorStarter" func="resk-5/infra.(*starterRegister).Register" file="infra/starer.go:78"
time="2019-04-07T17:58:16+08:00" level=info msg="[resk-5/infra.(*BootApplication).init(infra/boot.go:34)] Initializing starters..." func="resk-5/infra.(*BootApplication).init" file="infra/boot.go:34"
time="2019-04-07T17:58:16+08:00" level=debug msg="[resk-5/infra.(*BootApplication).init(infra/boot.go:37)] Initializing: PriorityGroup=20,Priority=10000,type=*base.PropsStarter" func="resk-5/infra.(*BootApplication).init" file="infra/boot.go:37"
time="2019-04-07T17:58:16+08:00" level=info msg="[resk-5/infra/base.(*PropsStarter).Init(base/props.go:22)] 初始化配置." func="resk-5/infra/base.(*PropsStarter).Init" file="base/props.go:22"
time="2019-04-07T17:58:16+08:00" level=debug msg="[resk-5/infra.(*BootApplication).init(infra/boot.go:37)] Initializing: PriorityGroup=20,Priority=10000,type=*base.DbxDatabaseStarter" func="resk-5/infra.(*BootApplication).init" file="infra/boot.go:37"
time="2019-04-07T17:58:16+08:00" level=debug msg="[resk-5/infra.(*BootApplication).init(infra/boot.go:37)] Initializing: PriorityGroup=20,Priority=10000,type=*base.ValidatorStarter" func="resk-5/infra.(*BootApplication).init" file="infra/boot.go:37"
time="2019-04-07T17:58:16+08:00" level=info msg="[resk-5/infra.(*BootApplication).setup(infra/boot.go:45)] Setup starters..." func="resk-5/infra.(*BootApplication).setup" file="infra/boot.go:45"
time="2019-04-07T17:58:16+08:00" level=debug msg="[resk-5/infra.(*BootApplication).setup(infra/boot.go:48)] Setup: *base.PropsStarter" func="resk-5/infra.(*BootApplication).setup" file="infra/boot.go:48"
time="2019-04-07T17:58:16+08:00" level=debug msg="[resk-5/infra.(*BootApplication).setup(infra/boot.go:48)] Setup: *base.DbxDatabaseStarter" func="resk-5/infra.(*BootApplication).setup" file="infra/boot.go:48"
time="2019-04-07T17:58:16+08:00" level=info msg="[resk-5/infra/base.(*DbxDatabaseStarter).Setup(base/dbx.go:33)] mysql.conn url:po:***@tcp(192.168.232.175:3306)/po?parseTime=true&loc=Local&charset=utf8&" func="resk-5/infra/base.(*DbxDatabaseStarter).Setup" file="base/dbx.go:33"
time="2019-04-07T17:58:16+08:00" level=info msg="[resk-5/infra/base.(*DbxDatabaseStarter).Setup(base/dbx.go:38)] <nil>" func="resk-5/infra/base.(*DbxDatabaseStarter).Setup" file="base/dbx.go:38"
time="2019-04-07T17:58:16+08:00" level=debug msg="[resk-5/infra.(*BootApplication).setup(infra/boot.go:48)] Setup: *base.ValidatorStarter" func="resk-5/infra.(*BootApplication).setup" file="infra/boot.go:48"
time="2019-04-07T17:58:16+08:00" level=info msg="[resk-5/infra.(*BootApplication).start(infra/boot.go:57)] Starting starters..." func="resk-5/infra.(*BootApplication).start" file="infra/boot.go:57"
time="2019-04-07T17:58:16+08:00" level=debug msg="[resk-5/infra.(*BootApplication).start(infra/boot.go:61)] Starting: *base.PropsStarter" func="resk-5/infra.(*BootApplication).start" file="infra/boot.go:61"
time="2019-04-07T17:58:16+08:00" level=debug msg="[resk-5/infra.(*BootApplication).start(infra/boot.go:61)] Starting: *base.DbxDatabaseStarter" func="resk-5/infra.(*BootApplication).start" file="infra/boot.go:61"
time="2019-04-07T17:58:16+08:00" level=debug msg="[resk-5/infra.(*BootApplication).start(infra/boot.go:61)] Starting: *base.ValidatorStarter" func="resk-5/infra.(*BootApplication).start" file="infra/boot.go:61"
time="2019-04-07T17:59:07+08:00" level=error msg="[resk-5/core/accounts.(*accountDomain).Transfer(accounts/domain_account.go:136)] 账户出错" func="resk-5/core/accounts.(*accountDomain).Transfer" file="accounts/domain_account.go:136"
time="2019-04-07T17:59:27+08:00" level=info msg="[resk-5/infra.(*starterRegister).Register(infra/starer.go:78)] Register starter: *base.PropsStarter" func="resk-5/infra.(*starterRegister).Register" file="infra/starer.go:78"
time="2019-04-07T17:59:27+08:00" level=info msg="[resk-5/infra.(*starterRegister).Register(infra/starer.go:78)] Register starter: *base.DbxDatabaseStarter" func="resk-5/infra.(*starterRegister).Register" file="infra/starer.go:78"
time="2019-04-07T17:59:27+08:00" level=info msg="[resk-5/infra.(*starterRegister).Register(infra/starer.go:78)] Register starter: *base.ValidatorStarter" func="resk-5/infra.(*starterRegister).Register" file="infra/starer.go:78"
time="2019-04-07T17:59:27+08:00" level=info msg="[resk-5/infra.(*BootApplication).init(infra/boot.go:34)] Initializing starters..." func="resk-5/infra.(*BootApplication).init" file="infra/boot.go:34"
time="2019-04-07T17:59:27+08:00" level=debug msg="[resk-5/infra.(*BootApplication).init(infra/boot.go:37)] Initializing: PriorityGroup=20,Priority=10000,type=*base.PropsStarter" func="resk-5/infra.(*BootApplication).init" file="infra/boot.go:37"
time="2019-04-07T17:59:27+08:00" level=info msg="[resk-5/infra/base.(*PropsStarter).Init(base/props.go:22)] 初始化配置." func="resk-5/infra/base.(*PropsStarter).Init" file="base/props.go:22"
time="2019-04-07T17:59:27+08:00" level=debug msg="[resk-5/infra.(*BootApplication).init(infra/boot.go:37)] Initializing: PriorityGroup=20,Priority=10000,type=*base.DbxDatabaseStarter" func="resk-5/infra.(*BootApplication).init" file="infra/boot.go:37"
time="2019-04-07T17:59:27+08:00" level=debug msg="[resk-5/infra.(*BootApplication).init(infra/boot.go:37)] Initializing: PriorityGroup=20,Priority=10000,type=*base.ValidatorStarter" func="resk-5/infra.(*BootApplication).init" file="infra/boot.go:37"
time="2019-04-07T17:59:27+08:00" level=info msg="[resk-5/infra.(*BootApplication).setup(infra/boot.go:45)] Setup starters..." func="resk-5/infra.(*BootApplication).setup" file="infra/boot.go:45"
time="2019-04-07T17:59:27+08:00" level=debug msg="[resk-5/infra.(*BootApplication).setup(infra/boot.go:48)] Setup: *base.PropsStarter" func="resk-5/infra.(*BootApplication).setup" file="infra/boot.go:48"
time="2019-04-07T17:59:27+08:00" level=debug msg="[resk-5/infra.(*BootApplication).setup(infra/boot.go:48)] Setup: *base.DbxDatabaseStarter" func="resk-5/infra.(*BootApplication).setup" file="infra/boot.go:48"
time="2019-04-07T17:59:27+08:00" level=info msg="[resk-5/infra/base.(*DbxDatabaseStarter).Setup(base/dbx.go:33)] mysql.conn url:po:***@tcp(192.168.232.175:3306)/po?parseTime=true&charset=utf8&loc=Local&" func="resk-5/infra/base.(*DbxDatabaseStarter).Setup" file="base/dbx.go:33"
time="2019-04-07T17:59:27+08:00" level=info msg="[resk-5/infra/base.(*DbxDatabaseStarter).Setup(base/dbx.go:38)] <nil>" func="resk-5/infra/base.(*DbxDatabaseStarter).Setup" file="base/dbx.go:38"
time="2019-04-07T17:59:27+08:00" level=debug msg="[resk-5/infra.(*BootApplication).setup(infra/boot.go:48)] Setup: *base.ValidatorStarter" func="resk-5/infra.(*BootApplication).setup" file="infra/boot.go:48"
time="2019-04-07T17:59:27+08:00" level=info msg="[resk-5/infra.(*BootApplication).start(infra/boot.go:57)] Starting starters..." func="resk-5/infra.(*BootApplication).start" file="infra/boot.go:57"
time="2019-04-07T17:59:27+08:00" level=debug msg="[resk-5/infra.(*BootApplication).start(infra/boot.go:61)] Starting: *base.PropsStarter" func="resk-5/infra.(*BootApplication).start" file="infra/boot.go:61"
time="2019-04-07T17:59:27+08:00" level=debug msg="[resk-5/infra.(*BootApplication).start(infra/boot.go:61)] Starting: *base.DbxDatabaseStarter" func="resk-5/infra.(*BootApplication).start" file="infra/boot.go:61"
time="2019-04-07T17:59:27+08:00" level=debug msg="[resk-5/infra.(*BootApplication).start(infra/boot.go:61)] Starting: *base.ValidatorStarter" func="resk-5/infra.(*BootApplication).start" file="infra/boot.go:61"
