time="2019-04-19T22:09:23+08:00" level=error msg="[github.com/kataras/golog.integrateExternalLogger.func1(golog@v0.0.0-20180321173939-03be10146386/integration.go:28)] http: Server closed" func=github.com/kataras/golog.integrateExternalLogger.func1 file="golog@v0.0.0-20180321173939-03be10146386/integration.go:28"
time="2019-04-19T22:09:26+08:00" level=info msg="[imooc.com/resk/infra.(*BootApplication).init(infra/boot.go:34)] Initializing starters..." func="imooc.com/resk/infra.(*BootApplication).init" file="infra/boot.go:34"
time="2019-04-19T22:09:26+08:00" level=debug msg="[imooc.com/resk/infra.(*BootApplication).init(infra/boot.go:37)] Initializing: PriorityGroup=20,Priority=10000,type=*base.PropsStarter" func="imooc.com/resk/infra.(*BootApplication).init" file="infra/boot.go:37"
time="2019-04-19T22:09:26+08:00" level=info msg="[imooc.com/resk/infra/base.(*PropsStarter).Init(base/props.go:22)] 初始化配置." func="imooc.com/resk/infra/base.(*PropsStarter).Init" file="base/props.go:22"
time="2019-04-19T22:09:26+08:00" level=debug msg="[imooc.com/resk/infra.(*BootApplication).init(infra/boot.go:37)] Initializing: PriorityGroup=20,Priority=10000,type=*base.DbxDatabaseStarter" func="imooc.com/resk/infra.(*BootApplication).init" file="infra/boot.go:37"
time="2019-04-19T22:09:26+08:00" level=debug msg="[imooc.com/resk/infra.(*BootApplication).init(infra/boot.go:37)] Initializing: PriorityGroup=20,Priority=10000,type=*base.ValidatorStarter" func="imooc.com/resk/infra.(*BootApplication).init" file="infra/boot.go:37"
time="2019-04-19T22:09:26+08:00" level=debug msg="[imooc.com/resk/infra.(*BootApplication).init(infra/boot.go:37)] Initializing: PriorityGroup=20,Priority=10000,type=*infra.WebApiStarter" func="imooc.com/resk/infra.(*BootApplication).init" file="infra/boot.go:37"
time="2019-04-19T22:09:26+08:00" level=debug msg="[imooc.com/resk/infra.(*BootApplication).init(infra/boot.go:37)] Initializing: PriorityGroup=20,Priority=10000,type=*base.IrisServerStarter" func="imooc.com/resk/infra.(*BootApplication).init" file="infra/boot.go:37"
time="2019-04-19T22:09:26+08:00" level=info msg="[imooc.com/resk/infra.(*BootApplication).setup(infra/boot.go:45)] Setup starters..." func="imooc.com/resk/infra.(*BootApplication).setup" file="infra/boot.go:45"
time="2019-04-19T22:09:26+08:00" level=debug msg="[imooc.com/resk/infra.(*BootApplication).setup(infra/boot.go:48)] Setup: *base.PropsStarter" func="imooc.com/resk/infra.(*BootApplication).setup" file="infra/boot.go:48"
time="2019-04-19T22:09:26+08:00" level=debug msg="[imooc.com/resk/infra.(*BootApplication).setup(infra/boot.go:48)] Setup: *base.DbxDatabaseStarter" func="imooc.com/resk/infra.(*BootApplication).setup" file="infra/boot.go:48"
time="2019-04-19T22:09:26+08:00" level=info msg="[imooc.com/resk/infra/base.(*DbxDatabaseStarter).Setup(base/dbx.go:33)] mysql.conn url:po:***@tcp(172.16.1.248:3306)/po?loc=Local&charset=utf8&parseTime=true&" func="imooc.com/resk/infra/base.(*DbxDatabaseStarter).Setup" file="base/dbx.go:33"
time="2019-04-19T22:09:37+08:00" level=info msg="[imooc.com/resk/infra.(*BootApplication).init(infra/boot.go:34)] Initializing starters..." func="imooc.com/resk/infra.(*BootApplication).init" file="infra/boot.go:34"
time="2019-04-19T22:09:37+08:00" level=debug msg="[imooc.com/resk/infra.(*BootApplication).init(infra/boot.go:37)] Initializing: PriorityGroup=20,Priority=10000,type=*base.PropsStarter" func="imooc.com/resk/infra.(*BootApplication).init" file="infra/boot.go:37"
time="2019-04-19T22:09:37+08:00" level=info msg="[imooc.com/resk/infra/base.(*PropsStarter).Init(base/props.go:22)] 初始化配置." func="imooc.com/resk/infra/base.(*PropsStarter).Init" file="base/props.go:22"
time="2019-04-19T22:09:37+08:00" level=debug msg="[imooc.com/resk/infra.(*BootApplication).init(infra/boot.go:37)] Initializing: PriorityGroup=20,Priority=10000,type=*base.DbxDatabaseStarter" func="imooc.com/resk/infra.(*BootApplication).init" file="infra/boot.go:37"
time="2019-04-19T22:09:37+08:00" level=debug msg="[imooc.com/resk/infra.(*BootApplication).init(infra/boot.go:37)] Initializing: PriorityGroup=20,Priority=10000,type=*base.ValidatorStarter" func="imooc.com/resk/infra.(*BootApplication).init" file="infra/boot.go:37"
time="2019-04-19T22:09:37+08:00" level=debug msg="[imooc.com/resk/infra.(*BootApplication).init(infra/boot.go:37)] Initializing: PriorityGroup=20,Priority=10000,type=*infra.WebApiStarter" func="imooc.com/resk/infra.(*BootApplication).init" file="infra/boot.go:37"
time="2019-04-19T22:09:37+08:00" level=debug msg="[imooc.com/resk/infra.(*BootApplication).init(infra/boot.go:37)] Initializing: PriorityGroup=20,Priority=10000,type=*base.IrisServerStarter" func="imooc.com/resk/infra.(*BootApplication).init" file="infra/boot.go:37"
time="2019-04-19T22:09:37+08:00" level=info msg="[imooc.com/resk/infra.(*BootApplication).setup(infra/boot.go:45)] Setup starters..." func="imooc.com/resk/infra.(*BootApplication).setup" file="infra/boot.go:45"
time="2019-04-19T22:09:37+08:00" level=debug msg="[imooc.com/resk/infra.(*BootApplication).setup(infra/boot.go:48)] Setup: *base.PropsStarter" func="imooc.com/resk/infra.(*BootApplication).setup" file="infra/boot.go:48"
time="2019-04-19T22:09:37+08:00" level=debug msg="[imooc.com/resk/infra.(*BootApplication).setup(infra/boot.go:48)] Setup: *base.DbxDatabaseStarter" func="imooc.com/resk/infra.(*BootApplication).setup" file="infra/boot.go:48"
time="2019-04-19T22:09:37+08:00" level=info msg="[imooc.com/resk/infra/base.(*DbxDatabaseStarter).Setup(base/dbx.go:33)] mysql.conn url:po:***@tcp(192.168.232.175:3306)/po?charset=utf8&loc=Local&parseTime=true&" func="imooc.com/resk/infra/base.(*DbxDatabaseStarter).Setup" file="base/dbx.go:33"
time="2019-04-19T22:09:48+08:00" level=info msg="[imooc.com/resk/infra/base.(*DbxDatabaseStarter).Setup(base/dbx.go:38)] <nil>" func="imooc.com/resk/infra/base.(*DbxDatabaseStarter).Setup" file="base/dbx.go:38"
time="2019-04-19T22:09:48+08:00" level=debug msg="[imooc.com/resk/infra.(*BootApplication).setup(infra/boot.go:48)] Setup: *base.ValidatorStarter" func="imooc.com/resk/infra.(*BootApplication).setup" file="infra/boot.go:48"
time="2019-04-19T22:09:48+08:00" level=debug msg="[imooc.com/resk/infra.(*BootApplication).setup(infra/boot.go:48)] Setup: *infra.WebApiStarter" func="imooc.com/resk/infra.(*BootApplication).setup" file="infra/boot.go:48"
time="2019-04-19T22:09:48+08:00" level=debug msg="[imooc.com/resk/infra.(*BootApplication).setup(infra/boot.go:48)] Setup: *base.IrisServerStarter" func="imooc.com/resk/infra.(*BootApplication).setup" file="infra/boot.go:48"
time="2019-04-19T22:09:48+08:00" level=info msg="[imooc.com/resk/infra.(*BootApplication).start(infra/boot.go:57)] Starting starters..." func="imooc.com/resk/infra.(*BootApplication).start" file="infra/boot.go:57"
time="2019-04-19T22:09:48+08:00" level=debug msg="[imooc.com/resk/infra.(*BootApplication).start(infra/boot.go:61)] Starting: *base.PropsStarter" func="imooc.com/resk/infra.(*BootApplication).start" file="infra/boot.go:61"
time="2019-04-19T22:09:48+08:00" level=debug msg="[imooc.com/resk/infra.(*BootApplication).start(infra/boot.go:61)] Starting: *base.DbxDatabaseStarter" func="imooc.com/resk/infra.(*BootApplication).start" file="infra/boot.go:61"
time="2019-04-19T22:09:48+08:00" level=debug msg="[imooc.com/resk/infra.(*BootApplication).start(infra/boot.go:61)] Starting: *base.ValidatorStarter" func="imooc.com/resk/infra.(*BootApplication).start" file="infra/boot.go:61"
time="2019-04-19T22:09:48+08:00" level=debug msg="[imooc.com/resk/infra.(*BootApplication).start(infra/boot.go:61)] Starting: *infra.WebApiStarter" func="imooc.com/resk/infra.(*BootApplication).start" file="infra/boot.go:61"
time="2019-04-19T22:09:48+08:00" level=debug msg="[imooc.com/resk/infra.(*BootApplication).start(infra/boot.go:61)] Starting: *base.IrisServerStarter" func="imooc.com/resk/infra.(*BootApplication).start" file="infra/boot.go:61"
time="2019-04-19T22:09:48+08:00" level=info msg="[imooc.com/resk/infra/base.(*IrisServerStarter).Start(base/iris_server.go:42)] POST: /v1/account/create -> imooc.com/resk/apis/web.create.func1() and 2 more" func="imooc.com/resk/infra/base.(*IrisServerStarter).Start" file="base/iris_server.go:42"
time="2019-04-19T22:09:48+08:00" level=info msg="[imooc.com/resk/infra/base.(*IrisServerStarter).Start(base/iris_server.go:42)] GET: /v1/account/v1/account/get/{accountNo:string} -> github.com/kataras/iris/hero.makeHandler.func2() and 2 more" func="imooc.com/resk/infra/base.(*IrisServerStarter).Start" file="base/iris_server.go:42"
time="2019-04-19T22:09:48+08:00" level=info msg="[imooc.com/resk/infra/base.(*IrisServerStarter).Start(base/iris_server.go:42)] POST: /v2/account/create -> github.com/kataras/iris/hero.makeHandler.func2() and 2 more" func="imooc.com/resk/infra/base.(*IrisServerStarter).Start" file="base/iris_server.go:42"
time="2019-04-19T22:09:48+08:00" level=debug msg="[github.com/kataras/golog.integrateExternalLogger.func1(golog@v0.0.0-20180321173939-03be10146386/integration.go:28)] POST: /v1/account/create -> imooc.com/resk/apis/web.create.func1() and 2 more" func=github.com/kataras/golog.integrateExternalLogger.func1 file="golog@v0.0.0-20180321173939-03be10146386/integration.go:28"
time="2019-04-19T22:09:48+08:00" level=debug msg="[github.com/kataras/golog.integrateExternalLogger.func1(golog@v0.0.0-20180321173939-03be10146386/integration.go:28)] GET: /v1/account/v1/account/get/{accountNo:string} -> github.com/kataras/iris/hero.makeHandler.func2() and 2 more" func=github.com/kataras/golog.integrateExternalLogger.func1 file="golog@v0.0.0-20180321173939-03be10146386/integration.go:28"
time="2019-04-19T22:09:48+08:00" level=debug msg="[github.com/kataras/golog.integrateExternalLogger.func1(golog@v0.0.0-20180321173939-03be10146386/integration.go:28)] POST: /v2/account/create -> github.com/kataras/iris/hero.makeHandler.func2() and 2 more" func=github.com/kataras/golog.integrateExternalLogger.func1 file="golog@v0.0.0-20180321173939-03be10146386/integration.go:28"
time="2019-04-19T22:09:48+08:00" level=debug msg="[github.com/kataras/golog.integrateExternalLogger.func1(golog@v0.0.0-20180321173939-03be10146386/integration.go:28)] Application: running using 1 host(s)" func=github.com/kataras/golog.integrateExternalLogger.func1 file="golog@v0.0.0-20180321173939-03be10146386/integration.go:28"
time="2019-04-19T22:09:48+08:00" level=debug msg="[github.com/kataras/golog.integrateExternalLogger.func1(golog@v0.0.0-20180321173939-03be10146386/integration.go:28)] Host: addr is :18080" func=github.com/kataras/golog.integrateExternalLogger.func1 file="golog@v0.0.0-20180321173939-03be10146386/integration.go:28"
time="2019-04-19T22:09:48+08:00" level=debug msg="[github.com/kataras/golog.integrateExternalLogger.func1(golog@v0.0.0-20180321173939-03be10146386/integration.go:28)] Host: virtual host is localhost:18080" func=github.com/kataras/golog.integrateExternalLogger.func1 file="golog@v0.0.0-20180321173939-03be10146386/integration.go:28"
time="2019-04-19T22:09:48+08:00" level=debug msg="[github.com/kataras/golog.integrateExternalLogger.func1(golog@v0.0.0-20180321173939-03be10146386/integration.go:28)] Host: register startup notifier" func=github.com/kataras/golog.integrateExternalLogger.func1 file="golog@v0.0.0-20180321173939-03be10146386/integration.go:28"
time="2019-04-19T22:09:48+08:00" level=debug msg="[github.com/kataras/golog.integrateExternalLogger.func1(golog@v0.0.0-20180321173939-03be10146386/integration.go:28)] Host: register server shutdown on interrupt(CTRL+C/CMD+C)" func=github.com/kataras/golog.integrateExternalLogger.func1 file="golog@v0.0.0-20180321173939-03be10146386/integration.go:28"
time="2019-04-19T22:10:12+08:00" level=info msg="[github.com/kataras/golog.integrateExternalLogger.func1(golog@v0.0.0-20180321173939-03be10146386/integration.go:28)] | 2019-04-19.22:10:12.135627 | 265.03747ms | 200 | 127.0.0.1 | POST | /v2/account/create | PostmanRuntime/7.6.1 | <nil>" func=github.com/kataras/golog.integrateExternalLogger.func1 file="golog@v0.0.0-20180321173939-03be10146386/integration.go:28"
time="2019-04-19T22:10:24+08:00" level=error msg="[imooc.com/resk/core/accounts.(*accountService).CreateAccount(accounts/service.go:38)] UserId为必填字段" func="imooc.com/resk/core/accounts.(*accountService).CreateAccount" file="accounts/service.go:38"
time="2019-04-19T22:10:24+08:00" level=error msg="[imooc.com/resk/core/accounts.(*accountService).CreateAccount(accounts/service.go:38)] Username为必填字段" func="imooc.com/resk/core/accounts.(*accountService).CreateAccount" file="accounts/service.go:38"
time="2019-04-19T22:10:24+08:00" level=info msg="[github.com/kataras/golog.integrateExternalLogger.func1(golog@v0.0.0-20180321173939-03be10146386/integration.go:28)] | 2019-04-19.22:10:24.636337 | 511.936µs | 400 | 127.0.0.1 | POST | /v2/account/create | PostmanRuntime/7.6.1 | <nil>" func=github.com/kataras/golog.integrateExternalLogger.func1 file="golog@v0.0.0-20180321173939-03be10146386/integration.go:28"
time="2019-04-19T22:11:34+08:00" level=info msg="[github.com/kataras/golog.integrateExternalLogger.func1(golog@v0.0.0-20180321173939-03be10146386/integration.go:28)] | 2019-04-19.22:11:34.165118 | 28.704266ms | 400 | 127.0.0.1 | POST | /v2/account/create | PostmanRuntime/7.6.1 | <nil>" func=github.com/kataras/golog.integrateExternalLogger.func1 file="golog@v0.0.0-20180321173939-03be10146386/integration.go:28"
time="2019-04-19T22:11:52+08:00" level=error msg="[github.com/kataras/golog.integrateExternalLogger.func1(golog@v0.0.0-20180321173939-03be10146386/integration.go:28)] http: Server closed" func=github.com/kataras/golog.integrateExternalLogger.func1 file="golog@v0.0.0-20180321173939-03be10146386/integration.go:28"
time="2019-04-19T22:11:56+08:00" level=info msg="[imooc.com/resk/infra.(*BootApplication).init(infra/boot.go:34)] Initializing starters..." func="imooc.com/resk/infra.(*BootApplication).init" file="infra/boot.go:34"
time="2019-04-19T22:11:56+08:00" level=debug msg="[imooc.com/resk/infra.(*BootApplication).init(infra/boot.go:37)] Initializing: PriorityGroup=20,Priority=10000,type=*base.PropsStarter" func="imooc.com/resk/infra.(*BootApplication).init" file="infra/boot.go:37"
time="2019-04-19T22:11:56+08:00" level=info msg="[imooc.com/resk/infra/base.(*PropsStarter).Init(base/props.go:22)] 初始化配置." func="imooc.com/resk/infra/base.(*PropsStarter).Init" file="base/props.go:22"
time="2019-04-19T22:11:56+08:00" level=debug msg="[imooc.com/resk/infra.(*BootApplication).init(infra/boot.go:37)] Initializing: PriorityGroup=20,Priority=10000,type=*base.DbxDatabaseStarter" func="imooc.com/resk/infra.(*BootApplication).init" file="infra/boot.go:37"
time="2019-04-19T22:11:56+08:00" level=debug msg="[imooc.com/resk/infra.(*BootApplication).init(infra/boot.go:37)] Initializing: PriorityGroup=20,Priority=10000,type=*base.ValidatorStarter" func="imooc.com/resk/infra.(*BootApplication).init" file="infra/boot.go:37"
time="2019-04-19T22:11:56+08:00" level=debug msg="[imooc.com/resk/infra.(*BootApplication).init(infra/boot.go:37)] Initializing: PriorityGroup=20,Priority=10000,type=*infra.WebApiStarter" func="imooc.com/resk/infra.(*BootApplication).init" file="infra/boot.go:37"
time="2019-04-19T22:11:56+08:00" level=debug msg="[imooc.com/resk/infra.(*BootApplication).init(infra/boot.go:37)] Initializing: PriorityGroup=20,Priority=10000,type=*base.IrisServerStarter" func="imooc.com/resk/infra.(*BootApplication).init" file="infra/boot.go:37"
time="2019-04-19T22:11:56+08:00" level=info msg="[imooc.com/resk/infra.(*BootApplication).setup(infra/boot.go:45)] Setup starters..." func="imooc.com/resk/infra.(*BootApplication).setup" file="infra/boot.go:45"
time="2019-04-19T22:11:56+08:00" level=debug msg="[imooc.com/resk/infra.(*BootApplication).setup(infra/boot.go:48)] Setup: *base.PropsStarter" func="imooc.com/resk/infra.(*BootApplication).setup" file="infra/boot.go:48"
time="2019-04-19T22:11:56+08:00" level=debug msg="[imooc.com/resk/infra.(*BootApplication).setup(infra/boot.go:48)] Setup: *base.DbxDatabaseStarter" func="imooc.com/resk/infra.(*BootApplication).setup" file="infra/boot.go:48"
time="2019-04-19T22:11:56+08:00" level=info msg="[imooc.com/resk/infra/base.(*DbxDatabaseStarter).Setup(base/dbx.go:33)] mysql.conn url:po:***@tcp(192.168.232.175:3306)/po?parseTime=true&charset=utf8&loc=Local&" func="imooc.com/resk/infra/base.(*DbxDatabaseStarter).Setup" file="base/dbx.go:33"
time="2019-04-19T22:11:56+08:00" level=info msg="[imooc.com/resk/infra/base.(*DbxDatabaseStarter).Setup(base/dbx.go:38)] <nil>" func="imooc.com/resk/infra/base.(*DbxDatabaseStarter).Setup" file="base/dbx.go:38"
time="2019-04-19T22:11:56+08:00" level=debug msg="[imooc.com/resk/infra.(*BootApplication).setup(infra/boot.go:48)] Setup: *base.ValidatorStarter" func="imooc.com/resk/infra.(*BootApplication).setup" file="infra/boot.go:48"
time="2019-04-19T22:11:56+08:00" level=debug msg="[imooc.com/resk/infra.(*BootApplication).setup(infra/boot.go:48)] Setup: *infra.WebApiStarter" func="imooc.com/resk/infra.(*BootApplication).setup" file="infra/boot.go:48"
time="2019-04-19T22:11:56+08:00" level=debug msg="[imooc.com/resk/infra.(*BootApplication).setup(infra/boot.go:48)] Setup: *base.IrisServerStarter" func="imooc.com/resk/infra.(*BootApplication).setup" file="infra/boot.go:48"
time="2019-04-19T22:11:56+08:00" level=info msg="[imooc.com/resk/infra.(*BootApplication).start(infra/boot.go:57)] Starting starters..." func="imooc.com/resk/infra.(*BootApplication).start" file="infra/boot.go:57"
time="2019-04-19T22:11:56+08:00" level=debug msg="[imooc.com/resk/infra.(*BootApplication).start(infra/boot.go:61)] Starting: *base.PropsStarter" func="imooc.com/resk/infra.(*BootApplication).start" file="infra/boot.go:61"
time="2019-04-19T22:11:56+08:00" level=debug msg="[imooc.com/resk/infra.(*BootApplication).start(infra/boot.go:61)] Starting: *base.DbxDatabaseStarter" func="imooc.com/resk/infra.(*BootApplication).start" file="infra/boot.go:61"
time="2019-04-19T22:11:56+08:00" level=debug msg="[imooc.com/resk/infra.(*BootApplication).start(infra/boot.go:61)] Starting: *base.ValidatorStarter" func="imooc.com/resk/infra.(*BootApplication).start" file="infra/boot.go:61"
time="2019-04-19T22:11:56+08:00" level=debug msg="[imooc.com/resk/infra.(*BootApplication).start(infra/boot.go:61)] Starting: *infra.WebApiStarter" func="imooc.com/resk/infra.(*BootApplication).start" file="infra/boot.go:61"
time="2019-04-19T22:11:56+08:00" level=debug msg="[imooc.com/resk/infra.(*BootApplication).start(infra/boot.go:61)] Starting: *base.IrisServerStarter" func="imooc.com/resk/infra.(*BootApplication).start" file="infra/boot.go:61"
time="2019-04-19T22:11:56+08:00" level=info msg="[imooc.com/resk/infra/base.(*IrisServerStarter).Start(base/iris_server.go:42)] POST: /v1/account/create -> imooc.com/resk/apis/web.create.func1() and 2 more" func="imooc.com/resk/infra/base.(*IrisServerStarter).Start" file="base/iris_server.go:42"
time="2019-04-19T22:11:56+08:00" level=info msg="[imooc.com/resk/infra/base.(*IrisServerStarter).Start(base/iris_server.go:42)] GET: /v1/account/v1/account/get/{accountNo:string} -> github.com/kataras/iris/hero.makeHandler.func2() and 2 more" func="imooc.com/resk/infra/base.(*IrisServerStarter).Start" file="base/iris_server.go:42"
time="2019-04-19T22:11:56+08:00" level=debug msg="[github.com/kataras/golog.integrateExternalLogger.func1(golog@v0.0.0-20180321173939-03be10146386/integration.go:28)] POST: /v1/account/create -> imooc.com/resk/apis/web.create.func1() and 2 more" func=github.com/kataras/golog.integrateExternalLogger.func1 file="golog@v0.0.0-20180321173939-03be10146386/integration.go:28"
time="2019-04-19T22:11:56+08:00" level=debug msg="[github.com/kataras/golog.integrateExternalLogger.func1(golog@v0.0.0-20180321173939-03be10146386/integration.go:28)] GET: /v1/account/v1/account/get/{accountNo:string} -> github.com/kataras/iris/hero.makeHandler.func2() and 2 more" func=github.com/kataras/golog.integrateExternalLogger.func1 file="golog@v0.0.0-20180321173939-03be10146386/integration.go:28"
time="2019-04-19T22:11:56+08:00" level=debug msg="[github.com/kataras/golog.integrateExternalLogger.func1(golog@v0.0.0-20180321173939-03be10146386/integration.go:28)] Application: running using 1 host(s)" func=github.com/kataras/golog.integrateExternalLogger.func1 file="golog@v0.0.0-20180321173939-03be10146386/integration.go:28"
time="2019-04-19T22:11:56+08:00" level=debug msg="[github.com/kataras/golog.integrateExternalLogger.func1(golog@v0.0.0-20180321173939-03be10146386/integration.go:28)] Host: addr is :18080" func=github.com/kataras/golog.integrateExternalLogger.func1 file="golog@v0.0.0-20180321173939-03be10146386/integration.go:28"
time="2019-04-19T22:11:56+08:00" level=debug msg="[github.com/kataras/golog.integrateExternalLogger.func1(golog@v0.0.0-20180321173939-03be10146386/integration.go:28)] Host: virtual host is localhost:18080" func=github.com/kataras/golog.integrateExternalLogger.func1 file="golog@v0.0.0-20180321173939-03be10146386/integration.go:28"
time="2019-04-19T22:11:56+08:00" level=debug msg="[github.com/kataras/golog.integrateExternalLogger.func1(golog@v0.0.0-20180321173939-03be10146386/integration.go:28)] Host: register startup notifier" func=github.com/kataras/golog.integrateExternalLogger.func1 file="golog@v0.0.0-20180321173939-03be10146386/integration.go:28"
time="2019-04-19T22:11:56+08:00" level=debug msg="[github.com/kataras/golog.integrateExternalLogger.func1(golog@v0.0.0-20180321173939-03be10146386/integration.go:28)] Host: register server shutdown on interrupt(CTRL+C/CMD+C)" func=github.com/kataras/golog.integrateExternalLogger.func1 file="golog@v0.0.0-20180321173939-03be10146386/integration.go:28"
time="2019-04-19T22:12:04+08:00" level=error msg="[imooc.com/resk/apis/web.create.func1(web/account.go:87)] 用户的该类型账户已经存在：username=测试用户1[w123456-2],账户类型=0" func=imooc.com/resk/apis/web.create.func1 file="web/account.go:87"
time="2019-04-19T22:12:04+08:00" level=info msg="[github.com/kataras/golog.integrateExternalLogger.func1(golog@v0.0.0-20180321173939-03be10146386/integration.go:28)] | 2019-04-19.22:12:04.276997 | 33.506121ms | 200 | 127.0.0.1 | POST | /v1/account/create | PostmanRuntime/7.6.1 | <nil>" func=github.com/kataras/golog.integrateExternalLogger.func1 file="golog@v0.0.0-20180321173939-03be10146386/integration.go:28"
time="2019-04-19T22:19:37+08:00" level=error msg="[github.com/kataras/golog.integrateExternalLogger.func1(golog@v0.0.0-20180321173939-03be10146386/integration.go:28)] http: Server closed" func=github.com/kataras/golog.integrateExternalLogger.func1 file="golog@v0.0.0-20180321173939-03be10146386/integration.go:28"
time="2019-04-19T22:19:41+08:00" level=info msg="[imooc.com/resk/infra.(*BootApplication).init(infra/boot.go:34)] Initializing starters..." func="imooc.com/resk/infra.(*BootApplication).init" file="infra/boot.go:34"
time="2019-04-19T22:19:41+08:00" level=debug msg="[imooc.com/resk/infra.(*BootApplication).init(infra/boot.go:37)] Initializing: PriorityGroup=20,Priority=10000,type=*base.PropsStarter" func="imooc.com/resk/infra.(*BootApplication).init" file="infra/boot.go:37"
time="2019-04-19T22:19:41+08:00" level=info msg="[imooc.com/resk/infra/base.(*PropsStarter).Init(base/props.go:22)] 初始化配置." func="imooc.com/resk/infra/base.(*PropsStarter).Init" file="base/props.go:22"
time="2019-04-19T22:19:41+08:00" level=debug msg="[imooc.com/resk/infra.(*BootApplication).init(infra/boot.go:37)] Initializing: PriorityGroup=20,Priority=10000,type=*base.DbxDatabaseStarter" func="imooc.com/resk/infra.(*BootApplication).init" file="infra/boot.go:37"
time="2019-04-19T22:19:41+08:00" level=debug msg="[imooc.com/resk/infra.(*BootApplication).init(infra/boot.go:37)] Initializing: PriorityGroup=20,Priority=10000,type=*base.ValidatorStarter" func="imooc.com/resk/infra.(*BootApplication).init" file="infra/boot.go:37"
time="2019-04-19T22:19:41+08:00" level=debug msg="[imooc.com/resk/infra.(*BootApplication).init(infra/boot.go:37)] Initializing: PriorityGroup=20,Priority=10000,type=*infra.WebApiStarter" func="imooc.com/resk/infra.(*BootApplication).init" file="infra/boot.go:37"
time="2019-04-19T22:19:41+08:00" level=debug msg="[imooc.com/resk/infra.(*BootApplication).init(infra/boot.go:37)] Initializing: PriorityGroup=20,Priority=10000,type=*base.IrisServerStarter" func="imooc.com/resk/infra.(*BootApplication).init" file="infra/boot.go:37"
time="2019-04-19T22:19:41+08:00" level=info msg="[imooc.com/resk/infra.(*BootApplication).setup(infra/boot.go:45)] Setup starters..." func="imooc.com/resk/infra.(*BootApplication).setup" file="infra/boot.go:45"
time="2019-04-19T22:19:41+08:00" level=debug msg="[imooc.com/resk/infra.(*BootApplication).setup(infra/boot.go:48)] Setup: *base.PropsStarter" func="imooc.com/resk/infra.(*BootApplication).setup" file="infra/boot.go:48"
time="2019-04-19T22:19:41+08:00" level=debug msg="[imooc.com/resk/infra.(*BootApplication).setup(infra/boot.go:48)] Setup: *base.DbxDatabaseStarter" func="imooc.com/resk/infra.(*BootApplication).setup" file="infra/boot.go:48"
time="2019-04-19T22:19:41+08:00" level=info msg="[imooc.com/resk/infra/base.(*DbxDatabaseStarter).Setup(base/dbx.go:33)] mysql.conn url:po:***@tcp(192.168.232.175:3306)/po?charset=utf8&loc=Local&parseTime=true&" func="imooc.com/resk/infra/base.(*DbxDatabaseStarter).Setup" file="base/dbx.go:33"
time="2019-04-19T22:19:41+08:00" level=info msg="[imooc.com/resk/infra/base.(*DbxDatabaseStarter).Setup(base/dbx.go:38)] <nil>" func="imooc.com/resk/infra/base.(*DbxDatabaseStarter).Setup" file="base/dbx.go:38"
time="2019-04-19T22:19:41+08:00" level=debug msg="[imooc.com/resk/infra.(*BootApplication).setup(infra/boot.go:48)] Setup: *base.ValidatorStarter" func="imooc.com/resk/infra.(*BootApplication).setup" file="infra/boot.go:48"
time="2019-04-19T22:19:41+08:00" level=debug msg="[imooc.com/resk/infra.(*BootApplication).setup(infra/boot.go:48)] Setup: *infra.WebApiStarter" func="imooc.com/resk/infra.(*BootApplication).setup" file="infra/boot.go:48"
time="2019-04-19T22:19:41+08:00" level=debug msg="[imooc.com/resk/infra.(*BootApplication).setup(infra/boot.go:48)] Setup: *base.IrisServerStarter" func="imooc.com/resk/infra.(*BootApplication).setup" file="infra/boot.go:48"
time="2019-04-19T22:19:41+08:00" level=info msg="[imooc.com/resk/infra.(*BootApplication).start(infra/boot.go:57)] Starting starters..." func="imooc.com/resk/infra.(*BootApplication).start" file="infra/boot.go:57"
time="2019-04-19T22:19:41+08:00" level=debug msg="[imooc.com/resk/infra.(*BootApplication).start(infra/boot.go:61)] Starting: *base.PropsStarter" func="imooc.com/resk/infra.(*BootApplication).start" file="infra/boot.go:61"
time="2019-04-19T22:19:41+08:00" level=debug msg="[imooc.com/resk/infra.(*BootApplication).start(infra/boot.go:61)] Starting: *base.DbxDatabaseStarter" func="imooc.com/resk/infra.(*BootApplication).start" file="infra/boot.go:61"
time="2019-04-19T22:19:41+08:00" level=debug msg="[imooc.com/resk/infra.(*BootApplication).start(infra/boot.go:61)] Starting: *base.ValidatorStarter" func="imooc.com/resk/infra.(*BootApplication).start" file="infra/boot.go:61"
time="2019-04-19T22:19:41+08:00" level=debug msg="[imooc.com/resk/infra.(*BootApplication).start(infra/boot.go:61)] Starting: *infra.WebApiStarter" func="imooc.com/resk/infra.(*BootApplication).start" file="infra/boot.go:61"
time="2019-04-19T22:19:41+08:00" level=debug msg="[imooc.com/resk/infra.(*BootApplication).start(infra/boot.go:61)] Starting: *base.IrisServerStarter" func="imooc.com/resk/infra.(*BootApplication).start" file="infra/boot.go:61"
time="2019-04-19T22:19:41+08:00" level=info msg="[imooc.com/resk/infra/base.(*IrisServerStarter).Start(base/iris_server.go:42)] POST: /v1/account/create -> imooc.com/resk/apis/web.create.func1() and 2 more" func="imooc.com/resk/infra/base.(*IrisServerStarter).Start" file="base/iris_server.go:42"
time="2019-04-19T22:19:41+08:00" level=info msg="[imooc.com/resk/infra/base.(*IrisServerStarter).Start(base/iris_server.go:42)] GET: /v1/account/v1/account/get/#/{accountNo:string} -> github.com/kataras/iris/hero.makeHandler.func2() and 2 more" func="imooc.com/resk/infra/base.(*IrisServerStarter).Start" file="base/iris_server.go:42"
time="2019-04-19T22:19:41+08:00" level=debug msg="[github.com/kataras/golog.integrateExternalLogger.func1(golog@v0.0.0-20180321173939-03be10146386/integration.go:28)] POST: /v1/account/create -> imooc.com/resk/apis/web.create.func1() and 2 more" func=github.com/kataras/golog.integrateExternalLogger.func1 file="golog@v0.0.0-20180321173939-03be10146386/integration.go:28"
time="2019-04-19T22:19:41+08:00" level=debug msg="[github.com/kataras/golog.integrateExternalLogger.func1(golog@v0.0.0-20180321173939-03be10146386/integration.go:28)] GET: /v1/account/v1/account/get/#/{accountNo:string} -> github.com/kataras/iris/hero.makeHandler.func2() and 2 more" func=github.com/kataras/golog.integrateExternalLogger.func1 file="golog@v0.0.0-20180321173939-03be10146386/integration.go:28"
time="2019-04-19T22:19:41+08:00" level=debug msg="[github.com/kataras/golog.integrateExternalLogger.func1(golog@v0.0.0-20180321173939-03be10146386/integration.go:28)] Application: running using 1 host(s)" func=github.com/kataras/golog.integrateExternalLogger.func1 file="golog@v0.0.0-20180321173939-03be10146386/integration.go:28"
time="2019-04-19T22:19:41+08:00" level=debug msg="[github.com/kataras/golog.integrateExternalLogger.func1(golog@v0.0.0-20180321173939-03be10146386/integration.go:28)] Host: addr is :18080" func=github.com/kataras/golog.integrateExternalLogger.func1 file="golog@v0.0.0-20180321173939-03be10146386/integration.go:28"
time="2019-04-19T22:19:41+08:00" level=debug msg="[github.com/kataras/golog.integrateExternalLogger.func1(golog@v0.0.0-20180321173939-03be10146386/integration.go:28)] Host: virtual host is localhost:18080" func=github.com/kataras/golog.integrateExternalLogger.func1 file="golog@v0.0.0-20180321173939-03be10146386/integration.go:28"
time="2019-04-19T22:19:41+08:00" level=debug msg="[github.com/kataras/golog.integrateExternalLogger.func1(golog@v0.0.0-20180321173939-03be10146386/integration.go:28)] Host: register startup notifier" func=github.com/kataras/golog.integrateExternalLogger.func1 file="golog@v0.0.0-20180321173939-03be10146386/integration.go:28"
time="2019-04-19T22:19:41+08:00" level=debug msg="[github.com/kataras/golog.integrateExternalLogger.func1(golog@v0.0.0-20180321173939-03be10146386/integration.go:28)] Host: register server shutdown on interrupt(CTRL+C/CMD+C)" func=github.com/kataras/golog.integrateExternalLogger.func1 file="golog@v0.0.0-20180321173939-03be10146386/integration.go:28"
time="2019-04-19T22:20:38+08:00" level=error msg="[github.com/kataras/golog.integrateExternalLogger.func1(golog@v0.0.0-20180321173939-03be10146386/integration.go:28)] http: Server closed" func=github.com/kataras/golog.integrateExternalLogger.func1 file="golog@v0.0.0-20180321173939-03be10146386/integration.go:28"
time="2019-04-19T22:20:42+08:00" level=info msg="[imooc.com/resk/infra.(*BootApplication).init(infra/boot.go:34)] Initializing starters..." func="imooc.com/resk/infra.(*BootApplication).init" file="infra/boot.go:34"
time="2019-04-19T22:20:42+08:00" level=debug msg="[imooc.com/resk/infra.(*BootApplication).init(infra/boot.go:37)] Initializing: PriorityGroup=20,Priority=10000,type=*base.PropsStarter" func="imooc.com/resk/infra.(*BootApplication).init" file="infra/boot.go:37"
time="2019-04-19T22:20:42+08:00" level=info msg="[imooc.com/resk/infra/base.(*PropsStarter).Init(base/props.go:22)] 初始化配置." func="imooc.com/resk/infra/base.(*PropsStarter).Init" file="base/props.go:22"
time="2019-04-19T22:20:42+08:00" level=debug msg="[imooc.com/resk/infra.(*BootApplication).init(infra/boot.go:37)] Initializing: PriorityGroup=20,Priority=10000,type=*base.DbxDatabaseStarter" func="imooc.com/resk/infra.(*BootApplication).init" file="infra/boot.go:37"
time="2019-04-19T22:20:42+08:00" level=debug msg="[imooc.com/resk/infra.(*BootApplication).init(infra/boot.go:37)] Initializing: PriorityGroup=20,Priority=10000,type=*base.ValidatorStarter" func="imooc.com/resk/infra.(*BootApplication).init" file="infra/boot.go:37"
time="2019-04-19T22:20:42+08:00" level=debug msg="[imooc.com/resk/infra.(*BootApplication).init(infra/boot.go:37)] Initializing: PriorityGroup=20,Priority=10000,type=*infra.WebApiStarter" func="imooc.com/resk/infra.(*BootApplication).init" file="infra/boot.go:37"
time="2019-04-19T22:20:42+08:00" level=debug msg="[imooc.com/resk/infra.(*BootApplication).init(infra/boot.go:37)] Initializing: PriorityGroup=20,Priority=10000,type=*base.IrisServerStarter" func="imooc.com/resk/infra.(*BootApplication).init" file="infra/boot.go:37"
time="2019-04-19T22:20:42+08:00" level=info msg="[imooc.com/resk/infra.(*BootApplication).setup(infra/boot.go:45)] Setup starters..." func="imooc.com/resk/infra.(*BootApplication).setup" file="infra/boot.go:45"
time="2019-04-19T22:20:42+08:00" level=debug msg="[imooc.com/resk/infra.(*BootApplication).setup(infra/boot.go:48)] Setup: *base.PropsStarter" func="imooc.com/resk/infra.(*BootApplication).setup" file="infra/boot.go:48"
time="2019-04-19T22:20:42+08:00" level=debug msg="[imooc.com/resk/infra.(*BootApplication).setup(infra/boot.go:48)] Setup: *base.DbxDatabaseStarter" func="imooc.com/resk/infra.(*BootApplication).setup" file="infra/boot.go:48"
time="2019-04-19T22:20:42+08:00" level=info msg="[imooc.com/resk/infra/base.(*DbxDatabaseStarter).Setup(base/dbx.go:33)] mysql.conn url:po:***@tcp(192.168.232.175:3306)/po?loc=Local&parseTime=true&charset=utf8&" func="imooc.com/resk/infra/base.(*DbxDatabaseStarter).Setup" file="base/dbx.go:33"
time="2019-04-19T22:20:42+08:00" level=info msg="[imooc.com/resk/infra/base.(*DbxDatabaseStarter).Setup(base/dbx.go:38)] <nil>" func="imooc.com/resk/infra/base.(*DbxDatabaseStarter).Setup" file="base/dbx.go:38"
time="2019-04-19T22:20:42+08:00" level=debug msg="[imooc.com/resk/infra.(*BootApplication).setup(infra/boot.go:48)] Setup: *base.ValidatorStarter" func="imooc.com/resk/infra.(*BootApplication).setup" file="infra/boot.go:48"
time="2019-04-19T22:20:42+08:00" level=debug msg="[imooc.com/resk/infra.(*BootApplication).setup(infra/boot.go:48)] Setup: *infra.WebApiStarter" func="imooc.com/resk/infra.(*BootApplication).setup" file="infra/boot.go:48"
time="2019-04-19T22:20:42+08:00" level=debug msg="[imooc.com/resk/infra.(*BootApplication).setup(infra/boot.go:48)] Setup: *base.IrisServerStarter" func="imooc.com/resk/infra.(*BootApplication).setup" file="infra/boot.go:48"
time="2019-04-19T22:20:42+08:00" level=info msg="[imooc.com/resk/infra.(*BootApplication).start(infra/boot.go:57)] Starting starters..." func="imooc.com/resk/infra.(*BootApplication).start" file="infra/boot.go:57"
time="2019-04-19T22:20:42+08:00" level=debug msg="[imooc.com/resk/infra.(*BootApplication).start(infra/boot.go:61)] Starting: *base.PropsStarter" func="imooc.com/resk/infra.(*BootApplication).start" file="infra/boot.go:61"
time="2019-04-19T22:20:42+08:00" level=debug msg="[imooc.com/resk/infra.(*BootApplication).start(infra/boot.go:61)] Starting: *base.DbxDatabaseStarter" func="imooc.com/resk/infra.(*BootApplication).start" file="infra/boot.go:61"
time="2019-04-19T22:20:42+08:00" level=debug msg="[imooc.com/resk/infra.(*BootApplication).start(infra/boot.go:61)] Starting: *base.ValidatorStarter" func="imooc.com/resk/infra.(*BootApplication).start" file="infra/boot.go:61"
time="2019-04-19T22:20:42+08:00" level=debug msg="[imooc.com/resk/infra.(*BootApplication).start(infra/boot.go:61)] Starting: *infra.WebApiStarter" func="imooc.com/resk/infra.(*BootApplication).start" file="infra/boot.go:61"
time="2019-04-19T22:20:42+08:00" level=debug msg="[imooc.com/resk/infra.(*BootApplication).start(infra/boot.go:61)] Starting: *base.IrisServerStarter" func="imooc.com/resk/infra.(*BootApplication).start" file="infra/boot.go:61"
time="2019-04-19T22:20:42+08:00" level=info msg="[imooc.com/resk/infra/base.(*IrisServerStarter).Start(base/iris_server.go:42)] POST: /v1/account/create -> imooc.com/resk/apis/web.create.func1() and 2 more" func="imooc.com/resk/infra/base.(*IrisServerStarter).Start" file="base/iris_server.go:42"
time="2019-04-19T22:20:42+08:00" level=info msg="[imooc.com/resk/infra/base.(*IrisServerStarter).Start(base/iris_server.go:42)] GET: /v1/account/get/#/{accountNo:string} -> github.com/kataras/iris/hero.makeHandler.func2() and 2 more" func="imooc.com/resk/infra/base.(*IrisServerStarter).Start" file="base/iris_server.go:42"
time="2019-04-19T22:20:42+08:00" level=debug msg="[github.com/kataras/golog.integrateExternalLogger.func1(golog@v0.0.0-20180321173939-03be10146386/integration.go:28)] POST: /v1/account/create -> imooc.com/resk/apis/web.create.func1() and 2 more" func=github.com/kataras/golog.integrateExternalLogger.func1 file="golog@v0.0.0-20180321173939-03be10146386/integration.go:28"
time="2019-04-19T22:20:42+08:00" level=debug msg="[github.com/kataras/golog.integrateExternalLogger.func1(golog@v0.0.0-20180321173939-03be10146386/integration.go:28)] GET: /v1/account/get/#/{accountNo:string} -> github.com/kataras/iris/hero.makeHandler.func2() and 2 more" func=github.com/kataras/golog.integrateExternalLogger.func1 file="golog@v0.0.0-20180321173939-03be10146386/integration.go:28"
time="2019-04-19T22:20:42+08:00" level=debug msg="[github.com/kataras/golog.integrateExternalLogger.func1(golog@v0.0.0-20180321173939-03be10146386/integration.go:28)] Application: running using 1 host(s)" func=github.com/kataras/golog.integrateExternalLogger.func1 file="golog@v0.0.0-20180321173939-03be10146386/integration.go:28"
time="2019-04-19T22:20:42+08:00" level=debug msg="[github.com/kataras/golog.integrateExternalLogger.func1(golog@v0.0.0-20180321173939-03be10146386/integration.go:28)] Host: addr is :18080" func=github.com/kataras/golog.integrateExternalLogger.func1 file="golog@v0.0.0-20180321173939-03be10146386/integration.go:28"
time="2019-04-19T22:20:42+08:00" level=debug msg="[github.com/kataras/golog.integrateExternalLogger.func1(golog@v0.0.0-20180321173939-03be10146386/integration.go:28)] Host: virtual host is localhost:18080" func=github.com/kataras/golog.integrateExternalLogger.func1 file="golog@v0.0.0-20180321173939-03be10146386/integration.go:28"
time="2019-04-19T22:20:42+08:00" level=debug msg="[github.com/kataras/golog.integrateExternalLogger.func1(golog@v0.0.0-20180321173939-03be10146386/integration.go:28)] Host: register startup notifier" func=github.com/kataras/golog.integrateExternalLogger.func1 file="golog@v0.0.0-20180321173939-03be10146386/integration.go:28"
time="2019-04-19T22:20:42+08:00" level=debug msg="[github.com/kataras/golog.integrateExternalLogger.func1(golog@v0.0.0-20180321173939-03be10146386/integration.go:28)] Host: register server shutdown on interrupt(CTRL+C/CMD+C)" func=github.com/kataras/golog.integrateExternalLogger.func1 file="golog@v0.0.0-20180321173939-03be10146386/integration.go:28"
time="2019-04-19T22:21:11+08:00" level=error msg="[github.com/kataras/golog.integrateExternalLogger.func1(golog@v0.0.0-20180321173939-03be10146386/integration.go:28)] http: Server closed" func=github.com/kataras/golog.integrateExternalLogger.func1 file="golog@v0.0.0-20180321173939-03be10146386/integration.go:28"
time="2019-04-19T22:21:14+08:00" level=info msg="[imooc.com/resk/infra.(*BootApplication).init(infra/boot.go:34)] Initializing starters..." func="imooc.com/resk/infra.(*BootApplication).init" file="infra/boot.go:34"
time="2019-04-19T22:21:14+08:00" level=debug msg="[imooc.com/resk/infra.(*BootApplication).init(infra/boot.go:37)] Initializing: PriorityGroup=20,Priority=10000,type=*base.PropsStarter" func="imooc.com/resk/infra.(*BootApplication).init" file="infra/boot.go:37"
time="2019-04-19T22:21:14+08:00" level=info msg="[imooc.com/resk/infra/base.(*PropsStarter).Init(base/props.go:22)] 初始化配置." func="imooc.com/resk/infra/base.(*PropsStarter).Init" file="base/props.go:22"
time="2019-04-19T22:21:14+08:00" level=debug msg="[imooc.com/resk/infra.(*BootApplication).init(infra/boot.go:37)] Initializing: PriorityGroup=20,Priority=10000,type=*base.DbxDatabaseStarter" func="imooc.com/resk/infra.(*BootApplication).init" file="infra/boot.go:37"
time="2019-04-19T22:21:14+08:00" level=debug msg="[imooc.com/resk/infra.(*BootApplication).init(infra/boot.go:37)] Initializing: PriorityGroup=20,Priority=10000,type=*base.ValidatorStarter" func="imooc.com/resk/infra.(*BootApplication).init" file="infra/boot.go:37"
time="2019-04-19T22:21:14+08:00" level=debug msg="[imooc.com/resk/infra.(*BootApplication).init(infra/boot.go:37)] Initializing: PriorityGroup=20,Priority=10000,type=*infra.WebApiStarter" func="imooc.com/resk/infra.(*BootApplication).init" file="infra/boot.go:37"
time="2019-04-19T22:21:14+08:00" level=debug msg="[imooc.com/resk/infra.(*BootApplication).init(infra/boot.go:37)] Initializing: PriorityGroup=20,Priority=10000,type=*base.IrisServerStarter" func="imooc.com/resk/infra.(*BootApplication).init" file="infra/boot.go:37"
time="2019-04-19T22:21:14+08:00" level=info msg="[imooc.com/resk/infra.(*BootApplication).setup(infra/boot.go:45)] Setup starters..." func="imooc.com/resk/infra.(*BootApplication).setup" file="infra/boot.go:45"
time="2019-04-19T22:21:14+08:00" level=debug msg="[imooc.com/resk/infra.(*BootApplication).setup(infra/boot.go:48)] Setup: *base.PropsStarter" func="imooc.com/resk/infra.(*BootApplication).setup" file="infra/boot.go:48"
time="2019-04-19T22:21:14+08:00" level=debug msg="[imooc.com/resk/infra.(*BootApplication).setup(infra/boot.go:48)] Setup: *base.DbxDatabaseStarter" func="imooc.com/resk/infra.(*BootApplication).setup" file="infra/boot.go:48"
time="2019-04-19T22:21:14+08:00" level=info msg="[imooc.com/resk/infra/base.(*DbxDatabaseStarter).Setup(base/dbx.go:33)] mysql.conn url:po:***@tcp(192.168.232.175:3306)/po?loc=Local&parseTime=true&charset=utf8&" func="imooc.com/resk/infra/base.(*DbxDatabaseStarter).Setup" file="base/dbx.go:33"
time="2019-04-19T22:21:14+08:00" level=info msg="[imooc.com/resk/infra/base.(*DbxDatabaseStarter).Setup(base/dbx.go:38)] <nil>" func="imooc.com/resk/infra/base.(*DbxDatabaseStarter).Setup" file="base/dbx.go:38"
time="2019-04-19T22:21:14+08:00" level=debug msg="[imooc.com/resk/infra.(*BootApplication).setup(infra/boot.go:48)] Setup: *base.ValidatorStarter" func="imooc.com/resk/infra.(*BootApplication).setup" file="infra/boot.go:48"
time="2019-04-19T22:21:14+08:00" level=debug msg="[imooc.com/resk/infra.(*BootApplication).setup(infra/boot.go:48)] Setup: *infra.WebApiStarter" func="imooc.com/resk/infra.(*BootApplication).setup" file="infra/boot.go:48"
time="2019-04-19T22:21:14+08:00" level=debug msg="[imooc.com/resk/infra.(*BootApplication).setup(infra/boot.go:48)] Setup: *base.IrisServerStarter" func="imooc.com/resk/infra.(*BootApplication).setup" file="infra/boot.go:48"
time="2019-04-19T22:21:14+08:00" level=info msg="[imooc.com/resk/infra.(*BootApplication).start(infra/boot.go:57)] Starting starters..." func="imooc.com/resk/infra.(*BootApplication).start" file="infra/boot.go:57"
time="2019-04-19T22:21:14+08:00" level=debug msg="[imooc.com/resk/infra.(*BootApplication).start(infra/boot.go:61)] Starting: *base.PropsStarter" func="imooc.com/resk/infra.(*BootApplication).start" file="infra/boot.go:61"
time="2019-04-19T22:21:14+08:00" level=debug msg="[imooc.com/resk/infra.(*BootApplication).start(infra/boot.go:61)] Starting: *base.DbxDatabaseStarter" func="imooc.com/resk/infra.(*BootApplication).start" file="infra/boot.go:61"
time="2019-04-19T22:21:14+08:00" level=debug msg="[imooc.com/resk/infra.(*BootApplication).start(infra/boot.go:61)] Starting: *base.ValidatorStarter" func="imooc.com/resk/infra.(*BootApplication).start" file="infra/boot.go:61"
time="2019-04-19T22:21:14+08:00" level=debug msg="[imooc.com/resk/infra.(*BootApplication).start(infra/boot.go:61)] Starting: *infra.WebApiStarter" func="imooc.com/resk/infra.(*BootApplication).start" file="infra/boot.go:61"
time="2019-04-19T22:21:14+08:00" level=debug msg="[imooc.com/resk/infra.(*BootApplication).start(infra/boot.go:61)] Starting: *base.IrisServerStarter" func="imooc.com/resk/infra.(*BootApplication).start" file="infra/boot.go:61"
time="2019-04-19T22:21:14+08:00" level=info msg="[imooc.com/resk/infra/base.(*IrisServerStarter).Start(base/iris_server.go:42)] POST: /v1/account/create -> imooc.com/resk/apis/web.create.func1() and 2 more" func="imooc.com/resk/infra/base.(*IrisServerStarter).Start" file="base/iris_server.go:42"
time="2019-04-19T22:21:14+08:00" level=info msg="[imooc.com/resk/infra/base.(*IrisServerStarter).Start(base/iris_server.go:42)] GET: /v1/account/get/{accountNo:string} -> github.com/kataras/iris/hero.makeHandler.func2() and 2 more" func="imooc.com/resk/infra/base.(*IrisServerStarter).Start" file="base/iris_server.go:42"
time="2019-04-19T22:21:14+08:00" level=debug msg="[github.com/kataras/golog.integrateExternalLogger.func1(golog@v0.0.0-20180321173939-03be10146386/integration.go:28)] POST: /v1/account/create -> imooc.com/resk/apis/web.create.func1() and 2 more" func=github.com/kataras/golog.integrateExternalLogger.func1 file="golog@v0.0.0-20180321173939-03be10146386/integration.go:28"
time="2019-04-19T22:21:14+08:00" level=debug msg="[github.com/kataras/golog.integrateExternalLogger.func1(golog@v0.0.0-20180321173939-03be10146386/integration.go:28)] GET: /v1/account/get/{accountNo:string} -> github.com/kataras/iris/hero.makeHandler.func2() and 2 more" func=github.com/kataras/golog.integrateExternalLogger.func1 file="golog@v0.0.0-20180321173939-03be10146386/integration.go:28"
time="2019-04-19T22:21:14+08:00" level=debug msg="[github.com/kataras/golog.integrateExternalLogger.func1(golog@v0.0.0-20180321173939-03be10146386/integration.go:28)] Application: running using 1 host(s)" func=github.com/kataras/golog.integrateExternalLogger.func1 file="golog@v0.0.0-20180321173939-03be10146386/integration.go:28"
time="2019-04-19T22:21:14+08:00" level=debug msg="[github.com/kataras/golog.integrateExternalLogger.func1(golog@v0.0.0-20180321173939-03be10146386/integration.go:28)] Host: addr is :18080" func=github.com/kataras/golog.integrateExternalLogger.func1 file="golog@v0.0.0-20180321173939-03be10146386/integration.go:28"
time="2019-04-19T22:21:14+08:00" level=debug msg="[github.com/kataras/golog.integrateExternalLogger.func1(golog@v0.0.0-20180321173939-03be10146386/integration.go:28)] Host: virtual host is localhost:18080" func=github.com/kataras/golog.integrateExternalLogger.func1 file="golog@v0.0.0-20180321173939-03be10146386/integration.go:28"
time="2019-04-19T22:21:14+08:00" level=debug msg="[github.com/kataras/golog.integrateExternalLogger.func1(golog@v0.0.0-20180321173939-03be10146386/integration.go:28)] Host: register startup notifier" func=github.com/kataras/golog.integrateExternalLogger.func1 file="golog@v0.0.0-20180321173939-03be10146386/integration.go:28"
time="2019-04-19T22:21:14+08:00" level=debug msg="[github.com/kataras/golog.integrateExternalLogger.func1(golog@v0.0.0-20180321173939-03be10146386/integration.go:28)] Host: register server shutdown on interrupt(CTRL+C/CMD+C)" func=github.com/kataras/golog.integrateExternalLogger.func1 file="golog@v0.0.0-20180321173939-03be10146386/integration.go:28"
time="2019-04-19T22:21:18+08:00" level=info msg="[github.com/kataras/golog.integrateExternalLogger.func1(golog@v0.0.0-20180321173939-03be10146386/integration.go:28)] | 2019-04-19.22:21:18.927347 | 36.934016ms | 200 | 127.0.0.1 | GET | /v1/account/get/1K1hrG0sQw7lDuF6KOQbMBe2o3n | PostmanRuntime/7.6.1 | <nil>" func=github.com/kataras/golog.integrateExternalLogger.func1 file="golog@v0.0.0-20180321173939-03be10146386/integration.go:28"
time="2019-04-19T22:21:23+08:00" level=info msg="[github.com/kataras/golog.integrateExternalLogger.func1(golog@v0.0.0-20180321173939-03be10146386/integration.go:28)] | 2019-04-19.22:21:23.766595 | 21.531433ms | 200 | 127.0.0.1 | GET | /v1/account/get/1K1hrG0sQw7lDuF6KOQbMBe2o3n | PostmanRuntime/7.6.1 | <nil>" func=github.com/kataras/golog.integrateExternalLogger.func1 file="golog@v0.0.0-20180321173939-03be10146386/integration.go:28"
time="2019-04-19T22:21:34+08:00" level=error msg="[imooc.com/resk/apis/web.create.func1(web/account.go:87)] 用户的该类型账户已经存在：username=测试用户1[w123456-2],账户类型=0" func=imooc.com/resk/apis/web.create.func1 file="web/account.go:87"
time="2019-04-19T22:21:34+08:00" level=info msg="[github.com/kataras/golog.integrateExternalLogger.func1(golog@v0.0.0-20180321173939-03be10146386/integration.go:28)] | 2019-04-19.22:21:34.034678 | 99.69374ms | 200 | 127.0.0.1 | POST | /v1/account/create | PostmanRuntime/7.6.1 | <nil>" func=github.com/kataras/golog.integrateExternalLogger.func1 file="golog@v0.0.0-20180321173939-03be10146386/integration.go:28"
time="2019-04-19T22:21:44+08:00" level=info msg="[github.com/kataras/golog.integrateExternalLogger.func1(golog@v0.0.0-20180321173939-03be10146386/integration.go:28)] | 2019-04-19.22:21:44.149766 | 28.542803ms | 200 | 127.0.0.1 | GET | /v1/account/get/1K5YdR5Cng5FsBaF95fkcRJE08v | PostmanRuntime/7.6.1 | <nil>" func=github.com/kataras/golog.integrateExternalLogger.func1 file="golog@v0.0.0-20180321173939-03be10146386/integration.go:28"
time="2019-04-19T22:21:46+08:00" level=info msg="[github.com/kataras/golog.integrateExternalLogger.func1(golog@v0.0.0-20180321173939-03be10146386/integration.go:28)] | 2019-04-19.22:21:46.128577 | 24.220589ms | 200 | 127.0.0.1 | GET | /v1/account/get/1K5YdR5Cng5FsBaF95fkcRJE08v | PostmanRuntime/7.6.1 | <nil>" func=github.com/kataras/golog.integrateExternalLogger.func1 file="golog@v0.0.0-20180321173939-03be10146386/integration.go:28"
time="2019-04-19T22:21:46+08:00" level=info msg="[github.com/kataras/golog.integrateExternalLogger.func1(golog@v0.0.0-20180321173939-03be10146386/integration.go:28)] | 2019-04-19.22:21:46.996691 | 82.431938ms | 200 | 127.0.0.1 | GET | /v1/account/get/1K5YdR5Cng5FsBaF95fkcRJE08v | PostmanRuntime/7.6.1 | <nil>" func=github.com/kataras/golog.integrateExternalLogger.func1 file="golog@v0.0.0-20180321173939-03be10146386/integration.go:28"
time="2019-04-19T22:21:47+08:00" level=info msg="[github.com/kataras/golog.integrateExternalLogger.func1(golog@v0.0.0-20180321173939-03be10146386/integration.go:28)] | 2019-04-19.22:21:47.604662 | 143.870079ms | 200 | 127.0.0.1 | GET | /v1/account/get/1K5YdR5Cng5FsBaF95fkcRJE08v | PostmanRuntime/7.6.1 | <nil>" func=github.com/kataras/golog.integrateExternalLogger.func1 file="golog@v0.0.0-20180321173939-03be10146386/integration.go:28"
time="2019-04-19T22:21:47+08:00" level=info msg="[github.com/kataras/golog.integrateExternalLogger.func1(golog@v0.0.0-20180321173939-03be10146386/integration.go:28)] | 2019-04-19.22:21:47.858106 | 23.874427ms | 200 | 127.0.0.1 | GET | /v1/account/get/1K5YdR5Cng5FsBaF95fkcRJE08v | PostmanRuntime/7.6.1 | <nil>" func=github.com/kataras/golog.integrateExternalLogger.func1 file="golog@v0.0.0-20180321173939-03be10146386/integration.go:28"
time="2019-04-19T22:21:48+08:00" level=info msg="[github.com/kataras/golog.integrateExternalLogger.func1(golog@v0.0.0-20180321173939-03be10146386/integration.go:28)] | 2019-04-19.22:21:48.294032 | 66.318263ms | 200 | 127.0.0.1 | GET | /v1/account/get/1K5YdR5Cng5FsBaF95fkcRJE08v | PostmanRuntime/7.6.1 | <nil>" func=github.com/kataras/golog.integrateExternalLogger.func1 file="golog@v0.0.0-20180321173939-03be10146386/integration.go:28"
time="2019-04-19T22:21:54+08:00" level=info msg="[github.com/kataras/golog.integrateExternalLogger.func1(golog@v0.0.0-20180321173939-03be10146386/integration.go:28)] | 2019-04-19.22:21:54.086169 | 42.896363ms | 200 | 127.0.0.1 | GET | /v1/account/get/1K5YdR5Cng5FsBaF95fkcRJE08v | PostmanRuntime/7.6.1 | <nil>" func=github.com/kataras/golog.integrateExternalLogger.func1 file="golog@v0.0.0-20180321173939-03be10146386/integration.go:28"
time="2019-04-19T22:21:58+08:00" level=error msg="[imooc.com/resk/apis/web.create.func1(web/account.go:87)] 用户的该类型账户已经存在：username=测试用户1[w123456-2],账户类型=0" func=imooc.com/resk/apis/web.create.func1 file="web/account.go:87"
time="2019-04-19T22:21:58+08:00" level=info msg="[github.com/kataras/golog.integrateExternalLogger.func1(golog@v0.0.0-20180321173939-03be10146386/integration.go:28)] | 2019-04-19.22:21:58.386157 | 43.793683ms | 200 | 127.0.0.1 | POST | /v1/account/create | PostmanRuntime/7.6.1 | <nil>" func=github.com/kataras/golog.integrateExternalLogger.func1 file="golog@v0.0.0-20180321173939-03be10146386/integration.go:28"
time="2019-04-19T22:22:01+08:00" level=error msg="[github.com/kataras/golog.integrateExternalLogger.func1(golog@v0.0.0-20180321173939-03be10146386/integration.go:28)] http: Server closed" func=github.com/kataras/golog.integrateExternalLogger.func1 file="golog@v0.0.0-20180321173939-03be10146386/integration.go:28"
