time="2019-04-20T09:11:34+08:00" level=info msg="[imooc.com/resk/infra.(*BootApplication).init(infra/boot.go:34)] Initializing starters..." func="imooc.com/resk/infra.(*BootApplication).init" file="infra/boot.go:34"
time="2019-04-20T09:11:34+08:00" level=debug msg="[imooc.com/resk/infra.(*BootApplication).init(infra/boot.go:37)] Initializing: PriorityGroup=20,Priority=10000,type=*base.PropsStarter" func="imooc.com/resk/infra.(*BootApplication).init" file="infra/boot.go:37"
time="2019-04-20T09:11:34+08:00" level=info msg="[imooc.com/resk/infra/base.(*PropsStarter).Init(base/props.go:22)] 初始化配置." func="imooc.com/resk/infra/base.(*PropsStarter).Init" file="base/props.go:22"
time="2019-04-20T09:11:34+08:00" level=debug msg="[imooc.com/resk/infra.(*BootApplication).init(infra/boot.go:37)] Initializing: PriorityGroup=20,Priority=10000,type=*base.DbxDatabaseStarter" func="imooc.com/resk/infra.(*BootApplication).init" file="infra/boot.go:37"
time="2019-04-20T09:11:34+08:00" level=debug msg="[imooc.com/resk/infra.(*BootApplication).init(infra/boot.go:37)] Initializing: PriorityGroup=20,Priority=10000,type=*base.ValidatorStarter" func="imooc.com/resk/infra.(*BootApplication).init" file="infra/boot.go:37"
time="2019-04-20T09:11:34+08:00" level=debug msg="[imooc.com/resk/infra.(*BootApplication).init(infra/boot.go:37)] Initializing: PriorityGroup=20,Priority=10000,type=*infra.WebApiStarter" func="imooc.com/resk/infra.(*BootApplication).init" file="infra/boot.go:37"
time="2019-04-20T09:11:34+08:00" level=debug msg="[imooc.com/resk/infra.(*BootApplication).init(infra/boot.go:37)] Initializing: PriorityGroup=20,Priority=10000,type=*base.IrisServerStarter" func="imooc.com/resk/infra.(*BootApplication).init" file="infra/boot.go:37"
time="2019-04-20T09:11:34+08:00" level=info msg="[imooc.com/resk/infra.(*BootApplication).setup(infra/boot.go:45)] Setup starters..." func="imooc.com/resk/infra.(*BootApplication).setup" file="infra/boot.go:45"
time="2019-04-20T09:11:34+08:00" level=debug msg="[imooc.com/resk/infra.(*BootApplication).setup(infra/boot.go:48)] Setup: *base.PropsStarter" func="imooc.com/resk/infra.(*BootApplication).setup" file="infra/boot.go:48"
time="2019-04-20T09:11:34+08:00" level=debug msg="[imooc.com/resk/infra.(*BootApplication).setup(infra/boot.go:48)] Setup: *base.DbxDatabaseStarter" func="imooc.com/resk/infra.(*BootApplication).setup" file="infra/boot.go:48"
time="2019-04-20T09:11:34+08:00" level=info msg="[imooc.com/resk/infra/base.(*DbxDatabaseStarter).Setup(base/dbx.go:33)] mysql.conn url:po:***@tcp(192.168.232.175:3306)/po?charset=utf8&parseTime=true&loc=Local&" func="imooc.com/resk/infra/base.(*DbxDatabaseStarter).Setup" file="base/dbx.go:33"
time="2019-04-20T09:11:34+08:00" level=info msg="[imooc.com/resk/infra/base.(*DbxDatabaseStarter).Setup(base/dbx.go:38)] <nil>" func="imooc.com/resk/infra/base.(*DbxDatabaseStarter).Setup" file="base/dbx.go:38"
time="2019-04-20T09:11:34+08:00" level=debug msg="[imooc.com/resk/infra.(*BootApplication).setup(infra/boot.go:48)] Setup: *base.ValidatorStarter" func="imooc.com/resk/infra.(*BootApplication).setup" file="infra/boot.go:48"
time="2019-04-20T09:11:34+08:00" level=debug msg="[imooc.com/resk/infra.(*BootApplication).setup(infra/boot.go:48)] Setup: *infra.WebApiStarter" func="imooc.com/resk/infra.(*BootApplication).setup" file="infra/boot.go:48"
time="2019-04-20T09:11:34+08:00" level=debug msg="[imooc.com/resk/infra.(*BootApplication).setup(infra/boot.go:48)] Setup: *base.IrisServerStarter" func="imooc.com/resk/infra.(*BootApplication).setup" file="infra/boot.go:48"
time="2019-04-20T09:11:34+08:00" level=info msg="[imooc.com/resk/infra.(*BootApplication).start(infra/boot.go:57)] Starting starters..." func="imooc.com/resk/infra.(*BootApplication).start" file="infra/boot.go:57"
time="2019-04-20T09:11:34+08:00" level=debug msg="[imooc.com/resk/infra.(*BootApplication).start(infra/boot.go:61)] Starting: *base.PropsStarter" func="imooc.com/resk/infra.(*BootApplication).start" file="infra/boot.go:61"
time="2019-04-20T09:11:34+08:00" level=debug msg="[imooc.com/resk/infra.(*BootApplication).start(infra/boot.go:61)] Starting: *base.DbxDatabaseStarter" func="imooc.com/resk/infra.(*BootApplication).start" file="infra/boot.go:61"
time="2019-04-20T09:11:34+08:00" level=debug msg="[imooc.com/resk/infra.(*BootApplication).start(infra/boot.go:61)] Starting: *base.ValidatorStarter" func="imooc.com/resk/infra.(*BootApplication).start" file="infra/boot.go:61"
time="2019-04-20T09:11:34+08:00" level=debug msg="[imooc.com/resk/infra.(*BootApplication).start(infra/boot.go:61)] Starting: *infra.WebApiStarter" func="imooc.com/resk/infra.(*BootApplication).start" file="infra/boot.go:61"
time="2019-04-20T09:11:34+08:00" level=debug msg="[imooc.com/resk/infra.(*BootApplication).start(infra/boot.go:61)] Starting: *base.IrisServerStarter" func="imooc.com/resk/infra.(*BootApplication).start" file="infra/boot.go:61"
time="2019-04-20T09:11:34+08:00" level=info msg="[imooc.com/resk/infra/base.(*IrisServerStarter).Start(base/iris_server.go:42)] POST: /v1/account/create -> imooc.com/resk/apis/web.create() and 2 more" func="imooc.com/resk/infra/base.(*IrisServerStarter).Start" file="base/iris_server.go:42"
time="2019-04-20T09:11:34+08:00" level=info msg="[imooc.com/resk/infra/base.(*IrisServerStarter).Start(base/iris_server.go:42)] POST: /v1/account/transfer -> imooc.com/resk/apis/web.transfer() and 2 more" func="imooc.com/resk/infra/base.(*IrisServerStarter).Start" file="base/iris_server.go:42"
time="2019-04-20T09:11:34+08:00" level=info msg="[imooc.com/resk/infra/base.(*IrisServerStarter).Start(base/iris_server.go:42)] POST: /v1/account/envelope/get -> imooc.com/resk/apis/web.getEnvelopeAccount() and 2 more" func="imooc.com/resk/infra/base.(*IrisServerStarter).Start" file="base/iris_server.go:42"
time="2019-04-20T09:11:34+08:00" level=info msg="[imooc.com/resk/infra/base.(*IrisServerStarter).Start(base/iris_server.go:42)] POST: /v1/account/get -> imooc.com/resk/apis/web.getAccount() and 2 more" func="imooc.com/resk/infra/base.(*IrisServerStarter).Start" file="base/iris_server.go:42"
time="2019-04-20T09:11:34+08:00" level=debug msg="[github.com/kataras/golog.integrateExternalLogger.func1(golog@v0.0.0-20180321173939-03be10146386/integration.go:28)] POST: /v1/account/envelope/get -> imooc.com/resk/apis/web.getEnvelopeAccount() and 2 more" func=github.com/kataras/golog.integrateExternalLogger.func1 file="golog@v0.0.0-20180321173939-03be10146386/integration.go:28"
time="2019-04-20T09:11:34+08:00" level=debug msg="[github.com/kataras/golog.integrateExternalLogger.func1(golog@v0.0.0-20180321173939-03be10146386/integration.go:28)] POST: /v1/account/create -> imooc.com/resk/apis/web.create() and 2 more" func=github.com/kataras/golog.integrateExternalLogger.func1 file="golog@v0.0.0-20180321173939-03be10146386/integration.go:28"
time="2019-04-20T09:11:34+08:00" level=debug msg="[github.com/kataras/golog.integrateExternalLogger.func1(golog@v0.0.0-20180321173939-03be10146386/integration.go:28)] POST: /v1/account/transfer -> imooc.com/resk/apis/web.transfer() and 2 more" func=github.com/kataras/golog.integrateExternalLogger.func1 file="golog@v0.0.0-20180321173939-03be10146386/integration.go:28"
time="2019-04-20T09:11:34+08:00" level=debug msg="[github.com/kataras/golog.integrateExternalLogger.func1(golog@v0.0.0-20180321173939-03be10146386/integration.go:28)] POST: /v1/account/get -> imooc.com/resk/apis/web.getAccount() and 2 more" func=github.com/kataras/golog.integrateExternalLogger.func1 file="golog@v0.0.0-20180321173939-03be10146386/integration.go:28"
time="2019-04-20T09:11:34+08:00" level=debug msg="[github.com/kataras/golog.integrateExternalLogger.func1(golog@v0.0.0-20180321173939-03be10146386/integration.go:28)] Application: running using 1 host(s)" func=github.com/kataras/golog.integrateExternalLogger.func1 file="golog@v0.0.0-20180321173939-03be10146386/integration.go:28"
time="2019-04-20T09:11:34+08:00" level=debug msg="[github.com/kataras/golog.integrateExternalLogger.func1(golog@v0.0.0-20180321173939-03be10146386/integration.go:28)] Host: addr is :18080" func=github.com/kataras/golog.integrateExternalLogger.func1 file="golog@v0.0.0-20180321173939-03be10146386/integration.go:28"
time="2019-04-20T09:11:34+08:00" level=debug msg="[github.com/kataras/golog.integrateExternalLogger.func1(golog@v0.0.0-20180321173939-03be10146386/integration.go:28)] Host: virtual host is localhost:18080" func=github.com/kataras/golog.integrateExternalLogger.func1 file="golog@v0.0.0-20180321173939-03be10146386/integration.go:28"
time="2019-04-20T09:11:34+08:00" level=debug msg="[github.com/kataras/golog.integrateExternalLogger.func1(golog@v0.0.0-20180321173939-03be10146386/integration.go:28)] Host: register startup notifier" func=github.com/kataras/golog.integrateExternalLogger.func1 file="golog@v0.0.0-20180321173939-03be10146386/integration.go:28"
time="2019-04-20T09:11:34+08:00" level=debug msg="[github.com/kataras/golog.integrateExternalLogger.func1(golog@v0.0.0-20180321173939-03be10146386/integration.go:28)] Host: register server shutdown on interrupt(CTRL+C/CMD+C)" func=github.com/kataras/golog.integrateExternalLogger.func1 file="golog@v0.0.0-20180321173939-03be10146386/integration.go:28"
time="2019-04-20T09:12:41+08:00" level=error msg="[github.com/kataras/golog.integrateExternalLogger.func1(golog@v0.0.0-20180321173939-03be10146386/integration.go:28)] http: Server closed" func=github.com/kataras/golog.integrateExternalLogger.func1 file="golog@v0.0.0-20180321173939-03be10146386/integration.go:28"
time="2019-04-20T09:12:48+08:00" level=info msg="[imooc.com/resk/infra.(*BootApplication).init(infra/boot.go:34)] Initializing starters..." func="imooc.com/resk/infra.(*BootApplication).init" file="infra/boot.go:34"
time="2019-04-20T09:12:48+08:00" level=debug msg="[imooc.com/resk/infra.(*BootApplication).init(infra/boot.go:37)] Initializing: PriorityGroup=20,Priority=10000,type=*base.PropsStarter" func="imooc.com/resk/infra.(*BootApplication).init" file="infra/boot.go:37"
time="2019-04-20T09:12:48+08:00" level=info msg="[imooc.com/resk/infra/base.(*PropsStarter).Init(base/props.go:22)] 初始化配置." func="imooc.com/resk/infra/base.(*PropsStarter).Init" file="base/props.go:22"
time="2019-04-20T09:12:48+08:00" level=debug msg="[imooc.com/resk/infra.(*BootApplication).init(infra/boot.go:37)] Initializing: PriorityGroup=20,Priority=10000,type=*base.DbxDatabaseStarter" func="imooc.com/resk/infra.(*BootApplication).init" file="infra/boot.go:37"
time="2019-04-20T09:12:48+08:00" level=debug msg="[imooc.com/resk/infra.(*BootApplication).init(infra/boot.go:37)] Initializing: PriorityGroup=20,Priority=10000,type=*base.ValidatorStarter" func="imooc.com/resk/infra.(*BootApplication).init" file="infra/boot.go:37"
time="2019-04-20T09:12:48+08:00" level=debug msg="[imooc.com/resk/infra.(*BootApplication).init(infra/boot.go:37)] Initializing: PriorityGroup=20,Priority=10000,type=*infra.WebApiStarter" func="imooc.com/resk/infra.(*BootApplication).init" file="infra/boot.go:37"
time="2019-04-20T09:12:48+08:00" level=debug msg="[imooc.com/resk/infra.(*BootApplication).init(infra/boot.go:37)] Initializing: PriorityGroup=20,Priority=10000,type=*base.IrisServerStarter" func="imooc.com/resk/infra.(*BootApplication).init" file="infra/boot.go:37"
time="2019-04-20T09:12:48+08:00" level=info msg="[imooc.com/resk/infra.(*BootApplication).setup(infra/boot.go:45)] Setup starters..." func="imooc.com/resk/infra.(*BootApplication).setup" file="infra/boot.go:45"
time="2019-04-20T09:12:48+08:00" level=debug msg="[imooc.com/resk/infra.(*BootApplication).setup(infra/boot.go:48)] Setup: *base.PropsStarter" func="imooc.com/resk/infra.(*BootApplication).setup" file="infra/boot.go:48"
time="2019-04-20T09:12:48+08:00" level=debug msg="[imooc.com/resk/infra.(*BootApplication).setup(infra/boot.go:48)] Setup: *base.DbxDatabaseStarter" func="imooc.com/resk/infra.(*BootApplication).setup" file="infra/boot.go:48"
time="2019-04-20T09:12:48+08:00" level=info msg="[imooc.com/resk/infra/base.(*DbxDatabaseStarter).Setup(base/dbx.go:33)] mysql.conn url:po:***@tcp(192.168.232.175:3306)/po?loc=Local&charset=utf8&parseTime=true&" func="imooc.com/resk/infra/base.(*DbxDatabaseStarter).Setup" file="base/dbx.go:33"
time="2019-04-20T09:12:48+08:00" level=info msg="[imooc.com/resk/infra/base.(*DbxDatabaseStarter).Setup(base/dbx.go:38)] <nil>" func="imooc.com/resk/infra/base.(*DbxDatabaseStarter).Setup" file="base/dbx.go:38"
time="2019-04-20T09:12:48+08:00" level=debug msg="[imooc.com/resk/infra.(*BootApplication).setup(infra/boot.go:48)] Setup: *base.ValidatorStarter" func="imooc.com/resk/infra.(*BootApplication).setup" file="infra/boot.go:48"
time="2019-04-20T09:12:48+08:00" level=debug msg="[imooc.com/resk/infra.(*BootApplication).setup(infra/boot.go:48)] Setup: *infra.WebApiStarter" func="imooc.com/resk/infra.(*BootApplication).setup" file="infra/boot.go:48"
time="2019-04-20T09:12:48+08:00" level=debug msg="[imooc.com/resk/infra.(*BootApplication).setup(infra/boot.go:48)] Setup: *base.IrisServerStarter" func="imooc.com/resk/infra.(*BootApplication).setup" file="infra/boot.go:48"
time="2019-04-20T09:12:48+08:00" level=info msg="[imooc.com/resk/infra.(*BootApplication).start(infra/boot.go:57)] Starting starters..." func="imooc.com/resk/infra.(*BootApplication).start" file="infra/boot.go:57"
time="2019-04-20T09:12:48+08:00" level=debug msg="[imooc.com/resk/infra.(*BootApplication).start(infra/boot.go:61)] Starting: *base.PropsStarter" func="imooc.com/resk/infra.(*BootApplication).start" file="infra/boot.go:61"
time="2019-04-20T09:12:48+08:00" level=debug msg="[imooc.com/resk/infra.(*BootApplication).start(infra/boot.go:61)] Starting: *base.DbxDatabaseStarter" func="imooc.com/resk/infra.(*BootApplication).start" file="infra/boot.go:61"
time="2019-04-20T09:12:48+08:00" level=debug msg="[imooc.com/resk/infra.(*BootApplication).start(infra/boot.go:61)] Starting: *base.ValidatorStarter" func="imooc.com/resk/infra.(*BootApplication).start" file="infra/boot.go:61"
time="2019-04-20T09:12:48+08:00" level=debug msg="[imooc.com/resk/infra.(*BootApplication).start(infra/boot.go:61)] Starting: *infra.WebApiStarter" func="imooc.com/resk/infra.(*BootApplication).start" file="infra/boot.go:61"
time="2019-04-20T09:12:48+08:00" level=debug msg="[imooc.com/resk/infra.(*BootApplication).start(infra/boot.go:61)] Starting: *base.IrisServerStarter" func="imooc.com/resk/infra.(*BootApplication).start" file="infra/boot.go:61"
time="2019-04-20T09:12:48+08:00" level=info msg="[imooc.com/resk/infra/base.(*IrisServerStarter).Start(base/iris_server.go:42)] POST: /v1/account/create -> imooc.com/resk/apis/web.create() and 2 more" func="imooc.com/resk/infra/base.(*IrisServerStarter).Start" file="base/iris_server.go:42"
time="2019-04-20T09:12:48+08:00" level=info msg="[imooc.com/resk/infra/base.(*IrisServerStarter).Start(base/iris_server.go:42)] POST: /v1/account/transfer -> imooc.com/resk/apis/web.transfer() and 2 more" func="imooc.com/resk/infra/base.(*IrisServerStarter).Start" file="base/iris_server.go:42"
time="2019-04-20T09:12:48+08:00" level=info msg="[imooc.com/resk/infra/base.(*IrisServerStarter).Start(base/iris_server.go:42)] POST: /v1/account/envelope/get -> imooc.com/resk/apis/web.getEnvelopeAccount() and 2 more" func="imooc.com/resk/infra/base.(*IrisServerStarter).Start" file="base/iris_server.go:42"
time="2019-04-20T09:12:48+08:00" level=info msg="[imooc.com/resk/infra/base.(*IrisServerStarter).Start(base/iris_server.go:42)] POST: /v1/account/get -> imooc.com/resk/apis/web.getAccount() and 2 more" func="imooc.com/resk/infra/base.(*IrisServerStarter).Start" file="base/iris_server.go:42"
time="2019-04-20T09:12:48+08:00" level=debug msg="[github.com/kataras/golog.integrateExternalLogger.func1(golog@v0.0.0-20180321173939-03be10146386/integration.go:28)] POST: /v1/account/envelope/get -> imooc.com/resk/apis/web.getEnvelopeAccount() and 2 more" func=github.com/kataras/golog.integrateExternalLogger.func1 file="golog@v0.0.0-20180321173939-03be10146386/integration.go:28"
time="2019-04-20T09:12:48+08:00" level=debug msg="[github.com/kataras/golog.integrateExternalLogger.func1(golog@v0.0.0-20180321173939-03be10146386/integration.go:28)] POST: /v1/account/create -> imooc.com/resk/apis/web.create() and 2 more" func=github.com/kataras/golog.integrateExternalLogger.func1 file="golog@v0.0.0-20180321173939-03be10146386/integration.go:28"
time="2019-04-20T09:12:48+08:00" level=debug msg="[github.com/kataras/golog.integrateExternalLogger.func1(golog@v0.0.0-20180321173939-03be10146386/integration.go:28)] POST: /v1/account/transfer -> imooc.com/resk/apis/web.transfer() and 2 more" func=github.com/kataras/golog.integrateExternalLogger.func1 file="golog@v0.0.0-20180321173939-03be10146386/integration.go:28"
time="2019-04-20T09:12:48+08:00" level=debug msg="[github.com/kataras/golog.integrateExternalLogger.func1(golog@v0.0.0-20180321173939-03be10146386/integration.go:28)] POST: /v1/account/get -> imooc.com/resk/apis/web.getAccount() and 2 more" func=github.com/kataras/golog.integrateExternalLogger.func1 file="golog@v0.0.0-20180321173939-03be10146386/integration.go:28"
time="2019-04-20T09:12:48+08:00" level=debug msg="[github.com/kataras/golog.integrateExternalLogger.func1(golog@v0.0.0-20180321173939-03be10146386/integration.go:28)] Application: running using 1 host(s)" func=github.com/kataras/golog.integrateExternalLogger.func1 file="golog@v0.0.0-20180321173939-03be10146386/integration.go:28"
time="2019-04-20T09:12:48+08:00" level=debug msg="[github.com/kataras/golog.integrateExternalLogger.func1(golog@v0.0.0-20180321173939-03be10146386/integration.go:28)] Host: addr is :18080" func=github.com/kataras/golog.integrateExternalLogger.func1 file="golog@v0.0.0-20180321173939-03be10146386/integration.go:28"
time="2019-04-20T09:12:48+08:00" level=debug msg="[github.com/kataras/golog.integrateExternalLogger.func1(golog@v0.0.0-20180321173939-03be10146386/integration.go:28)] Host: virtual host is localhost:18080" func=github.com/kataras/golog.integrateExternalLogger.func1 file="golog@v0.0.0-20180321173939-03be10146386/integration.go:28"
time="2019-04-20T09:12:48+08:00" level=debug msg="[github.com/kataras/golog.integrateExternalLogger.func1(golog@v0.0.0-20180321173939-03be10146386/integration.go:28)] Host: register startup notifier" func=github.com/kataras/golog.integrateExternalLogger.func1 file="golog@v0.0.0-20180321173939-03be10146386/integration.go:28"
time="2019-04-20T09:12:48+08:00" level=debug msg="[github.com/kataras/golog.integrateExternalLogger.func1(golog@v0.0.0-20180321173939-03be10146386/integration.go:28)] Host: register server shutdown on interrupt(CTRL+C/CMD+C)" func=github.com/kataras/golog.integrateExternalLogger.func1 file="golog@v0.0.0-20180321173939-03be10146386/integration.go:28"
time="2019-04-20T09:13:29+08:00" level=error msg="[github.com/kataras/golog.integrateExternalLogger.func1(golog@v0.0.0-20180321173939-03be10146386/integration.go:28)] http: Server closed" func=github.com/kataras/golog.integrateExternalLogger.func1 file="golog@v0.0.0-20180321173939-03be10146386/integration.go:28"
time="2019-04-20T09:13:35+08:00" level=info msg="[imooc.com/resk/infra.(*BootApplication).init(infra/boot.go:34)] Initializing starters..." func="imooc.com/resk/infra.(*BootApplication).init" file="infra/boot.go:34"
time="2019-04-20T09:13:35+08:00" level=debug msg="[imooc.com/resk/infra.(*BootApplication).init(infra/boot.go:37)] Initializing: PriorityGroup=20,Priority=10000,type=*base.PropsStarter" func="imooc.com/resk/infra.(*BootApplication).init" file="infra/boot.go:37"
time="2019-04-20T09:13:35+08:00" level=info msg="[imooc.com/resk/infra/base.(*PropsStarter).Init(base/props.go:22)] 初始化配置." func="imooc.com/resk/infra/base.(*PropsStarter).Init" file="base/props.go:22"
time="2019-04-20T09:13:35+08:00" level=debug msg="[imooc.com/resk/infra.(*BootApplication).init(infra/boot.go:37)] Initializing: PriorityGroup=20,Priority=10000,type=*base.DbxDatabaseStarter" func="imooc.com/resk/infra.(*BootApplication).init" file="infra/boot.go:37"
time="2019-04-20T09:13:35+08:00" level=debug msg="[imooc.com/resk/infra.(*BootApplication).init(infra/boot.go:37)] Initializing: PriorityGroup=20,Priority=10000,type=*base.ValidatorStarter" func="imooc.com/resk/infra.(*BootApplication).init" file="infra/boot.go:37"
time="2019-04-20T09:13:35+08:00" level=debug msg="[imooc.com/resk/infra.(*BootApplication).init(infra/boot.go:37)] Initializing: PriorityGroup=20,Priority=10000,type=*infra.WebApiStarter" func="imooc.com/resk/infra.(*BootApplication).init" file="infra/boot.go:37"
time="2019-04-20T09:13:35+08:00" level=debug msg="[imooc.com/resk/infra.(*BootApplication).init(infra/boot.go:37)] Initializing: PriorityGroup=20,Priority=10000,type=*base.IrisServerStarter" func="imooc.com/resk/infra.(*BootApplication).init" file="infra/boot.go:37"
time="2019-04-20T09:13:35+08:00" level=info msg="[imooc.com/resk/infra.(*BootApplication).setup(infra/boot.go:45)] Setup starters..." func="imooc.com/resk/infra.(*BootApplication).setup" file="infra/boot.go:45"
time="2019-04-20T09:13:35+08:00" level=debug msg="[imooc.com/resk/infra.(*BootApplication).setup(infra/boot.go:48)] Setup: *base.PropsStarter" func="imooc.com/resk/infra.(*BootApplication).setup" file="infra/boot.go:48"
time="2019-04-20T09:13:35+08:00" level=debug msg="[imooc.com/resk/infra.(*BootApplication).setup(infra/boot.go:48)] Setup: *base.DbxDatabaseStarter" func="imooc.com/resk/infra.(*BootApplication).setup" file="infra/boot.go:48"
time="2019-04-20T09:13:35+08:00" level=info msg="[imooc.com/resk/infra/base.(*DbxDatabaseStarter).Setup(base/dbx.go:33)] mysql.conn url:po:***@tcp(192.168.232.175:3306)/po?loc=Local&parseTime=true&charset=utf8&" func="imooc.com/resk/infra/base.(*DbxDatabaseStarter).Setup" file="base/dbx.go:33"
time="2019-04-20T09:13:35+08:00" level=info msg="[imooc.com/resk/infra/base.(*DbxDatabaseStarter).Setup(base/dbx.go:38)] <nil>" func="imooc.com/resk/infra/base.(*DbxDatabaseStarter).Setup" file="base/dbx.go:38"
time="2019-04-20T09:13:35+08:00" level=debug msg="[imooc.com/resk/infra.(*BootApplication).setup(infra/boot.go:48)] Setup: *base.ValidatorStarter" func="imooc.com/resk/infra.(*BootApplication).setup" file="infra/boot.go:48"
time="2019-04-20T09:13:35+08:00" level=debug msg="[imooc.com/resk/infra.(*BootApplication).setup(infra/boot.go:48)] Setup: *infra.WebApiStarter" func="imooc.com/resk/infra.(*BootApplication).setup" file="infra/boot.go:48"
time="2019-04-20T09:13:35+08:00" level=debug msg="[imooc.com/resk/infra.(*BootApplication).setup(infra/boot.go:48)] Setup: *base.IrisServerStarter" func="imooc.com/resk/infra.(*BootApplication).setup" file="infra/boot.go:48"
time="2019-04-20T09:13:35+08:00" level=info msg="[imooc.com/resk/infra.(*BootApplication).start(infra/boot.go:57)] Starting starters..." func="imooc.com/resk/infra.(*BootApplication).start" file="infra/boot.go:57"
time="2019-04-20T09:13:35+08:00" level=debug msg="[imooc.com/resk/infra.(*BootApplication).start(infra/boot.go:61)] Starting: *base.PropsStarter" func="imooc.com/resk/infra.(*BootApplication).start" file="infra/boot.go:61"
time="2019-04-20T09:13:35+08:00" level=debug msg="[imooc.com/resk/infra.(*BootApplication).start(infra/boot.go:61)] Starting: *base.DbxDatabaseStarter" func="imooc.com/resk/infra.(*BootApplication).start" file="infra/boot.go:61"
time="2019-04-20T09:13:35+08:00" level=debug msg="[imooc.com/resk/infra.(*BootApplication).start(infra/boot.go:61)] Starting: *base.ValidatorStarter" func="imooc.com/resk/infra.(*BootApplication).start" file="infra/boot.go:61"
time="2019-04-20T09:13:35+08:00" level=debug msg="[imooc.com/resk/infra.(*BootApplication).start(infra/boot.go:61)] Starting: *infra.WebApiStarter" func="imooc.com/resk/infra.(*BootApplication).start" file="infra/boot.go:61"
time="2019-04-20T09:13:35+08:00" level=debug msg="[imooc.com/resk/infra.(*BootApplication).start(infra/boot.go:61)] Starting: *base.IrisServerStarter" func="imooc.com/resk/infra.(*BootApplication).start" file="infra/boot.go:61"
time="2019-04-20T09:13:35+08:00" level=info msg="[imooc.com/resk/infra/base.(*IrisServerStarter).Start(base/iris_server.go:42)] POST: /v1/account/create -> imooc.com/resk/apis/web.createHandler() and 2 more" func="imooc.com/resk/infra/base.(*IrisServerStarter).Start" file="base/iris_server.go:42"
time="2019-04-20T09:13:35+08:00" level=info msg="[imooc.com/resk/infra/base.(*IrisServerStarter).Start(base/iris_server.go:42)] POST: /v1/account/transfer -> imooc.com/resk/apis/web.transferHandler() and 2 more" func="imooc.com/resk/infra/base.(*IrisServerStarter).Start" file="base/iris_server.go:42"
time="2019-04-20T09:13:35+08:00" level=info msg="[imooc.com/resk/infra/base.(*IrisServerStarter).Start(base/iris_server.go:42)] POST: /v1/account/envelope/get -> imooc.com/resk/apis/web.getEnvelopeAccountHandler() and 2 more" func="imooc.com/resk/infra/base.(*IrisServerStarter).Start" file="base/iris_server.go:42"
time="2019-04-20T09:13:35+08:00" level=info msg="[imooc.com/resk/infra/base.(*IrisServerStarter).Start(base/iris_server.go:42)] POST: /v1/account/get -> imooc.com/resk/apis/web.getAccountHandler() and 2 more" func="imooc.com/resk/infra/base.(*IrisServerStarter).Start" file="base/iris_server.go:42"
time="2019-04-20T09:13:35+08:00" level=debug msg="[github.com/kataras/golog.integrateExternalLogger.func1(golog@v0.0.0-20180321173939-03be10146386/integration.go:28)] POST: /v1/account/envelope/get -> imooc.com/resk/apis/web.getEnvelopeAccountHandler() and 2 more" func=github.com/kataras/golog.integrateExternalLogger.func1 file="golog@v0.0.0-20180321173939-03be10146386/integration.go:28"
time="2019-04-20T09:13:35+08:00" level=debug msg="[github.com/kataras/golog.integrateExternalLogger.func1(golog@v0.0.0-20180321173939-03be10146386/integration.go:28)] POST: /v1/account/create -> imooc.com/resk/apis/web.createHandler() and 2 more" func=github.com/kataras/golog.integrateExternalLogger.func1 file="golog@v0.0.0-20180321173939-03be10146386/integration.go:28"
time="2019-04-20T09:13:35+08:00" level=debug msg="[github.com/kataras/golog.integrateExternalLogger.func1(golog@v0.0.0-20180321173939-03be10146386/integration.go:28)] POST: /v1/account/transfer -> imooc.com/resk/apis/web.transferHandler() and 2 more" func=github.com/kataras/golog.integrateExternalLogger.func1 file="golog@v0.0.0-20180321173939-03be10146386/integration.go:28"
time="2019-04-20T09:13:35+08:00" level=debug msg="[github.com/kataras/golog.integrateExternalLogger.func1(golog@v0.0.0-20180321173939-03be10146386/integration.go:28)] POST: /v1/account/get -> imooc.com/resk/apis/web.getAccountHandler() and 2 more" func=github.com/kataras/golog.integrateExternalLogger.func1 file="golog@v0.0.0-20180321173939-03be10146386/integration.go:28"
time="2019-04-20T09:13:35+08:00" level=debug msg="[github.com/kataras/golog.integrateExternalLogger.func1(golog@v0.0.0-20180321173939-03be10146386/integration.go:28)] Application: running using 1 host(s)" func=github.com/kataras/golog.integrateExternalLogger.func1 file="golog@v0.0.0-20180321173939-03be10146386/integration.go:28"
time="2019-04-20T09:13:35+08:00" level=debug msg="[github.com/kataras/golog.integrateExternalLogger.func1(golog@v0.0.0-20180321173939-03be10146386/integration.go:28)] Host: addr is :18080" func=github.com/kataras/golog.integrateExternalLogger.func1 file="golog@v0.0.0-20180321173939-03be10146386/integration.go:28"
time="2019-04-20T09:13:35+08:00" level=debug msg="[github.com/kataras/golog.integrateExternalLogger.func1(golog@v0.0.0-20180321173939-03be10146386/integration.go:28)] Host: virtual host is localhost:18080" func=github.com/kataras/golog.integrateExternalLogger.func1 file="golog@v0.0.0-20180321173939-03be10146386/integration.go:28"
time="2019-04-20T09:13:35+08:00" level=debug msg="[github.com/kataras/golog.integrateExternalLogger.func1(golog@v0.0.0-20180321173939-03be10146386/integration.go:28)] Host: register startup notifier" func=github.com/kataras/golog.integrateExternalLogger.func1 file="golog@v0.0.0-20180321173939-03be10146386/integration.go:28"
time="2019-04-20T09:13:35+08:00" level=debug msg="[github.com/kataras/golog.integrateExternalLogger.func1(golog@v0.0.0-20180321173939-03be10146386/integration.go:28)] Host: register server shutdown on interrupt(CTRL+C/CMD+C)" func=github.com/kataras/golog.integrateExternalLogger.func1 file="golog@v0.0.0-20180321173939-03be10146386/integration.go:28"
time="2019-04-20T09:14:50+08:00" level=error msg="[imooc.com/resk/apis/web.createHandler(web/account.go:79)] 用户的该类型账户已经存在：username=测试用户1[w123456-2],账户类型=0" func=imooc.com/resk/apis/web.createHandler file="web/account.go:79"
time="2019-04-20T09:14:50+08:00" level=info msg="[github.com/kataras/golog.integrateExternalLogger.func1(golog@v0.0.0-20180321173939-03be10146386/integration.go:28)] | 2019-04-20.09:14:50.402508 | 33.765164ms | 200 | 127.0.0.1 | POST | /v1/account/create | PostmanRuntime/7.6.1 | <nil>" func=github.com/kataras/golog.integrateExternalLogger.func1 file="golog@v0.0.0-20180321173939-03be10146386/integration.go:28"
time="2019-04-20T09:16:01+08:00" level=error msg="[github.com/kataras/golog.integrateExternalLogger.func1(golog@v0.0.0-20180321173939-03be10146386/integration.go:28)] http: Server closed" func=github.com/kataras/golog.integrateExternalLogger.func1 file="golog@v0.0.0-20180321173939-03be10146386/integration.go:28"
time="2019-04-20T09:16:06+08:00" level=info msg="[imooc.com/resk/infra.(*BootApplication).init(infra/boot.go:34)] Initializing starters..." func="imooc.com/resk/infra.(*BootApplication).init" file="infra/boot.go:34"
time="2019-04-20T09:16:06+08:00" level=debug msg="[imooc.com/resk/infra.(*BootApplication).init(infra/boot.go:37)] Initializing: PriorityGroup=20,Priority=10000,type=*base.PropsStarter" func="imooc.com/resk/infra.(*BootApplication).init" file="infra/boot.go:37"
time="2019-04-20T09:16:06+08:00" level=info msg="[imooc.com/resk/infra/base.(*PropsStarter).Init(base/props.go:22)] 初始化配置." func="imooc.com/resk/infra/base.(*PropsStarter).Init" file="base/props.go:22"
time="2019-04-20T09:16:06+08:00" level=debug msg="[imooc.com/resk/infra.(*BootApplication).init(infra/boot.go:37)] Initializing: PriorityGroup=20,Priority=10000,type=*base.DbxDatabaseStarter" func="imooc.com/resk/infra.(*BootApplication).init" file="infra/boot.go:37"
time="2019-04-20T09:16:06+08:00" level=debug msg="[imooc.com/resk/infra.(*BootApplication).init(infra/boot.go:37)] Initializing: PriorityGroup=20,Priority=10000,type=*base.ValidatorStarter" func="imooc.com/resk/infra.(*BootApplication).init" file="infra/boot.go:37"
time="2019-04-20T09:16:06+08:00" level=debug msg="[imooc.com/resk/infra.(*BootApplication).init(infra/boot.go:37)] Initializing: PriorityGroup=20,Priority=10000,type=*infra.WebApiStarter" func="imooc.com/resk/infra.(*BootApplication).init" file="infra/boot.go:37"
time="2019-04-20T09:16:06+08:00" level=debug msg="[imooc.com/resk/infra.(*BootApplication).init(infra/boot.go:37)] Initializing: PriorityGroup=20,Priority=10000,type=*base.IrisServerStarter" func="imooc.com/resk/infra.(*BootApplication).init" file="infra/boot.go:37"
time="2019-04-20T09:16:06+08:00" level=info msg="[imooc.com/resk/infra.(*BootApplication).setup(infra/boot.go:45)] Setup starters..." func="imooc.com/resk/infra.(*BootApplication).setup" file="infra/boot.go:45"
time="2019-04-20T09:16:06+08:00" level=debug msg="[imooc.com/resk/infra.(*BootApplication).setup(infra/boot.go:48)] Setup: *base.PropsStarter" func="imooc.com/resk/infra.(*BootApplication).setup" file="infra/boot.go:48"
time="2019-04-20T09:16:06+08:00" level=debug msg="[imooc.com/resk/infra.(*BootApplication).setup(infra/boot.go:48)] Setup: *base.DbxDatabaseStarter" func="imooc.com/resk/infra.(*BootApplication).setup" file="infra/boot.go:48"
time="2019-04-20T09:16:06+08:00" level=info msg="[imooc.com/resk/infra/base.(*DbxDatabaseStarter).Setup(base/dbx.go:33)] mysql.conn url:po:***@tcp(192.168.232.175:3306)/po?parseTime=true&charset=utf8&loc=Local&" func="imooc.com/resk/infra/base.(*DbxDatabaseStarter).Setup" file="base/dbx.go:33"
time="2019-04-20T09:16:06+08:00" level=info msg="[imooc.com/resk/infra/base.(*DbxDatabaseStarter).Setup(base/dbx.go:38)] <nil>" func="imooc.com/resk/infra/base.(*DbxDatabaseStarter).Setup" file="base/dbx.go:38"
time="2019-04-20T09:16:06+08:00" level=debug msg="[imooc.com/resk/infra.(*BootApplication).setup(infra/boot.go:48)] Setup: *base.ValidatorStarter" func="imooc.com/resk/infra.(*BootApplication).setup" file="infra/boot.go:48"
time="2019-04-20T09:16:06+08:00" level=debug msg="[imooc.com/resk/infra.(*BootApplication).setup(infra/boot.go:48)] Setup: *infra.WebApiStarter" func="imooc.com/resk/infra.(*BootApplication).setup" file="infra/boot.go:48"
time="2019-04-20T09:16:06+08:00" level=debug msg="[imooc.com/resk/infra.(*BootApplication).setup(infra/boot.go:48)] Setup: *base.IrisServerStarter" func="imooc.com/resk/infra.(*BootApplication).setup" file="infra/boot.go:48"
time="2019-04-20T09:16:06+08:00" level=info msg="[imooc.com/resk/infra.(*BootApplication).start(infra/boot.go:57)] Starting starters..." func="imooc.com/resk/infra.(*BootApplication).start" file="infra/boot.go:57"
time="2019-04-20T09:16:06+08:00" level=debug msg="[imooc.com/resk/infra.(*BootApplication).start(infra/boot.go:61)] Starting: *base.PropsStarter" func="imooc.com/resk/infra.(*BootApplication).start" file="infra/boot.go:61"
time="2019-04-20T09:16:06+08:00" level=debug msg="[imooc.com/resk/infra.(*BootApplication).start(infra/boot.go:61)] Starting: *base.DbxDatabaseStarter" func="imooc.com/resk/infra.(*BootApplication).start" file="infra/boot.go:61"
time="2019-04-20T09:16:06+08:00" level=debug msg="[imooc.com/resk/infra.(*BootApplication).start(infra/boot.go:61)] Starting: *base.ValidatorStarter" func="imooc.com/resk/infra.(*BootApplication).start" file="infra/boot.go:61"
time="2019-04-20T09:16:06+08:00" level=debug msg="[imooc.com/resk/infra.(*BootApplication).start(infra/boot.go:61)] Starting: *infra.WebApiStarter" func="imooc.com/resk/infra.(*BootApplication).start" file="infra/boot.go:61"
time="2019-04-20T09:16:06+08:00" level=debug msg="[imooc.com/resk/infra.(*BootApplication).start(infra/boot.go:61)] Starting: *base.IrisServerStarter" func="imooc.com/resk/infra.(*BootApplication).start" file="infra/boot.go:61"
time="2019-04-20T09:16:06+08:00" level=info msg="[imooc.com/resk/infra/base.(*IrisServerStarter).Start(base/iris_server.go:42)] POST: /v1/account/create -> imooc.com/resk/apis/web.createHandler() and 2 more" func="imooc.com/resk/infra/base.(*IrisServerStarter).Start" file="base/iris_server.go:42"
time="2019-04-20T09:16:06+08:00" level=info msg="[imooc.com/resk/infra/base.(*IrisServerStarter).Start(base/iris_server.go:42)] POST: /v1/account/transfer -> imooc.com/resk/apis/web.transferHandler() and 2 more" func="imooc.com/resk/infra/base.(*IrisServerStarter).Start" file="base/iris_server.go:42"
time="2019-04-20T09:16:06+08:00" level=info msg="[imooc.com/resk/infra/base.(*IrisServerStarter).Start(base/iris_server.go:42)] GET: /v1/account/envelope/get -> imooc.com/resk/apis/web.getEnvelopeAccountHandler() and 2 more" func="imooc.com/resk/infra/base.(*IrisServerStarter).Start" file="base/iris_server.go:42"
time="2019-04-20T09:16:06+08:00" level=info msg="[imooc.com/resk/infra/base.(*IrisServerStarter).Start(base/iris_server.go:42)] GET: /v1/account/get -> imooc.com/resk/apis/web.getAccountHandler() and 2 more" func="imooc.com/resk/infra/base.(*IrisServerStarter).Start" file="base/iris_server.go:42"
time="2019-04-20T09:16:06+08:00" level=debug msg="[github.com/kataras/golog.integrateExternalLogger.func1(golog@v0.0.0-20180321173939-03be10146386/integration.go:28)] POST: /v1/account/create -> imooc.com/resk/apis/web.createHandler() and 2 more" func=github.com/kataras/golog.integrateExternalLogger.func1 file="golog@v0.0.0-20180321173939-03be10146386/integration.go:28"
time="2019-04-20T09:16:06+08:00" level=debug msg="[github.com/kataras/golog.integrateExternalLogger.func1(golog@v0.0.0-20180321173939-03be10146386/integration.go:28)] POST: /v1/account/transfer -> imooc.com/resk/apis/web.transferHandler() and 2 more" func=github.com/kataras/golog.integrateExternalLogger.func1 file="golog@v0.0.0-20180321173939-03be10146386/integration.go:28"
time="2019-04-20T09:16:06+08:00" level=debug msg="[github.com/kataras/golog.integrateExternalLogger.func1(golog@v0.0.0-20180321173939-03be10146386/integration.go:28)] GET: /v1/account/envelope/get -> imooc.com/resk/apis/web.getEnvelopeAccountHandler() and 2 more" func=github.com/kataras/golog.integrateExternalLogger.func1 file="golog@v0.0.0-20180321173939-03be10146386/integration.go:28"
time="2019-04-20T09:16:06+08:00" level=debug msg="[github.com/kataras/golog.integrateExternalLogger.func1(golog@v0.0.0-20180321173939-03be10146386/integration.go:28)] GET: /v1/account/get -> imooc.com/resk/apis/web.getAccountHandler() and 2 more" func=github.com/kataras/golog.integrateExternalLogger.func1 file="golog@v0.0.0-20180321173939-03be10146386/integration.go:28"
time="2019-04-20T09:16:06+08:00" level=debug msg="[github.com/kataras/golog.integrateExternalLogger.func1(golog@v0.0.0-20180321173939-03be10146386/integration.go:28)] Application: running using 1 host(s)" func=github.com/kataras/golog.integrateExternalLogger.func1 file="golog@v0.0.0-20180321173939-03be10146386/integration.go:28"
time="2019-04-20T09:16:06+08:00" level=debug msg="[github.com/kataras/golog.integrateExternalLogger.func1(golog@v0.0.0-20180321173939-03be10146386/integration.go:28)] Host: addr is :18080" func=github.com/kataras/golog.integrateExternalLogger.func1 file="golog@v0.0.0-20180321173939-03be10146386/integration.go:28"
time="2019-04-20T09:16:06+08:00" level=debug msg="[github.com/kataras/golog.integrateExternalLogger.func1(golog@v0.0.0-20180321173939-03be10146386/integration.go:28)] Host: virtual host is localhost:18080" func=github.com/kataras/golog.integrateExternalLogger.func1 file="golog@v0.0.0-20180321173939-03be10146386/integration.go:28"
time="2019-04-20T09:16:06+08:00" level=debug msg="[github.com/kataras/golog.integrateExternalLogger.func1(golog@v0.0.0-20180321173939-03be10146386/integration.go:28)] Host: register startup notifier" func=github.com/kataras/golog.integrateExternalLogger.func1 file="golog@v0.0.0-20180321173939-03be10146386/integration.go:28"
time="2019-04-20T09:16:06+08:00" level=debug msg="[github.com/kataras/golog.integrateExternalLogger.func1(golog@v0.0.0-20180321173939-03be10146386/integration.go:28)] Host: register server shutdown on interrupt(CTRL+C/CMD+C)" func=github.com/kataras/golog.integrateExternalLogger.func1 file="golog@v0.0.0-20180321173939-03be10146386/integration.go:28"
time="2019-04-20T09:16:09+08:00" level=info msg="[github.com/kataras/golog.integrateExternalLogger.func1(golog@v0.0.0-20180321173939-03be10146386/integration.go:28)] | 2019-04-20.09:16:09.447363 | 26.292163ms | 200 | 127.0.0.1 | GET | /v1/account/get?accountNo=1K5YdR5Cng5FsBaF95fkcRJE08v | PostmanRuntime/7.6.1 | <nil>" func=github.com/kataras/golog.integrateExternalLogger.func1 file="golog@v0.0.0-20180321173939-03be10146386/integration.go:28"
